TN:
SF:src/health-check.ts
FN:19,performHealthCheck
FN:34,(anonymous_1)
FN:54,healthCheck
FN:71,(anonymous_3)
FNF:4
FNH:2
FNDA:2,performHealthCheck
FNDA:8,(anonymous_1)
FNDA:0,healthCheck
FNDA:0,(anonymous_3)
DA:8,1
DA:19,1
DA:20,2
DA:21,2
DA:22,2
DA:25,2
DA:28,2
DA:31,2
DA:34,2
DA:35,8
DA:38,2
DA:43,0
DA:54,1
DA:55,0
DA:57,0
DA:58,0
DA:59,0
DA:61,0
DA:62,0
DA:63,0
DA:65,0
DA:70,1
DA:71,0
DA:72,0
DA:73,0
LF:25
LH:13
BRDA:35,0,0,8
BRDA:35,0,1,2
BRDA:46,1,0,0
BRDA:46,1,1,0
BRDA:57,2,0,0
BRDA:57,2,1,0
BRDA:62,3,0,0
BRDA:62,3,1,0
BRDA:70,4,0,0
BRDA:70,4,1,1
BRF:10
BRH:3
end_of_record
TN:
SF:src/index.ts
FN:21,main
FN:63,(anonymous_1)
FN:66,(anonymous_2)
FN:69,(anonymous_3)
FN:73,(anonymous_4)
FN:89,(anonymous_5)
FN:100,(anonymous_6)
FN:115,(anonymous_7)
FN:120,(anonymous_8)
FN:175,(anonymous_9)
FN:199,(anonymous_10)
FN:200,(anonymous_11)
FN:201,(anonymous_12)
FN:204,(anonymous_13)
FN:209,(anonymous_14)
FN:257,(anonymous_15)
FNF:16
FNH:0
FNDA:0,main
FNDA:0,(anonymous_1)
FNDA:0,(anonymous_2)
FNDA:0,(anonymous_3)
FNDA:0,(anonymous_4)
FNDA:0,(anonymous_5)
FNDA:0,(anonymous_6)
FNDA:0,(anonymous_7)
FNDA:0,(anonymous_8)
FNDA:0,(anonymous_9)
FNDA:0,(anonymous_10)
FNDA:0,(anonymous_11)
FNDA:0,(anonymous_12)
FNDA:0,(anonymous_13)
FNDA:0,(anonymous_14)
FNDA:0,(anonymous_15)
DA:22,0
DA:24,0
DA:26,0
DA:27,0
DA:28,0
DA:29,0
DA:32,0
DA:35,0
DA:36,0
DA:37,0
DA:40,0
DA:41,0
DA:42,0
DA:43,0
DA:47,0
DA:48,0
DA:51,0
DA:52,0
DA:53,0
DA:56,0
DA:57,0
DA:58,0
DA:59,0
DA:60,0
DA:63,0
DA:64,0
DA:66,0
DA:67,0
DA:69,0
DA:70,0
DA:73,0
DA:74,0
DA:78,0
DA:79,0
DA:86,0
DA:87,0
DA:89,0
DA:90,0
DA:93,0
DA:96,0
DA:97,0
DA:100,0
DA:101,0
DA:102,0
DA:103,0
DA:106,0
DA:112,0
DA:115,0
DA:116,0
DA:117,0
DA:118,0
DA:119,0
DA:120,0
DA:121,0
DA:124,0
DA:126,0
DA:130,0
DA:134,0
DA:137,0
DA:140,0
DA:141,0
DA:148,0
DA:151,0
DA:152,0
DA:172,0
DA:175,0
DA:176,0
DA:178,0
DA:180,0
DA:183,0
DA:186,0
DA:189,0
DA:191,0
DA:192,0
DA:194,0
DA:195,0
DA:199,0
DA:200,0
DA:201,0
DA:204,0
DA:205,0
DA:206,0
DA:209,0
DA:210,0
DA:211,0
DA:214,0
DA:215,0
DA:216,0
DA:217,0
DA:218,0
DA:221,0
DA:222,0
DA:227,0
DA:229,0
DA:230,0
DA:253,0
DA:257,0
DA:258,0
DA:259,0
LF:99
LH:0
BRDA:42,0,0,0
BRDA:42,0,1,0
BRDA:42,1,0,0
BRDA:42,1,1,0
BRDA:96,2,0,0
BRDA:96,2,1,0
BRDA:101,3,0,0
BRDA:101,3,1,0
BRDA:117,4,0,0
BRDA:117,4,1,0
BRDA:117,5,0,0
BRDA:117,5,1,0
BRDA:117,5,2,0
BRDA:118,6,0,0
BRDA:118,6,1,0
BRDA:160,7,0,0
BRDA:160,7,1,0
BRDA:161,8,0,0
BRDA:161,8,1,0
BRDA:215,9,0,0
BRDA:215,9,1,0
BRDA:216,10,0,0
BRDA:216,10,1,0
BRDA:217,11,0,0
BRDA:217,11,1,0
BRDA:229,12,0,0
BRDA:229,12,1,0
BRDA:229,13,0,0
BRDA:229,13,1,0
BRF:29
BRH:0
end_of_record
TN:
SF:src/api/APIGateway.ts
FN:68,(anonymous_0)
FN:118,(anonymous_1)
FN:126,(anonymous_2)
FN:131,(anonymous_3)
FN:136,(anonymous_4)
FN:143,(anonymous_5)
FN:150,(anonymous_6)
FN:157,(anonymous_7)
FN:168,(anonymous_8)
FN:177,(anonymous_9)
FN:179,(anonymous_10)
FN:188,(anonymous_11)
FN:203,(anonymous_12)
FN:209,(anonymous_13)
FN:215,(anonymous_14)
FN:250,(anonymous_15)
FN:263,(anonymous_16)
FN:274,(anonymous_17)
FN:283,(anonymous_18)
FN:285,(anonymous_19)
FN:309,(anonymous_20)
FN:314,(anonymous_21)
FN:322,(anonymous_22)
FN:329,(anonymous_23)
FN:333,(anonymous_24)
FN:340,(anonymous_25)
FN:347,(anonymous_26)
FN:375,(anonymous_27)
FN:379,(anonymous_28)
FN:387,(anonymous_29)
FN:392,(anonymous_30)
FNF:31
FNH:0
FNDA:0,(anonymous_0)
FNDA:0,(anonymous_1)
FNDA:0,(anonymous_2)
FNDA:0,(anonymous_3)
FNDA:0,(anonymous_4)
FNDA:0,(anonymous_5)
FNDA:0,(anonymous_6)
FNDA:0,(anonymous_7)
FNDA:0,(anonymous_8)
FNDA:0,(anonymous_9)
FNDA:0,(anonymous_10)
FNDA:0,(anonymous_11)
FNDA:0,(anonymous_12)
FNDA:0,(anonymous_13)
FNDA:0,(anonymous_14)
FNDA:0,(anonymous_15)
FNDA:0,(anonymous_16)
FNDA:0,(anonymous_17)
FNDA:0,(anonymous_18)
FNDA:0,(anonymous_19)
FNDA:0,(anonymous_20)
FNDA:0,(anonymous_21)
FNDA:0,(anonymous_22)
FNDA:0,(anonymous_23)
FNDA:0,(anonymous_24)
FNDA:0,(anonymous_25)
FNDA:0,(anonymous_26)
FNDA:0,(anonymous_27)
FNDA:0,(anonymous_28)
FNDA:0,(anonymous_29)
FNDA:0,(anonymous_30)
DA:69,0
DA:70,0
DA:71,0
DA:72,0
DA:73,0
DA:78,0
DA:91,0
DA:93,0
DA:102,0
DA:105,0
DA:108,0
DA:111,0
DA:113,0
DA:114,0
DA:115,0
DA:120,0
DA:123,0
DA:126,0
DA:127,0
DA:131,0
DA:132,0
DA:136,0
DA:137,0
DA:138,0
DA:143,0
DA:144,0
DA:145,0
DA:150,0
DA:151,0
DA:152,0
DA:153,0
DA:157,0
DA:158,0
DA:164,0
DA:168,0
DA:169,0
DA:173,0
DA:179,0
DA:180,0
DA:181,0
DA:183,0
DA:188,0
DA:190,0
DA:203,0
DA:204,0
DA:205,0
DA:209,0
DA:210,0
DA:214,0
DA:216,0
DA:218,0
DA:219,0
DA:220,0
DA:221,0
DA:222,0
DA:224,0
DA:225,0
DA:226,0
DA:227,0
DA:237,0
DA:239,0
DA:246,0
DA:250,0
DA:260,0
DA:263,0
DA:264,0
DA:271,0
DA:274,0
DA:275,0
DA:285,0
DA:286,0
DA:287,0
DA:289,0
DA:297,0
DA:309,0
DA:310,0
DA:311,0
DA:314,0
DA:315,0
DA:316,0
DA:323,0
DA:324,0
DA:325,0
DA:326,0
DA:330,0
DA:334,0
DA:336,0
DA:338,0
DA:339,0
DA:340,0
DA:341,0
DA:344,0
DA:348,0
DA:350,0
DA:353,0
DA:356,0
DA:358,0
DA:363,0
DA:364,0
DA:365,0
DA:366,0
DA:367,0
DA:368,0
DA:370,0
DA:371,0
DA:376,0
DA:381,0
DA:383,0
DA:384,0
DA:388,0
DA:393,0
LF:111
LH:0
BRDA:75,0,0,0
BRDA:79,1,0,0
BRDA:79,1,1,0
BRDA:80,2,0,0
BRDA:80,2,1,0
BRDA:82,3,0,0
BRDA:82,3,1,0
BRDA:83,4,0,0
BRDA:83,4,1,0
BRDA:86,5,0,0
BRDA:86,5,1,0
BRDA:87,6,0,0
BRDA:87,6,1,0
BRDA:95,7,0,0
BRDA:95,7,1,0
BRDA:137,8,0,0
BRDA:137,8,1,0
BRDA:144,9,0,0
BRDA:144,9,1,0
BRDA:151,10,0,0
BRDA:151,10,1,0
BRDA:190,11,0,0
BRDA:190,11,1,0
BRDA:191,12,0,0
BRDA:191,12,1,0
BRDA:286,13,0,0
BRDA:286,13,1,0
BRDA:300,14,0,0
BRDA:300,14,1,0
BRDA:301,15,0,0
BRDA:301,15,1,0
BRDA:323,16,0,0
BRDA:323,16,1,0
BRDA:324,17,0,0
BRDA:324,17,1,0
BRDA:325,18,0,0
BRDA:325,18,1,0
BRDA:338,19,0,0
BRDA:338,19,1,0
BRF:39
BRH:0
end_of_record
TN:
SF:src/api/mcp-router.ts
FN:61,(anonymous_0)
FN:85,(anonymous_1)
FN:445,(anonymous_2)
FN:449,(anonymous_3)
FN:451,(anonymous_4)
FN:452,(anonymous_5)
FN:462,(anonymous_6)
FN:501,(anonymous_7)
FN:506,(anonymous_8)
FN:515,(anonymous_9)
FN:566,(anonymous_10)
FN:590,(anonymous_11)
FN:591,(anonymous_12)
FN:613,(anonymous_13)
FN:633,(anonymous_14)
FN:711,(anonymous_15)
FN:809,(anonymous_16)
FN:844,(anonymous_17)
FN:854,(anonymous_18)
FN:909,(anonymous_19)
FN:931,(anonymous_20)
FN:960,(anonymous_21)
FN:997,(anonymous_22)
FN:1028,(anonymous_23)
FN:1064,(anonymous_24)
FN:1097,(anonymous_25)
FN:1098,(anonymous_26)
FN:1105,(anonymous_27)
FN:1115,(anonymous_28)
FN:1120,(anonymous_29)
FN:1192,(anonymous_30)
FN:1233,(anonymous_31)
FN:1277,(anonymous_32)
FN:1307,(anonymous_33)
FN:1334,(anonymous_34)
FN:1338,(anonymous_35)
FN:1400,(anonymous_36)
FN:1401,(anonymous_37)
FN:1410,(anonymous_38)
FN:1418,(anonymous_39)
FN:1478,(anonymous_40)
FN:1506,(anonymous_41)
FN:1543,(anonymous_42)
FN:1554,(anonymous_43)
FN:1555,(anonymous_44)
FN:1556,(anonymous_45)
FN:1605,(anonymous_46)
FN:1647,(anonymous_47)
FN:1662,(anonymous_48)
FN:1682,(anonymous_49)
FN:1683,(anonymous_50)
FN:1696,(anonymous_51)
FN:1716,(anonymous_52)
FN:1730,(anonymous_53)
FN:1740,(anonymous_54)
FN:1745,(anonymous_55)
FN:1760,(anonymous_56)
FN:1765,(anonymous_57)
FN:1770,(anonymous_58)
FN:1824,(anonymous_59)
FN:1828,(anonymous_60)
FN:1829,(anonymous_61)
FN:1831,(anonymous_62)
FN:1833,(anonymous_63)
FN:1834,(anonymous_64)
FN:1835,(anonymous_65)
FN:1838,(anonymous_66)
FN:1838,(anonymous_67)
FN:1845,(anonymous_68)
FN:1846,(anonymous_69)
FN:1857,(anonymous_70)
FN:1864,(anonymous_71)
FN:1879,(anonymous_72)
FN:1883,(anonymous_73)
FN:1889,(anonymous_74)
FN:1895,(anonymous_75)
FN:1899,(anonymous_76)
FN:1905,(anonymous_77)
FN:1909,(anonymous_78)
FN:1921,(anonymous_79)
FN:1942,(anonymous_80)
FN:1959,(anonymous_81)
FN:1965,(anonymous_82)
FN:2052,(anonymous_83)
FN:2104,(anonymous_84)
FN:2112,(anonymous_85)
FN:2137,(anonymous_86)
FN:2138,(anonymous_87)
FN:2139,(anonymous_88)
FN:2141,(anonymous_89)
FN:2157,(anonymous_90)
FN:2181,(anonymous_91)
FN:2201,(anonymous_92)
FN:2221,(anonymous_93)
FN:2224,(anonymous_94)
FN:2224,(anonymous_95)
FN:2225,(anonymous_96)
FN:2248,(anonymous_97)
FN:2256,(anonymous_98)
FN:2257,(anonymous_99)
FN:2266,(anonymous_100)
FN:2270,(anonymous_101)
FN:2282,(anonymous_102)
FNF:103
FNH:0
FNDA:0,(anonymous_0)
FNDA:0,(anonymous_1)
FNDA:0,(anonymous_2)
FNDA:0,(anonymous_3)
FNDA:0,(anonymous_4)
FNDA:0,(anonymous_5)
FNDA:0,(anonymous_6)
FNDA:0,(anonymous_7)
FNDA:0,(anonymous_8)
FNDA:0,(anonymous_9)
FNDA:0,(anonymous_10)
FNDA:0,(anonymous_11)
FNDA:0,(anonymous_12)
FNDA:0,(anonymous_13)
FNDA:0,(anonymous_14)
FNDA:0,(anonymous_15)
FNDA:0,(anonymous_16)
FNDA:0,(anonymous_17)
FNDA:0,(anonymous_18)
FNDA:0,(anonymous_19)
FNDA:0,(anonymous_20)
FNDA:0,(anonymous_21)
FNDA:0,(anonymous_22)
FNDA:0,(anonymous_23)
FNDA:0,(anonymous_24)
FNDA:0,(anonymous_25)
FNDA:0,(anonymous_26)
FNDA:0,(anonymous_27)
FNDA:0,(anonymous_28)
FNDA:0,(anonymous_29)
FNDA:0,(anonymous_30)
FNDA:0,(anonymous_31)
FNDA:0,(anonymous_32)
FNDA:0,(anonymous_33)
FNDA:0,(anonymous_34)
FNDA:0,(anonymous_35)
FNDA:0,(anonymous_36)
FNDA:0,(anonymous_37)
FNDA:0,(anonymous_38)
FNDA:0,(anonymous_39)
FNDA:0,(anonymous_40)
FNDA:0,(anonymous_41)
FNDA:0,(anonymous_42)
FNDA:0,(anonymous_43)
FNDA:0,(anonymous_44)
FNDA:0,(anonymous_45)
FNDA:0,(anonymous_46)
FNDA:0,(anonymous_47)
FNDA:0,(anonymous_48)
FNDA:0,(anonymous_49)
FNDA:0,(anonymous_50)
FNDA:0,(anonymous_51)
FNDA:0,(anonymous_52)
FNDA:0,(anonymous_53)
FNDA:0,(anonymous_54)
FNDA:0,(anonymous_55)
FNDA:0,(anonymous_56)
FNDA:0,(anonymous_57)
FNDA:0,(anonymous_58)
FNDA:0,(anonymous_59)
FNDA:0,(anonymous_60)
FNDA:0,(anonymous_61)
FNDA:0,(anonymous_62)
FNDA:0,(anonymous_63)
FNDA:0,(anonymous_64)
FNDA:0,(anonymous_65)
FNDA:0,(anonymous_66)
FNDA:0,(anonymous_67)
FNDA:0,(anonymous_68)
FNDA:0,(anonymous_69)
FNDA:0,(anonymous_70)
FNDA:0,(anonymous_71)
FNDA:0,(anonymous_72)
FNDA:0,(anonymous_73)
FNDA:0,(anonymous_74)
FNDA:0,(anonymous_75)
FNDA:0,(anonymous_76)
FNDA:0,(anonymous_77)
FNDA:0,(anonymous_78)
FNDA:0,(anonymous_79)
FNDA:0,(anonymous_80)
FNDA:0,(anonymous_81)
FNDA:0,(anonymous_82)
FNDA:0,(anonymous_83)
FNDA:0,(anonymous_84)
FNDA:0,(anonymous_85)
FNDA:0,(anonymous_86)
FNDA:0,(anonymous_87)
FNDA:0,(anonymous_88)
FNDA:0,(anonymous_89)
FNDA:0,(anonymous_90)
FNDA:0,(anonymous_91)
FNDA:0,(anonymous_92)
FNDA:0,(anonymous_93)
FNDA:0,(anonymous_94)
FNDA:0,(anonymous_95)
FNDA:0,(anonymous_96)
FNDA:0,(anonymous_97)
FNDA:0,(anonymous_98)
FNDA:0,(anonymous_99)
FNDA:0,(anonymous_100)
FNDA:0,(anonymous_101)
FNDA:0,(anonymous_102)
DA:49,0
DA:50,0
DA:51,0
DA:62,0
DA:63,0
DA:64,0
DA:65,0
DA:66,0
DA:68,0
DA:81,0
DA:82,0
DA:87,0
DA:128,0
DA:157,0
DA:174,0
DA:206,0
DA:240,0
DA:275,0
DA:301,0
DA:322,0
DA:343,0
DA:365,0
DA:398,0
DA:434,0
DA:446,0
DA:451,0
DA:452,0
DA:458,0
DA:462,0
DA:463,0
DA:464,0
DA:466,0
DA:467,0
DA:468,0
DA:469,0
DA:475,0
DA:476,0
DA:477,0
DA:478,0
DA:480,0
DA:489,0
DA:490,0
DA:491,0
DA:493,0
DA:501,0
DA:502,0
DA:506,0
DA:507,0
DA:516,0
DA:518,0
DA:519,0
DA:521,0
DA:540,0
DA:552,0
DA:554,0
DA:561,0
DA:562,0
DA:567,0
DA:569,0
DA:571,0
DA:574,0
DA:575,0
DA:576,0
DA:578,0
DA:580,0
DA:581,0
DA:582,0
DA:586,0
DA:590,0
DA:591,0
DA:596,0
DA:598,0
DA:608,0
DA:609,0
DA:614,0
DA:616,0
DA:618,0
DA:620,0
DA:628,0
DA:629,0
DA:634,0
DA:636,0
DA:637,0
DA:638,0
DA:639,0
DA:642,0
DA:644,0
DA:645,0
DA:654,0
DA:655,0
DA:656,0
DA:657,0
DA:658,0
DA:665,0
DA:666,0
DA:674,0
DA:683,0
DA:684,0
DA:691,0
DA:706,0
DA:707,0
DA:712,0
DA:714,0
DA:716,0
DA:718,0
DA:759,0
DA:761,0
DA:762,0
DA:766,0
DA:768,0
DA:769,0
DA:773,0
DA:775,0
DA:776,0
DA:777,0
DA:788,0
DA:793,0
DA:794,0
DA:797,0
DA:799,0
DA:804,0
DA:805,0
DA:810,0
DA:812,0
DA:814,0
DA:819,0
DA:820,0
DA:823,0
DA:826,0
DA:829,0
DA:831,0
DA:839,0
DA:840,0
DA:845,0
DA:853,0
DA:854,0
DA:855,0
DA:867,0
DA:868,0
DA:879,0
DA:880,0
DA:891,0
DA:892,0
DA:906,0
DA:910,0
DA:915,0
DA:917,0
DA:932,0
DA:934,0
DA:936,0
DA:943,0
DA:945,0
DA:955,0
DA:956,0
DA:961,0
DA:964,0
DA:971,0
DA:972,0
DA:973,0
DA:974,0
DA:994,0
DA:998,0
DA:1001,0
DA:1007,0
DA:1008,0
DA:1009,0
DA:1025,0
DA:1029,0
DA:1032,0
DA:1038,0
DA:1039,0
DA:1040,0
DA:1041,0
DA:1061,0
DA:1065,0
DA:1068,0
DA:1074,0
DA:1075,0
DA:1076,0
DA:1077,0
DA:1094,0
DA:1098,0
DA:1099,0
DA:1100,0
DA:1106,0
DA:1112,0
DA:1116,0
DA:1117,0
DA:1121,0
DA:1123,0
DA:1124,0
DA:1125,0
DA:1126,0
DA:1131,0
DA:1135,0
DA:1138,0
DA:1140,0
DA:1141,0
DA:1142,0
DA:1146,0
DA:1147,0
DA:1150,0
DA:1151,0
DA:1152,0
DA:1156,0
DA:1157,0
DA:1158,0
DA:1159,0
DA:1162,0
DA:1163,0
DA:1164,0
DA:1168,0
DA:1170,0
DA:1187,0
DA:1188,0
DA:1193,0
DA:1195,0
DA:1197,0
DA:1202,0
DA:1203,0
DA:1204,0
DA:1207,0
DA:1208,0
DA:1209,0
DA:1210,0
DA:1211,0
DA:1212,0
DA:1216,0
DA:1218,0
DA:1227,0
DA:1230,0
DA:1234,0
DA:1235,0
DA:1238,0
DA:1240,0
DA:1241,0
DA:1243,0
DA:1245,0
DA:1250,0
DA:1251,0
DA:1252,0
DA:1254,0
DA:1255,0
DA:1256,0
DA:1264,0
DA:1274,0
DA:1278,0
DA:1279,0
DA:1280,0
DA:1282,0
DA:1284,0
DA:1289,0
DA:1290,0
DA:1297,0
DA:1298,0
DA:1301,0
DA:1304,0
DA:1308,0
DA:1309,0
DA:1311,0
DA:1313,0
DA:1318,0
DA:1319,0
DA:1325,0
DA:1328,0
DA:1331,0
DA:1335,0
DA:1338,0
DA:1339,0
DA:1353,0
DA:1354,0
DA:1368,0
DA:1369,0
DA:1383,0
DA:1384,0
DA:1397,0
DA:1401,0
DA:1402,0
DA:1404,0
DA:1405,0
DA:1406,0
DA:1407,0
DA:1411,0
DA:1413,0
DA:1414,0
DA:1415,0
DA:1419,0
DA:1421,0
DA:1422,0
DA:1423,0
DA:1424,0
DA:1425,0
DA:1428,0
DA:1433,0
DA:1436,0
DA:1437,0
DA:1439,0
DA:1440,0
DA:1441,0
DA:1445,0
DA:1446,0
DA:1449,0
DA:1454,0
DA:1456,0
DA:1473,0
DA:1474,0
DA:1479,0
DA:1482,0
DA:1491,0
DA:1492,0
DA:1494,0
DA:1495,0
DA:1497,0
DA:1506,0
DA:1507,0
DA:1508,0
DA:1513,0
DA:1516,0
DA:1517,0
DA:1526,0
DA:1529,0
DA:1540,0
DA:1544,0
DA:1547,0
DA:1553,0
DA:1554,0
DA:1555,0
DA:1556,0
DA:1560,0
DA:1561,0
DA:1563,0
DA:1564,0
DA:1573,0
DA:1574,0
DA:1577,0
DA:1588,0
DA:1589,0
DA:1602,0
DA:1606,0
DA:1609,0
DA:1615,0
DA:1621,0
DA:1622,0
DA:1624,0
DA:1625,0
DA:1627,0
DA:1629,0
DA:1638,0
DA:1643,0
DA:1649,0
DA:1663,0
DA:1664,0
DA:1665,0
DA:1666,0
DA:1668,0
DA:1682,0
DA:1683,0
DA:1689,0
DA:1696,0
DA:1697,0
DA:1698,0
DA:1700,0
DA:1716,0
DA:1717,0
DA:1718,0
DA:1721,0
DA:1731,0
DA:1732,0
DA:1733,0
DA:1740,0
DA:1741,0
DA:1742,0
DA:1745,0
DA:1746,0
DA:1747,0
DA:1748,0
DA:1750,0
DA:1761,0
DA:1766,0
DA:1778,0
DA:1781,0
DA:1782,0
DA:1783,0
DA:1791,0
DA:1794,0
DA:1795,0
DA:1796,0
DA:1797,0
DA:1799,0
DA:1800,0
DA:1802,0
DA:1803,0
DA:1804,0
DA:1808,0
DA:1818,0
DA:1819,0
DA:1825,0
DA:1827,0
DA:1828,0
DA:1829,0
DA:1831,0
DA:1833,0
DA:1834,0
DA:1836,0
DA:1838,0
DA:1841,0
DA:1846,0
DA:1858,0
DA:1859,0
DA:1861,0
DA:1864,0
DA:1880,0
DA:1883,0
DA:1884,0
DA:1887,0
DA:1888,0
DA:1889,0
DA:1895,0
DA:1897,0
DA:1898,0
DA:1899,0
DA:1905,0
DA:1907,0
DA:1908,0
DA:1909,0
DA:1914,0
DA:1915,0
DA:1918,0
DA:1922,0
DA:1925,0
DA:1926,0
DA:1929,0
DA:1932,0
DA:1933,0
DA:1937,0
DA:1938,0
DA:1942,0
DA:1943,0
DA:1946,0
DA:1947,0
DA:1951,0
DA:1952,0
DA:1955,0
DA:1960,0
DA:1962,0
DA:1963,0
DA:1965,0
DA:1970,0
DA:1977,0
DA:1978,0
DA:1979,0
DA:1980,0
DA:1981,0
DA:1982,0
DA:1992,0
DA:1993,0
DA:1994,0
DA:1995,0
DA:1996,0
DA:1998,0
DA:2011,0
DA:2012,0
DA:2013,0
DA:2015,0
DA:2027,0
DA:2028,0
DA:2038,0
DA:2039,0
DA:2053,0
DA:2055,0
DA:2057,0
DA:2058,0
DA:2059,0
DA:2063,0
DA:2064,0
DA:2067,0
DA:2068,0
DA:2069,0
DA:2071,0
DA:2072,0
DA:2078,0
DA:2079,0
DA:2086,0
DA:2087,0
DA:2090,0
DA:2094,0
DA:2097,0
DA:2105,0
DA:2106,0
DA:2107,0
DA:2113,0
DA:2115,0
DA:2116,0
DA:2117,0
DA:2118,0
DA:2121,0
DA:2123,0
DA:2125,0
DA:2126,0
DA:2127,0
DA:2132,0
DA:2135,0
DA:2137,0
DA:2138,0
DA:2139,0
DA:2141,0
DA:2147,0
DA:2152,0
DA:2153,0
DA:2158,0
DA:2160,0
DA:2161,0
DA:2163,0
DA:2165,0
DA:2166,0
DA:2167,0
DA:2170,0
DA:2176,0
DA:2177,0
DA:2182,0
DA:2184,0
DA:2185,0
DA:2187,0
DA:2188,0
DA:2190,0
DA:2196,0
DA:2197,0
DA:2202,0
DA:2204,0
DA:2205,0
DA:2207,0
DA:2209,0
DA:2214,0
DA:2215,0
DA:2222,0
DA:2224,0
DA:2225,0
DA:2228,0
DA:2230,0
DA:2231,0
DA:2232,0
DA:2233,0
DA:2235,0
DA:2236,0
DA:2237,0
DA:2238,0
DA:2241,0
DA:2249,0
DA:2251,0
DA:2252,0
DA:2254,0
DA:2256,0
DA:2257,0
DA:2259,0
DA:2261,0
DA:2262,0
DA:2263,0
DA:2267,0
DA:2269,0
DA:2270,0
DA:2271,0
DA:2273,0
DA:2274,0
DA:2277,0
DA:2278,0
DA:2281,0
DA:2282,0
DA:2283,0
DA:2284,0
DA:2288,0
DA:2289,0
DA:2292,0
LF:572
LH:0
BRDA:467,0,0,0
BRDA:467,0,1,0
BRDA:476,1,0,0
BRDA:476,1,1,0
BRDA:484,2,0,0
BRDA:484,2,1,0
BRDA:490,3,0,0
BRDA:490,3,1,0
BRDA:533,4,0,0
BRDA:533,4,1,0
BRDA:535,5,0,0
BRDA:535,5,1,0
BRDA:562,6,0,0
BRDA:562,6,1,0
BRDA:578,7,0,0
BRDA:578,7,1,0
BRDA:578,8,0,0
BRDA:578,8,1,0
BRDA:609,9,0,0
BRDA:609,9,1,0
BRDA:623,10,0,0
BRDA:623,10,1,0
BRDA:624,11,0,0
BRDA:624,11,1,0
BRDA:629,12,0,0
BRDA:629,12,1,0
BRDA:644,13,0,0
BRDA:644,13,1,0
BRDA:654,14,0,0
BRDA:654,14,1,0
BRDA:654,15,0,0
BRDA:654,15,1,0
BRDA:657,16,0,0
BRDA:657,16,1,0
BRDA:665,17,0,0
BRDA:665,17,1,0
BRDA:683,18,0,0
BRDA:683,18,1,0
BRDA:707,19,0,0
BRDA:707,19,1,0
BRDA:759,20,0,0
BRDA:759,20,1,0
BRDA:759,21,0,0
BRDA:759,21,1,0
BRDA:761,22,0,0
BRDA:761,22,1,0
BRDA:766,23,0,0
BRDA:766,23,1,0
BRDA:766,24,0,0
BRDA:766,24,1,0
BRDA:768,25,0,0
BRDA:768,25,1,0
BRDA:773,26,0,0
BRDA:773,26,1,0
BRDA:773,27,0,0
BRDA:773,27,1,0
BRDA:775,28,0,0
BRDA:775,28,1,0
BRDA:775,29,0,0
BRDA:775,29,1,0
BRDA:794,30,0,0
BRDA:794,30,1,0
BRDA:795,31,0,0
BRDA:795,31,1,0
BRDA:805,32,0,0
BRDA:805,32,1,0
BRDA:819,33,0,0
BRDA:819,33,1,0
BRDA:840,34,0,0
BRDA:840,34,1,0
BRDA:853,35,0,0
BRDA:853,35,1,0
BRDA:853,36,0,0
BRDA:853,36,1,0
BRDA:867,37,0,0
BRDA:867,37,1,0
BRDA:867,38,0,0
BRDA:867,38,1,0
BRDA:873,39,0,0
BRDA:873,39,1,0
BRDA:879,40,0,0
BRDA:879,40,1,0
BRDA:879,41,0,0
BRDA:879,41,1,0
BRDA:885,42,0,0
BRDA:885,42,1,0
BRDA:891,43,0,0
BRDA:891,43,1,0
BRDA:952,44,0,0
BRDA:952,44,1,0
BRDA:956,45,0,0
BRDA:956,45,1,0
BRDA:972,46,0,0
BRDA:972,46,1,0
BRDA:972,47,0,0
BRDA:972,47,1,0
BRDA:973,48,0,0
BRDA:973,48,1,0
BRDA:981,49,0,0
BRDA:981,49,1,0
BRDA:1008,50,0,0
BRDA:1008,50,1,0
BRDA:1008,51,0,0
BRDA:1008,51,1,0
BRDA:1039,52,0,0
BRDA:1039,52,1,0
BRDA:1039,53,0,0
BRDA:1039,53,1,0
BRDA:1040,54,0,0
BRDA:1040,54,1,0
BRDA:1048,55,0,0
BRDA:1048,55,1,0
BRDA:1075,56,0,0
BRDA:1075,56,1,0
BRDA:1075,57,0,0
BRDA:1075,57,1,0
BRDA:1076,58,0,0
BRDA:1076,58,1,0
BRDA:1099,59,0,0
BRDA:1099,59,1,0
BRDA:1112,60,0,0
BRDA:1112,60,1,0
BRDA:1117,61,0,0
BRDA:1117,61,1,0
BRDA:1141,62,0,0
BRDA:1141,62,1,0
BRDA:1150,63,0,0
BRDA:1150,63,1,0
BRDA:1151,64,0,0
BRDA:1151,64,1,0
BRDA:1188,65,0,0
BRDA:1188,65,1,0
BRDA:1207,66,0,0
BRDA:1207,66,1,0
BRDA:1210,67,0,0
BRDA:1210,67,1,0
BRDA:1210,68,0,0
BRDA:1210,68,1,0
BRDA:1219,69,0,0
BRDA:1219,69,1,0
BRDA:1240,70,0,0
BRDA:1240,70,1,0
BRDA:1243,71,0,0
BRDA:1243,71,1,0
BRDA:1251,72,0,0
BRDA:1251,72,1,0
BRDA:1255,73,0,0
BRDA:1255,73,1,0
BRDA:1285,74,0,0
BRDA:1285,74,1,0
BRDA:1292,75,0,0
BRDA:1292,75,1,0
BRDA:1294,76,0,0
BRDA:1294,76,1,0
BRDA:1297,77,0,0
BRDA:1297,77,1,0
BRDA:1297,78,0,0
BRDA:1297,78,1,0
BRDA:1314,79,0,0
BRDA:1314,79,1,0
BRDA:1321,80,0,0
BRDA:1321,80,1,0
BRDA:1321,80,2,0
BRDA:1322,81,0,0
BRDA:1322,81,1,0
BRDA:1325,82,0,0
BRDA:1325,82,1,0
BRDA:1325,82,2,0
BRDA:1325,83,0,0
BRDA:1325,83,1,0
BRDA:1338,84,0,0
BRDA:1338,84,1,0
BRDA:1353,85,0,0
BRDA:1353,85,1,0
BRDA:1368,86,0,0
BRDA:1368,86,1,0
BRDA:1383,87,0,0
BRDA:1383,87,1,0
BRDA:1404,88,0,0
BRDA:1404,88,1,0
BRDA:1404,89,0,0
BRDA:1404,89,1,0
BRDA:1405,90,0,0
BRDA:1405,90,1,0
BRDA:1405,91,0,0
BRDA:1405,91,1,0
BRDA:1406,92,0,0
BRDA:1406,92,1,0
BRDA:1406,93,0,0
BRDA:1406,93,1,0
BRDA:1413,94,0,0
BRDA:1413,94,1,0
BRDA:1414,95,0,0
BRDA:1414,95,1,0
BRDA:1440,96,0,0
BRDA:1440,96,1,0
BRDA:1449,97,0,0
BRDA:1449,97,1,0
BRDA:1474,98,0,0
BRDA:1474,98,1,0
BRDA:1491,99,0,0
BRDA:1491,99,1,0
BRDA:1491,99,2,0
BRDA:1495,100,0,0
BRDA:1495,100,1,0
BRDA:1507,101,0,0
BRDA:1507,101,1,0
BRDA:1548,102,0,0
BRDA:1548,102,1,0
BRDA:1548,102,2,0
BRDA:1561,103,0,0
BRDA:1561,103,1,0
BRDA:1568,104,0,0
BRDA:1568,104,1,0
BRDA:1568,104,2,0
BRDA:1624,105,0,0
BRDA:1624,105,1,0
BRDA:1624,105,2,0
BRDA:1625,106,0,0
BRDA:1625,106,1,0
BRDA:1627,107,0,0
BRDA:1627,107,1,0
BRDA:1627,108,0,0
BRDA:1627,108,1,0
BRDA:1674,109,0,0
BRDA:1674,109,1,0
BRDA:1731,110,0,0
BRDA:1731,110,1,0
BRDA:1782,111,0,0
BRDA:1782,111,1,0
BRDA:1799,112,0,0
BRDA:1799,112,1,0
BRDA:1818,113,0,0
BRDA:1818,113,1,0
BRDA:1830,114,0,0
BRDA:1830,114,1,0
BRDA:1832,115,0,0
BRDA:1832,115,1,0
BRDA:1835,116,0,0
BRDA:1835,116,1,0
BRDA:1836,117,0,0
BRDA:1836,117,1,0
BRDA:1845,118,0,0
BRDA:1868,119,0,0
BRDA:1868,119,1,0
BRDA:1870,120,0,0
BRDA:1870,120,1,0
BRDA:1873,121,0,0
BRDA:1873,121,1,0
BRDA:1884,122,0,0
BRDA:1884,122,1,0
BRDA:1887,123,0,0
BRDA:1887,123,1,0
BRDA:1897,124,0,0
BRDA:1897,124,1,0
BRDA:1907,125,0,0
BRDA:1907,125,1,0
BRDA:1914,126,0,0
BRDA:1914,126,1,0
BRDA:1925,127,0,0
BRDA:1925,127,1,0
BRDA:1932,128,0,0
BRDA:1932,128,1,0
BRDA:1937,129,0,0
BRDA:1937,129,1,0
BRDA:1943,130,0,0
BRDA:1943,130,1,0
BRDA:1946,131,0,0
BRDA:1946,131,1,0
BRDA:1951,132,0,0
BRDA:1951,132,1,0
BRDA:1963,133,0,0
BRDA:1963,133,1,0
BRDA:1963,133,2,0
BRDA:1979,134,0,0
BRDA:1979,134,1,0
BRDA:1994,135,0,0
BRDA:1994,135,1,0
BRDA:2005,136,0,0
BRDA:2005,136,1,0
BRDA:2012,137,0,0
BRDA:2012,137,1,0
BRDA:2038,138,0,0
BRDA:2038,138,1,0
BRDA:2045,139,0,0
BRDA:2045,139,1,0
BRDA:2057,140,0,0
BRDA:2057,140,1,0
BRDA:2063,141,0,0
BRDA:2063,141,1,0
BRDA:2068,142,0,0
BRDA:2068,142,1,0
BRDA:2068,143,0,0
BRDA:2068,143,1,0
BRDA:2068,143,2,0
BRDA:2071,144,0,0
BRDA:2071,144,1,0
BRDA:2071,145,0,0
BRDA:2071,145,1,0
BRDA:2086,146,0,0
BRDA:2086,146,1,0
BRDA:2086,147,0,0
BRDA:2086,147,1,0
BRDA:2086,147,2,0
BRDA:2090,148,0,0
BRDA:2090,148,1,0
BRDA:2094,149,0,0
BRDA:2094,149,1,0
BRDA:2116,150,0,0
BRDA:2116,150,1,0
BRDA:2123,151,0,0
BRDA:2123,151,1,0
BRDA:2140,152,0,0
BRDA:2140,152,1,0
BRDA:2142,153,0,0
BRDA:2142,153,1,0
BRDA:2143,154,0,0
BRDA:2143,154,1,0
BRDA:2153,155,0,0
BRDA:2153,155,1,0
BRDA:2166,156,0,0
BRDA:2166,156,1,0
BRDA:2177,157,0,0
BRDA:2177,157,1,0
BRDA:2185,158,0,0
BRDA:2197,159,0,0
BRDA:2197,159,1,0
BRDA:2215,160,0,0
BRDA:2215,160,1,0
BRDA:2222,161,0,0
BRDA:2222,161,1,0
BRDA:2232,162,0,0
BRDA:2232,162,1,0
BRDA:2238,163,0,0
BRDA:2238,163,1,0
BRDA:2249,164,0,0
BRDA:2249,164,1,0
BRDA:2254,165,0,0
BRDA:2254,165,1,0
BRDA:2261,166,0,0
BRDA:2261,166,1,0
BRDA:2262,167,0,0
BRDA:2262,167,1,0
BRDA:2271,168,0,0
BRDA:2271,168,1,0
BRDA:2273,169,0,0
BRDA:2273,169,1,0
BRDA:2277,170,0,0
BRDA:2277,170,1,0
BRDA:2281,171,0,0
BRDA:2281,171,1,0
BRDA:2283,172,0,0
BRDA:2283,172,1,0
BRDA:2288,173,0,0
BRDA:2288,173,1,0
BRF:355
BRH:0
end_of_record
TN:
SF:src/api/websocket-router.ts
FN:54,(anonymous_0)
FN:68,(anonymous_1)
FN:70,(anonymous_2)
FN:80,(anonymous_3)
FN:89,(anonymous_4)
FN:98,(anonymous_5)
FN:107,(anonymous_6)
FN:116,(anonymous_7)
FN:126,(anonymous_8)
FN:136,(anonymous_9)
FN:137,(anonymous_10)
FN:142,(anonymous_11)
FN:152,(anonymous_12)
FN:189,(anonymous_13)
FN:205,(anonymous_14)
FN:211,(anonymous_15)
FN:216,(anonymous_16)
FN:222,(anonymous_17)
FN:258,(anonymous_18)
FN:292,(anonymous_19)
FN:328,(anonymous_20)
FN:349,(anonymous_21)
FN:374,(anonymous_22)
FN:388,(anonymous_23)
FN:393,(anonymous_24)
FN:395,(anonymous_25)
FN:408,(anonymous_26)
FN:410,(anonymous_27)
FN:411,(anonymous_28)
FN:422,(anonymous_29)
FN:435,(anonymous_30)
FN:453,(anonymous_31)
FN:463,(anonymous_32)
FN:471,(anonymous_33)
FN:476,(anonymous_34)
FN:485,(anonymous_35)
FNF:36
FNH:0
FNDA:0,(anonymous_0)
FNDA:0,(anonymous_1)
FNDA:0,(anonymous_2)
FNDA:0,(anonymous_3)
FNDA:0,(anonymous_4)
FNDA:0,(anonymous_5)
FNDA:0,(anonymous_6)
FNDA:0,(anonymous_7)
FNDA:0,(anonymous_8)
FNDA:0,(anonymous_9)
FNDA:0,(anonymous_10)
FNDA:0,(anonymous_11)
FNDA:0,(anonymous_12)
FNDA:0,(anonymous_13)
FNDA:0,(anonymous_14)
FNDA:0,(anonymous_15)
FNDA:0,(anonymous_16)
FNDA:0,(anonymous_17)
FNDA:0,(anonymous_18)
FNDA:0,(anonymous_19)
FNDA:0,(anonymous_20)
FNDA:0,(anonymous_21)
FNDA:0,(anonymous_22)
FNDA:0,(anonymous_23)
FNDA:0,(anonymous_24)
FNDA:0,(anonymous_25)
FNDA:0,(anonymous_26)
FNDA:0,(anonymous_27)
FNDA:0,(anonymous_28)
FNDA:0,(anonymous_29)
FNDA:0,(anonymous_30)
FNDA:0,(anonymous_31)
FNDA:0,(anonymous_32)
FNDA:0,(anonymous_33)
FNDA:0,(anonymous_34)
FNDA:0,(anonymous_35)
DA:49,0
DA:50,0
DA:55,0
DA:56,0
DA:57,0
DA:59,0
DA:62,0
DA:65,0
DA:70,0
DA:71,0
DA:80,0
DA:81,0
DA:89,0
DA:90,0
DA:98,0
DA:99,0
DA:107,0
DA:108,0
DA:116,0
DA:117,0
DA:126,0
DA:127,0
DA:137,0
DA:138,0
DA:142,0
DA:143,0
DA:153,0
DA:154,0
DA:164,0
DA:166,0
DA:169,0
DA:189,0
DA:190,0
DA:191,0
DA:192,0
DA:194,0
DA:205,0
DA:206,0
DA:207,0
DA:211,0
DA:212,0
DA:216,0
DA:217,0
DA:218,0
DA:223,0
DA:225,0
DA:227,0
DA:228,0
DA:230,0
DA:231,0
DA:233,0
DA:238,0
DA:240,0
DA:245,0
DA:247,0
DA:259,0
DA:261,0
DA:262,0
DA:267,0
DA:271,0
DA:274,0
DA:275,0
DA:277,0
DA:279,0
DA:281,0
DA:293,0
DA:295,0
DA:296,0
DA:301,0
DA:305,0
DA:308,0
DA:309,0
DA:310,0
DA:311,0
DA:312,0
DA:316,0
DA:318,0
DA:329,0
DA:330,0
DA:332,0
DA:335,0
DA:336,0
DA:337,0
DA:338,0
DA:339,0
DA:340,0
DA:346,0
DA:350,0
DA:351,0
DA:352,0
DA:355,0
DA:360,0
DA:361,0
DA:362,0
DA:363,0
DA:364,0
DA:365,0
DA:369,0
DA:370,0
DA:375,0
DA:376,0
DA:377,0
DA:383,0
DA:384,0
DA:389,0
DA:395,0
DA:396,0
DA:397,0
DA:399,0
DA:400,0
DA:401,0
DA:402,0
DA:408,0
DA:409,0
DA:410,0
DA:411,0
DA:413,0
DA:414,0
DA:415,0
DA:419,0
DA:423,0
DA:424,0
DA:425,0
DA:427,0
DA:428,0
DA:429,0
DA:431,0
DA:440,0
DA:441,0
DA:442,0
DA:445,0
DA:454,0
DA:464,0
DA:465,0
DA:466,0
DA:472,0
DA:477,0
DA:480,0
DA:483,0
DA:484,0
DA:485,0
DA:486,0
DA:487,0
DA:491,0
DA:493,0
DA:497,0
DA:498,0
DA:499,0
DA:501,0
LF:149
LH:0
BRDA:198,0,0,0
BRDA:198,0,1,0
BRDA:225,1,0,0
BRDA:225,1,1,0
BRDA:225,1,2,0
BRDA:225,1,3,0
BRDA:225,1,4,0
BRDA:261,2,0,0
BRDA:261,2,1,0
BRDA:261,3,0,0
BRDA:261,3,1,0
BRDA:274,4,0,0
BRDA:274,4,1,0
BRDA:295,5,0,0
BRDA:295,5,1,0
BRDA:309,6,0,0
BRDA:309,6,1,0
BRDA:311,7,0,0
BRDA:311,7,1,0
BRDA:330,8,0,0
BRDA:330,8,1,0
BRDA:337,9,0,0
BRDA:337,9,1,0
BRDA:339,10,0,0
BRDA:339,10,1,0
BRDA:351,11,0,0
BRDA:351,11,1,0
BRDA:351,12,0,0
BRDA:351,12,1,0
BRDA:363,13,0,0
BRDA:363,13,1,0
BRDA:369,14,0,0
BRDA:369,14,1,0
BRDA:376,15,0,0
BRDA:376,15,1,0
BRDA:379,16,0,0
BRDA:379,16,1,0
BRDA:400,17,0,0
BRDA:400,17,1,0
BRDA:423,18,0,0
BRDA:423,18,1,0
BRDA:427,19,0,0
BRDA:427,19,1,0
BRDA:465,20,0,0
BRDA:465,20,1,0
BRDA:486,21,0,0
BRDA:486,21,1,0
BRF:47
BRH:0
end_of_record
TN:
SF:src/api/middleware/rate-limiting.ts
FN:32,createRateLimit
FN:35,(anonymous_1)
FN:105,cleanupBuckets
FN:117,getRateLimitStats
FN:138,startCleanupInterval
FNF:5
FNH:0
FNDA:0,createRateLimit
FNDA:0,(anonymous_1)
FNDA:0,cleanupBuckets
FNDA:0,getRateLimitStats
FNDA:0,startCleanupInterval
DA:22,0
DA:25,0
DA:33,0
DA:35,0
DA:36,0
DA:37,0
DA:40,0
DA:41,0
DA:42,0
DA:46,0
DA:50,0
DA:51,0
DA:52,0
DA:53,0
DA:56,0
DA:57,0
DA:60,0
DA:61,0
DA:65,0
DA:66,0
DA:68,0
DA:80,0
DA:84,0
DA:87,0
DA:88,0
DA:89,0
DA:94,0
DA:95,0
DA:96,0
DA:99,0
DA:106,0
DA:107,0
DA:109,0
DA:110,0
DA:111,0
DA:118,0
DA:119,0
DA:126,0
DA:127,0
DA:128,0
DA:130,0
DA:131,0
DA:134,0
DA:139,0
LF:44
LH:0
BRDA:32,0,0,0
BRDA:41,1,0,0
BRDA:41,1,1,0
BRDA:56,2,0,0
BRDA:56,2,1,0
BRDA:56,3,0,0
BRDA:56,3,1,0
BRDA:60,4,0,0
BRDA:60,4,1,0
BRDA:60,5,0,0
BRDA:60,5,1,0
BRDA:65,6,0,0
BRDA:65,6,1,0
BRDA:110,7,0,0
BRDA:110,7,1,0
BRDA:127,8,0,0
BRDA:127,8,1,0
BRDA:138,9,0,0
BRF:18
BRH:0
end_of_record
TN:
SF:src/api/middleware/validation.ts
FN:40,validateSchema
FN:41,(anonymous_1)
FN:71,(anonymous_2)
FN:93,extractQuerySchema
FN:118,extractParamsSchema
FN:152,sanitizeInput
FN:153,(anonymous_6)
FN:169,sanitizeObject
FN:197,createRateLimitKey
FNF:9
FNH:0
FNDA:0,validateSchema
FNDA:0,(anonymous_1)
FNDA:0,(anonymous_2)
FNDA:0,extractQuerySchema
FNDA:0,extractParamsSchema
FNDA:0,sanitizeInput
FNDA:0,(anonymous_6)
FNDA:0,sanitizeObject
FNDA:0,createRateLimitKey
DA:13,0
DA:15,0
DA:20,0
DA:22,0
DA:41,0
DA:42,0
DA:44,0
DA:45,0
DA:49,0
DA:51,0
DA:52,0
DA:53,0
DA:58,0
DA:59,0
DA:60,0
DA:61,0
DA:65,0
DA:66,0
DA:71,0
DA:78,0
DA:81,0
DA:94,0
DA:96,0
DA:97,0
DA:98,0
DA:99,0
DA:101,0
DA:102,0
DA:104,0
DA:108,0
DA:112,0
DA:114,0
DA:119,0
DA:121,0
DA:122,0
DA:123,0
DA:124,0
DA:126,0
DA:127,0
DA:129,0
DA:133,0
DA:137,0
DA:139,0
DA:143,0
DA:147,0
DA:149,0
DA:153,0
DA:155,0
DA:156,0
DA:159,0
DA:160,0
DA:163,0
DA:164,0
DA:170,0
DA:171,0
DA:174,0
DA:175,0
DA:178,0
DA:179,0
DA:180,0
DA:182,0
DA:186,0
DA:187,0
DA:189,0
DA:193,0
DA:198,0
DA:199,0
DA:200,0
DA:201,0
DA:203,0
LF:70
LH:0
BRDA:44,0,0,0
BRDA:44,0,1,0
BRDA:49,1,0,0
BRDA:49,1,1,0
BRDA:49,2,0,0
BRDA:49,2,1,0
BRDA:52,3,0,0
BRDA:52,3,1,0
BRDA:58,4,0,0
BRDA:58,4,1,0
BRDA:58,5,0,0
BRDA:58,5,1,0
BRDA:60,6,0,0
BRDA:60,6,1,0
BRDA:65,7,0,0
BRDA:65,7,1,0
BRDA:96,8,0,0
BRDA:96,8,1,0
BRDA:102,9,0,0
BRDA:102,9,1,0
BRDA:102,10,0,0
BRDA:102,10,1,0
BRDA:102,10,2,0
BRDA:102,10,3,0
BRDA:102,10,4,0
BRDA:102,10,5,0
BRDA:108,11,0,0
BRDA:108,11,1,0
BRDA:121,12,0,0
BRDA:121,12,1,0
BRDA:127,13,0,0
BRDA:127,13,1,0
BRDA:127,14,0,0
BRDA:127,14,1,0
BRDA:127,14,2,0
BRDA:127,14,3,0
BRDA:127,14,4,0
BRDA:133,15,0,0
BRDA:133,15,1,0
BRDA:155,16,0,0
BRDA:155,16,1,0
BRDA:155,17,0,0
BRDA:155,17,1,0
BRDA:159,18,0,0
BRDA:159,18,1,0
BRDA:159,19,0,0
BRDA:159,19,1,0
BRDA:163,20,0,0
BRDA:163,20,1,0
BRDA:163,21,0,0
BRDA:163,21,1,0
BRDA:170,22,0,0
BRDA:170,22,1,0
BRDA:170,23,0,0
BRDA:170,23,1,0
BRDA:174,24,0,0
BRDA:174,24,1,0
BRDA:180,25,0,0
BRDA:180,25,1,0
BRDA:186,26,0,0
BRDA:186,26,1,0
BRDA:198,27,0,0
BRDA:198,27,1,0
BRDA:199,28,0,0
BRDA:199,28,1,0
BRF:65
BRH:0
end_of_record
TN:
SF:src/api/routes/admin.ts
FN:78,registerAdminRoutes
FN:90,(anonymous_1)
FN:93,(anonymous_2)
FN:164,(anonymous_3)
FN:237,(anonymous_4)
FN:289,(anonymous_5)
FN:317,(anonymous_6)
FN:319,(anonymous_7)
FN:395,(anonymous_8)
FN:440,(anonymous_9)
FN:483,(anonymous_10)
FN:528,(anonymous_11)
FN:560,(anonymous_12)
FNF:13
FNH:0
FNDA:0,registerAdminRoutes
FNDA:0,(anonymous_1)
FNDA:0,(anonymous_2)
FNDA:0,(anonymous_3)
FNDA:0,(anonymous_4)
FNDA:0,(anonymous_5)
FNDA:0,(anonymous_6)
FNDA:0,(anonymous_7)
FNDA:0,(anonymous_8)
FNDA:0,(anonymous_9)
FNDA:0,(anonymous_10)
FNDA:0,(anonymous_11)
FNDA:0,(anonymous_12)
DA:90,0
DA:91,0
DA:92,0
DA:93,0
DA:95,0
DA:113,0
DA:114,0
DA:115,0
DA:117,0
DA:118,0
DA:120,0
DA:124,0
DA:125,0
DA:127,0
DA:129,0
DA:132,0
DA:136,0
DA:137,0
DA:138,0
DA:140,0
DA:141,0
DA:144,0
DA:148,0
DA:153,0
DA:164,0
DA:165,0
DA:168,0
DA:169,0
DA:170,0
DA:171,0
DA:173,0
DA:191,0
DA:208,0
DA:213,0
DA:225,0
DA:238,0
DA:239,0
DA:241,0
DA:242,0
DA:249,0
DA:253,0
DA:255,0
DA:263,0
DA:268,0
DA:279,0
DA:290,0
DA:291,0
DA:296,0
DA:297,0
DA:300,0
DA:301,0
DA:304,0
DA:307,0
DA:308,0
DA:309,0
DA:310,0
DA:311,0
DA:312,0
DA:316,0
DA:317,0
DA:319,0
DA:322,0
DA:323,0
DA:324,0
DA:326,0
DA:327,0
DA:328,0
DA:330,0
DA:331,0
DA:332,0
DA:334,0
DA:338,0
DA:366,0
DA:371,0
DA:383,0
DA:396,0
DA:397,0
DA:405,0
DA:413,0
DA:418,0
DA:429,0
DA:441,0
DA:442,0
DA:448,0
DA:455,0
DA:460,0
DA:471,0
DA:484,0
DA:485,0
DA:493,0
DA:495,0
DA:500,0
DA:511,0
DA:529,0
DA:530,0
DA:536,0
DA:544,0
DA:549,0
DA:560,0
DA:561,0
DA:563,0
DA:579,0
DA:584,0
LF:103
LH:0
BRDA:96,0,0,0
BRDA:96,0,1,0
BRDA:98,1,0,0
BRDA:98,1,1,0
BRDA:99,2,0,0
BRDA:99,2,1,0
BRDA:125,3,0,0
BRDA:125,3,1,0
BRDA:136,4,0,0
BRDA:136,4,1,0
BRDA:148,5,0,0
BRDA:148,5,1,0
BRDA:168,6,0,0
BRDA:168,6,1,0
BRDA:176,7,0,0
BRDA:176,7,1,0
BRDA:180,8,0,0
BRDA:180,8,1,0
BRDA:185,9,0,0
BRDA:185,9,1,0
BRDA:218,10,0,0
BRDA:218,10,1,0
BRDA:241,11,0,0
BRDA:241,11,1,0
BRDA:296,12,0,0
BRDA:296,12,1,0
BRDA:297,13,0,0
BRDA:297,13,1,0
BRDA:309,14,0,0
BRDA:309,14,1,0
BRDA:309,15,0,0
BRDA:309,15,1,0
BRDA:311,16,0,0
BRDA:311,16,1,0
BRDA:312,17,0,0
BRDA:312,17,1,0
BRDA:326,18,0,0
BRDA:326,18,1,0
BRDA:376,19,0,0
BRDA:376,19,1,0
BRDA:407,20,0,0
BRDA:407,20,1,0
BRDA:450,21,0,0
BRDA:450,21,1,0
BRDA:538,22,0,0
BRDA:538,22,1,0
BRDA:565,23,0,0
BRDA:565,23,1,0
BRF:48
BRH:0
end_of_record
TN:
SF:src/api/routes/code.ts
FN:57,registerCodeRoutes
FN:91,(anonymous_1)
FN:132,(anonymous_2)
FN:271,(anonymous_3)
FN:345,(anonymous_4)
FN:392,(anonymous_5)
FN:424,analyzeCodeChanges
FN:529,parseContentAsFile
FN:559,findAffectedSymbols
FN:599,detectBreakingChange
FN:633,analyzeKnowledgeGraphImpact
FN:661,(anonymous_11)
FN:672,findEntitiesInFile
FN:683,(anonymous_13)
FN:691,generateRecommendations
FN:722,(anonymous_15)
FN:738,runTypeScriptValidation
FN:767,runESLintValidation
FN:796,runSecurityValidation
FN:856,runTestValidation
FN:873,runArchitectureValidation
FN:913,analyzeCodeComplexity
FN:942,(anonymous_22)
FN:943,(anonymous_23)
FN:948,analyzeCodePatterns
FN:965,(anonymous_25)
FN:966,(anonymous_26)
FN:980,analyzeCodeDuplicates
FN:1001,(anonymous_28)
FN:1002,(anonymous_29)
FN:1010,(anonymous_30)
FN:1015,analyzeCodeDependencies
FN:1033,(anonymous_32)
FN:1045,(anonymous_33)
FN:1053,(anonymous_34)
FN:1059,calculateComplexity
FN:1081,extractPatterns
FN:1099,extractCodeBlocks
FN:1117,simpleHash
FNF:39
FNH:0
FNDA:0,registerCodeRoutes
FNDA:0,(anonymous_1)
FNDA:0,(anonymous_2)
FNDA:0,(anonymous_3)
FNDA:0,(anonymous_4)
FNDA:0,(anonymous_5)
FNDA:0,analyzeCodeChanges
FNDA:0,parseContentAsFile
FNDA:0,findAffectedSymbols
FNDA:0,detectBreakingChange
FNDA:0,analyzeKnowledgeGraphImpact
FNDA:0,(anonymous_11)
FNDA:0,findEntitiesInFile
FNDA:0,(anonymous_13)
FNDA:0,generateRecommendations
FNDA:0,(anonymous_15)
FNDA:0,runTypeScriptValidation
FNDA:0,runESLintValidation
FNDA:0,runSecurityValidation
FNDA:0,runTestValidation
FNDA:0,runArchitectureValidation
FNDA:0,analyzeCodeComplexity
FNDA:0,(anonymous_22)
FNDA:0,(anonymous_23)
FNDA:0,analyzeCodePatterns
FNDA:0,(anonymous_25)
FNDA:0,(anonymous_26)
FNDA:0,analyzeCodeDuplicates
FNDA:0,(anonymous_28)
FNDA:0,(anonymous_29)
FNDA:0,(anonymous_30)
FNDA:0,analyzeCodeDependencies
FNDA:0,(anonymous_32)
FNDA:0,(anonymous_33)
FNDA:0,(anonymous_34)
FNDA:0,calculateComplexity
FNDA:0,extractPatterns
FNDA:0,extractCodeBlocks
FNDA:0,simpleHash
DA:65,0
DA:92,0
DA:93,0
DA:96,0
DA:98,0
DA:103,0
DA:114,0
DA:133,0
DA:134,0
DA:135,0
DA:137,0
DA:178,0
DA:179,0
DA:180,0
DA:181,0
DA:183,0
DA:188,0
DA:189,0
DA:190,0
DA:191,0
DA:193,0
DA:198,0
DA:199,0
DA:200,0
DA:201,0
DA:203,0
DA:208,0
DA:209,0
DA:210,0
DA:211,0
DA:213,0
DA:218,0
DA:219,0
DA:220,0
DA:221,0
DA:223,0
DA:228,0
DA:233,0
DA:234,0
DA:237,0
DA:239,0
DA:244,0
DA:256,0
DA:272,0
DA:273,0
DA:279,0
DA:287,0
DA:289,0
DA:290,0
DA:292,0
DA:293,0
DA:295,0
DA:296,0
DA:298,0
DA:299,0
DA:301,0
DA:304,0
DA:309,0
DA:321,0
DA:346,0
DA:347,0
DA:348,0
DA:355,0
DA:357,0
DA:366,0
DA:377,0
DA:393,0
DA:394,0
DA:401,0
DA:403,0
DA:412,0
DA:429,0
DA:430,0
DA:431,0
DA:432,0
DA:433,0
DA:434,0
DA:436,0
DA:438,0
DA:439,0
DA:441,0
DA:442,0
DA:445,0
DA:447,0
DA:448,0
DA:457,0
DA:458,0
DA:459,0
DA:463,0
DA:464,0
DA:465,0
DA:466,0
DA:468,0
DA:470,0
DA:472,0
DA:473,0
DA:474,0
DA:483,0
DA:485,0
DA:486,0
DA:487,0
DA:495,0
DA:505,0
DA:508,0
DA:509,0
DA:516,0
DA:535,0
DA:537,0
DA:539,0
DA:542,0
DA:545,0
DA:547,0
DA:550,0
DA:551,0
DA:554,0
DA:560,0
DA:563,0
DA:564,0
DA:566,0
DA:567,0
DA:568,0
DA:569,0
DA:573,0
DA:574,0
DA:575,0
DA:576,0
DA:581,0
DA:582,0
DA:583,0
DA:584,0
DA:589,0
DA:590,0
DA:591,0
DA:595,0
DA:606,0
DA:608,0
DA:609,0
DA:610,0
DA:611,0
DA:619,0
DA:622,0
DA:629,0
DA:637,0
DA:638,0
DA:639,0
DA:641,0
DA:643,0
DA:649,0
DA:650,0
DA:651,0
DA:652,0
DA:653,0
DA:655,0
DA:661,0
DA:662,0
DA:665,0
DA:668,0
DA:676,0
DA:677,0
DA:683,0
DA:685,0
DA:686,0
DA:695,0
DA:697,0
DA:698,0
DA:710,0
DA:711,0
DA:722,0
DA:723,0
DA:734,0
DA:740,0
DA:747,0
DA:748,0
DA:750,0
DA:751,0
DA:752,0
DA:764,0
DA:769,0
DA:776,0
DA:777,0
DA:779,0
DA:780,0
DA:781,0
DA:793,0
DA:798,0
DA:807,0
DA:809,0
DA:810,0
DA:811,0
DA:831,0
DA:832,0
DA:833,0
DA:853,0
DA:858,0
DA:870,0
DA:875,0
DA:881,0
DA:883,0
DA:884,0
DA:885,0
DA:896,0
DA:897,0
DA:898,0
DA:909,0
DA:914,0
DA:915,0
DA:917,0
DA:918,0
DA:919,0
DA:920,0
DA:921,0
DA:926,0
DA:928,0
DA:936,0
DA:942,0
DA:943,0
DA:949,0
DA:951,0
DA:952,0
DA:953,0
DA:954,0
DA:956,0
DA:957,0
DA:964,0
DA:965,0
DA:966,0
DA:968,0
DA:981,0
DA:983,0
DA:984,0
DA:985,0
DA:986,0
DA:988,0
DA:989,0
DA:990,0
DA:991,0
DA:993,0
DA:1000,0
DA:1001,0
DA:1002,0
DA:1004,0
DA:1010,0
DA:1016,0
DA:1018,0
DA:1019,0
DA:1020,0
DA:1026,0
DA:1027,0
DA:1028,0
DA:1033,0
DA:1034,0
DA:1042,0
DA:1045,0
DA:1053,0
DA:1060,0
DA:1061,0
DA:1064,0
DA:1065,0
DA:1066,0
DA:1067,0
DA:1068,0
DA:1069,0
DA:1070,0
DA:1071,0
DA:1072,0
DA:1078,0
DA:1082,0
DA:1085,0
DA:1086,0
DA:1087,0
DA:1088,0
DA:1090,0
DA:1091,0
DA:1096,0
DA:1101,0
DA:1103,0
DA:1104,0
DA:1105,0
DA:1106,0
DA:1114,0
DA:1118,0
DA:1119,0
DA:1120,0
DA:1121,0
DA:1122,0
DA:1124,0
LF:286
LH:0
BRDA:178,0,0,0
BRDA:178,0,1,0
BRDA:178,1,0,0
BRDA:178,1,1,0
BRDA:180,2,0,0
BRDA:180,2,1,0
BRDA:188,3,0,0
BRDA:188,3,1,0
BRDA:188,4,0,0
BRDA:188,4,1,0
BRDA:190,5,0,0
BRDA:190,5,1,0
BRDA:198,6,0,0
BRDA:198,6,1,0
BRDA:198,7,0,0
BRDA:198,7,1,0
BRDA:200,8,0,0
BRDA:200,8,1,0
BRDA:208,9,0,0
BRDA:208,9,1,0
BRDA:208,10,0,0
BRDA:208,10,1,0
BRDA:218,11,0,0
BRDA:218,11,1,0
BRDA:218,12,0,0
BRDA:218,12,1,0
BRDA:220,13,0,0
BRDA:220,13,1,0
BRDA:234,14,0,0
BRDA:234,14,1,0
BRDA:235,15,0,0
BRDA:235,15,1,0
BRDA:249,16,0,0
BRDA:249,16,1,0
BRDA:287,17,0,0
BRDA:287,17,1,0
BRDA:287,17,2,0
BRDA:287,17,3,0
BRDA:287,17,4,0
BRDA:314,18,0,0
BRDA:314,18,1,0
BRDA:439,19,0,0
BRDA:439,19,1,0
BRDA:439,20,0,0
BRDA:439,20,1,0
BRDA:439,20,2,0
BRDA:458,21,0,0
BRDA:458,21,1,0
BRDA:468,22,0,0
BRDA:468,22,1,0
BRDA:468,23,0,0
BRDA:468,23,1,0
BRDA:473,24,0,0
BRDA:473,24,1,0
BRDA:483,25,0,0
BRDA:483,25,1,0
BRDA:567,26,0,0
BRDA:567,26,1,0
BRDA:574,27,0,0
BRDA:574,27,1,0
BRDA:583,28,0,0
BRDA:583,28,1,0
BRDA:583,29,0,0
BRDA:583,29,1,0
BRDA:590,30,0,0
BRDA:590,30,1,0
BRDA:606,31,0,0
BRDA:606,31,1,0
BRDA:610,32,0,0
BRDA:610,32,1,0
BRDA:619,33,0,0
BRDA:619,33,1,0
BRDA:650,34,0,0
BRDA:650,34,1,0
BRDA:652,35,0,0
BRDA:652,35,1,0
BRDA:697,36,0,0
BRDA:697,36,1,0
BRDA:710,37,0,0
BRDA:710,37,1,0
BRDA:722,38,0,0
BRDA:722,38,1,0
BRDA:748,39,0,0
BRDA:748,39,1,0
BRDA:748,40,0,0
BRDA:748,40,1,0
BRDA:750,41,0,0
BRDA:750,41,1,0
BRDA:777,42,0,0
BRDA:777,42,1,0
BRDA:777,43,0,0
BRDA:777,43,1,0
BRDA:777,43,2,0
BRDA:779,44,0,0
BRDA:779,44,1,0
BRDA:809,45,0,0
BRDA:809,45,1,0
BRDA:831,46,0,0
BRDA:831,46,1,0
BRDA:883,47,0,0
BRDA:883,47,1,0
BRDA:896,48,0,0
BRDA:896,48,1,0
BRDA:957,49,0,0
BRDA:957,49,1,0
BRDA:990,50,0,0
BRDA:990,50,1,0
BRDA:1027,51,0,0
BRDA:1027,51,1,0
BRDA:1052,52,0,0
BRDA:1052,52,1,0
BRDA:1064,53,0,0
BRDA:1064,53,1,0
BRDA:1066,54,0,0
BRDA:1066,54,1,0
BRDA:1067,55,0,0
BRDA:1067,55,1,0
BRDA:1070,56,0,0
BRDA:1070,56,1,0
BRDA:1085,57,0,0
BRDA:1085,57,1,0
BRDA:1087,58,0,0
BRDA:1087,58,1,0
BRDA:1087,59,0,0
BRDA:1087,59,1,0
BRDA:1088,60,0,0
BRDA:1088,60,1,0
BRDA:1090,61,0,0
BRDA:1090,61,1,0
BRDA:1090,62,0,0
BRDA:1090,62,1,0
BRDA:1091,63,0,0
BRDA:1091,63,1,0
BRDA:1103,64,0,0
BRDA:1103,64,1,0
BRDA:1105,65,0,0
BRDA:1105,65,1,0
BRDA:1105,66,0,0
BRDA:1105,66,1,0
BRDA:1108,67,0,0
BRDA:1108,67,1,0
BRF:141
BRH:0
end_of_record
TN:
SF:src/api/routes/design.ts
FN:20,registerDesignRoutes
FN:63,(anonymous_1)
FN:90,(anonymous_2)
FN:120,(anonymous_3)
FN:149,(anonymous_4)
FN:190,createSpec
FN:240,getSpec
FN:280,updateSpec
FN:308,(anonymous_8)
FN:323,listSpecs
FN:370,(anonymous_10)
FN:383,validateSpec
FN:451,(anonymous_12)
FN:472,(anonymous_13)
FNF:14
FNH:0
FNDA:0,registerDesignRoutes
FNDA:0,(anonymous_1)
FNDA:0,(anonymous_2)
FNDA:0,(anonymous_3)
FNDA:0,(anonymous_4)
FNDA:0,createSpec
FNDA:0,getSpec
FNDA:0,updateSpec
FNDA:0,(anonymous_8)
FNDA:0,listSpecs
FNDA:0,(anonymous_10)
FNDA:0,validateSpec
FNDA:0,(anonymous_12)
FNDA:0,(anonymous_13)
DA:27,0
DA:64,0
DA:65,0
DA:66,0
DA:76,0
DA:87,0
DA:91,0
DA:92,0
DA:93,0
DA:95,0
DA:105,0
DA:116,0
DA:121,0
DA:122,0
DA:123,0
DA:125,0
DA:135,0
DA:146,0
DA:150,0
DA:151,0
DA:152,0
DA:154,0
DA:165,0
DA:166,0
DA:195,0
DA:197,0
DA:216,0
DA:219,0
DA:231,0
DA:233,0
DA:245,0
DA:250,0
DA:251,0
DA:254,0
DA:257,0
DA:258,0
DA:259,0
DA:272,0
DA:287,0
DA:292,0
DA:293,0
DA:296,0
DA:299,0
DA:306,0
DA:307,0
DA:308,0
DA:312,0
DA:318,0
DA:320,0
DA:328,0
DA:329,0
DA:330,0
DA:333,0
DA:334,0
DA:335,0
DA:336,0
DA:339,0
DA:340,0
DA:341,0
DA:342,0
DA:345,0
DA:346,0
DA:347,0
DA:348,0
DA:351,0
DA:352,0
DA:353,0
DA:354,0
DA:358,0
DA:359,0
DA:360,0
DA:363,0
DA:364,0
DA:365,0
DA:366,0
DA:368,0
DA:370,0
DA:372,0
DA:388,0
DA:389,0
DA:392,0
DA:393,0
DA:402,0
DA:403,0
DA:416,0
DA:417,0
DA:426,0
DA:427,0
DA:440,0
DA:441,0
DA:451,0
DA:452,0
DA:453,0
DA:466,0
DA:467,0
DA:471,0
DA:472,0
LF:97
LH:0
BRDA:80,0,0,0
BRDA:80,0,1,0
BRDA:109,1,0,0
BRDA:109,1,1,0
BRDA:139,2,0,0
BRDA:139,2,1,0
BRDA:171,3,0,0
BRDA:171,3,1,0
BRDA:177,4,0,0
BRDA:177,4,1,0
BRDA:209,5,0,0
BRDA:209,5,1,0
BRDA:211,6,0,0
BRDA:211,6,1,0
BRDA:250,7,0,0
BRDA:250,7,1,0
BRDA:292,8,0,0
BRDA:292,8,1,0
BRDA:307,9,0,0
BRDA:307,9,1,0
BRDA:333,10,0,0
BRDA:333,10,1,0
BRDA:333,11,0,0
BRDA:333,11,1,0
BRDA:339,12,0,0
BRDA:339,12,1,0
BRDA:339,13,0,0
BRDA:339,13,1,0
BRDA:345,14,0,0
BRDA:345,14,1,0
BRDA:351,15,0,0
BRDA:351,15,1,0
BRDA:358,16,0,0
BRDA:358,16,1,0
BRDA:359,17,0,0
BRDA:359,17,1,0
BRDA:363,18,0,0
BRDA:363,18,1,0
BRDA:364,19,0,0
BRDA:364,19,1,0
BRDA:392,20,0,0
BRDA:392,20,1,0
BRDA:392,21,0,0
BRDA:392,21,1,0
BRDA:402,22,0,0
BRDA:402,22,1,0
BRDA:416,23,0,0
BRDA:416,23,1,0
BRDA:416,24,0,0
BRDA:416,24,1,0
BRDA:426,25,0,0
BRDA:426,25,1,0
BRDA:440,26,0,0
BRDA:440,26,1,0
BRDA:440,27,0,0
BRDA:440,27,1,0
BRDA:452,28,0,0
BRDA:452,28,1,0
BRDA:466,29,0,0
BRDA:466,29,1,0
BRF:60
BRH:0
end_of_record
TN:
SF:src/api/routes/docs.ts
FN:18,registerDocsRoutes
FN:36,(anonymous_1)
FN:59,(anonymous_2)
FN:94,(anonymous_3)
FN:104,(anonymous_4)
FN:105,(anonymous_5)
FN:127,(anonymous_6)
FN:168,(anonymous_7)
FN:179,(anonymous_8)
FN:180,(anonymous_9)
FN:187,(anonymous_10)
FN:233,(anonymous_11)
FN:299,(anonymous_12)
FN:354,(anonymous_13)
FNF:14
FNH:0
FNDA:0,registerDocsRoutes
FNDA:0,(anonymous_1)
FNDA:0,(anonymous_2)
FNDA:0,(anonymous_3)
FNDA:0,(anonymous_4)
FNDA:0,(anonymous_5)
FNDA:0,(anonymous_6)
FNDA:0,(anonymous_7)
FNDA:0,(anonymous_8)
FNDA:0,(anonymous_9)
FNDA:0,(anonymous_10)
FNDA:0,(anonymous_11)
FNDA:0,(anonymous_12)
FNDA:0,(anonymous_13)
DA:26,0
DA:37,0
DA:38,0
DA:40,0
DA:42,0
DA:47,0
DA:59,0
DA:60,0
DA:61,0
DA:67,0
DA:72,0
DA:84,0
DA:95,0
DA:96,0
DA:99,0
DA:104,0
DA:105,0
DA:106,0
DA:110,0
DA:115,0
DA:127,0
DA:128,0
DA:129,0
DA:135,0
DA:140,0
DA:152,0
DA:169,0
DA:170,0
DA:171,0
DA:174,0
DA:179,0
DA:180,0
DA:181,0
DA:186,0
DA:187,0
DA:188,0
DA:190,0
DA:203,0
DA:208,0
DA:220,0
DA:234,0
DA:235,0
DA:243,0
DA:248,0
DA:251,0
DA:258,0
DA:269,0
DA:274,0
DA:286,0
DA:300,0
DA:301,0
DA:308,0
DA:314,0
DA:320,0
DA:325,0
DA:337,0
DA:355,0
DA:356,0
DA:362,0
DA:363,0
DA:364,0
DA:366,0
DA:367,0
DA:368,0
DA:369,0
DA:372,0
DA:373,0
DA:377,0
DA:382,0
DA:383,0
DA:384,0
DA:388,0
DA:389,0
DA:391,0
DA:394,0
DA:400,0
DA:401,0
DA:409,0
DA:421,0
DA:426,0
LF:80
LH:0
BRDA:52,0,0,0
BRDA:52,0,1,0
BRDA:77,1,0,0
BRDA:77,1,1,0
BRDA:120,2,0,0
BRDA:120,2,1,0
BRDA:145,3,0,0
BRDA:145,3,1,0
BRDA:188,4,0,0
BRDA:188,4,1,0
BRDA:188,5,0,0
BRDA:188,5,1,0
BRDA:192,6,0,0
BRDA:192,6,1,0
BRDA:213,7,0,0
BRDA:213,7,1,0
BRDA:243,8,0,0
BRDA:243,8,1,0
BRDA:244,9,0,0
BRDA:244,9,1,0
BRDA:253,10,0,0
BRDA:253,10,1,0
BRDA:261,11,0,0
BRDA:261,11,1,0
BRDA:262,12,0,0
BRDA:262,12,1,0
BRDA:263,13,0,0
BRDA:263,13,1,0
BRDA:279,14,0,0
BRDA:279,14,1,0
BRDA:330,15,0,0
BRDA:330,15,1,0
BRDA:372,16,0,0
BRDA:372,16,1,0
BRDA:372,17,0,0
BRDA:372,17,1,0
BRDA:377,18,0,0
BRDA:377,18,1,0
BRDA:377,19,0,0
BRDA:377,19,1,0
BRDA:382,20,0,0
BRDA:382,20,1,0
BRDA:383,21,0,0
BRDA:383,21,1,0
BRDA:388,22,0,0
BRDA:388,22,1,0
BRDA:396,23,0,0
BRDA:396,23,1,0
BRDA:404,24,0,0
BRDA:404,24,1,0
BRDA:416,25,0,0
BRDA:416,25,1,0
BRDA:417,26,0,0
BRDA:417,26,1,0
BRDA:431,27,0,0
BRDA:431,27,1,0
BRF:56
BRH:0
end_of_record
TN:
SF:src/api/routes/graph.ts
FN:80,registerGraphRoutes
FN:125,(anonymous_1)
FN:149,(anonymous_2)
FN:150,(anonymous_3)
FN:191,(anonymous_4)
FN:225,(anonymous_5)
FN:263,(anonymous_6)
FN:275,(anonymous_7)
FN:323,(anonymous_8)
FNF:9
FNH:0
FNDA:0,registerGraphRoutes
FNDA:0,(anonymous_1)
FNDA:0,(anonymous_2)
FNDA:0,(anonymous_3)
FNDA:0,(anonymous_4)
FNDA:0,(anonymous_5)
FNDA:0,(anonymous_6)
FNDA:0,(anonymous_7)
FNDA:0,(anonymous_8)
DA:87,0
DA:126,0
DA:127,0
DA:130,0
DA:133,0
DA:134,0
DA:135,0
DA:137,0
DA:139,0
DA:140,0
DA:141,0
DA:145,0
DA:149,0
DA:150,0
DA:155,0
DA:157,0
DA:164,0
DA:169,0
DA:181,0
DA:192,0
DA:193,0
DA:196,0
DA:198,0
DA:203,0
DA:215,0
DA:226,0
DA:227,0
DA:230,0
DA:232,0
DA:237,0
DA:249,0
DA:264,0
DA:265,0
DA:275,0
DA:278,0
DA:287,0
DA:298,0
DA:310,0
DA:324,0
DA:325,0
DA:334,0
DA:342,0
DA:353,0
LF:43
LH:0
BRDA:137,0,0,0
BRDA:137,0,1,0
BRDA:137,1,0,0
BRDA:137,1,1,0
BRDA:174,2,0,0
BRDA:174,2,1,0
BRDA:208,3,0,0
BRDA:208,3,1,0
BRDA:242,4,0,0
BRDA:242,4,1,0
BRDA:275,5,0,0
BRDA:275,5,1,0
BRDA:291,6,0,0
BRDA:291,6,1,0
BRDA:291,7,0,0
BRDA:291,7,1,0
BRDA:292,8,0,0
BRDA:292,8,1,0
BRDA:294,9,0,0
BRDA:294,9,1,0
BRDA:294,10,0,0
BRDA:294,10,1,0
BRDA:303,11,0,0
BRDA:303,11,1,0
BRDA:346,12,0,0
BRDA:346,12,1,0
BRDA:346,13,0,0
BRDA:346,13,1,0
BRDA:347,14,0,0
BRDA:347,14,1,0
BRDA:349,15,0,0
BRDA:349,15,1,0
BRDA:349,16,0,0
BRDA:349,16,1,0
BRDA:358,17,0,0
BRDA:358,17,1,0
BRF:36
BRH:0
end_of_record
TN:
SF:src/api/routes/impact.ts
FN:50,registerImpactRoutes
FN:81,(anonymous_1)
FN:134,(anonymous_2)
FN:197,(anonymous_3)
FN:203,(anonymous_4)
FN:247,(anonymous_5)
FNF:6
FNH:0
FNDA:0,registerImpactRoutes
FNDA:0,(anonymous_1)
FNDA:0,(anonymous_2)
FNDA:0,(anonymous_3)
FNDA:0,(anonymous_4)
FNDA:0,(anonymous_5)
DA:57,0
DA:82,0
DA:83,0
DA:86,0
DA:101,0
DA:106,0
DA:117,0
DA:135,0
DA:136,0
DA:137,0
DA:143,0
DA:151,0
DA:156,0
DA:167,0
DA:198,0
DA:199,0
DA:202,0
DA:203,0
DA:214,0
DA:219,0
DA:230,0
DA:248,0
DA:249,0
DA:250,0
DA:256,0
DA:266,0
DA:271,0
LF:27
LH:0
BRDA:145,0,0,0
BRDA:145,0,1,0
BRF:2
BRH:0
end_of_record
TN:
SF:src/api/routes/scm.ts
FN:33,registerSCMRoutes
FN:58,(anonymous_1)
FN:86,(anonymous_2)
FN:132,(anonymous_3)
FN:176,(anonymous_4)
FN:208,(anonymous_5)
FN:243,(anonymous_6)
FN:284,(anonymous_7)
FN:333,(anonymous_8)
FNF:9
FNH:0
FNDA:0,registerSCMRoutes
FNDA:0,(anonymous_1)
FNDA:0,(anonymous_2)
FNDA:0,(anonymous_3)
FNDA:0,(anonymous_4)
FNDA:0,(anonymous_5)
FNDA:0,(anonymous_6)
FNDA:0,(anonymous_7)
FNDA:0,(anonymous_8)
DA:40,0
DA:59,0
DA:60,0
DA:63,0
DA:70,0
DA:75,0
DA:86,0
DA:87,0
DA:89,0
DA:104,0
DA:109,0
DA:120,0
DA:133,0
DA:134,0
DA:141,0
DA:149,0
DA:154,0
DA:165,0
DA:177,0
DA:178,0
DA:185,0
DA:192,0
DA:197,0
DA:208,0
DA:209,0
DA:211,0
DA:216,0
DA:221,0
DA:232,0
DA:244,0
DA:245,0
DA:251,0
DA:257,0
DA:262,0
DA:273,0
DA:285,0
DA:286,0
DA:293,0
DA:305,0
DA:310,0
DA:321,0
DA:334,0
DA:335,0
DA:343,0
DA:345,0
DA:350,0
LF:46
LH:0
BRDA:65,0,0,0
BRDA:65,0,1,0
BRDA:66,1,0,0
BRDA:66,1,1,0
BRDA:144,2,0,0
BRDA:144,2,1,0
BRDA:187,3,0,0
BRDA:187,3,1,0
BRDA:188,4,0,0
BRDA:188,4,1,0
BRDA:253,5,0,0
BRDA:253,5,1,0
BRDA:294,6,0,0
BRDA:294,6,1,0
BRDA:295,7,0,0
BRDA:295,7,1,0
BRDA:296,8,0,0
BRDA:296,8,1,0
BRF:18
BRH:0
end_of_record
TN:
SF:src/api/routes/security.ts
FN:44,registerSecurityRoutes
FN:75,(anonymous_1)
FN:98,(anonymous_2)
FN:134,(anonymous_3)
FN:181,(anonymous_4)
FN:233,(anonymous_5)
FN:284,(anonymous_6)
FN:336,(anonymous_7)
FN:346,(anonymous_8)
FNF:9
FNH:0
FNDA:0,registerSecurityRoutes
FNDA:0,(anonymous_1)
FNDA:0,(anonymous_2)
FNDA:0,(anonymous_3)
FNDA:0,(anonymous_4)
FNDA:0,(anonymous_5)
FNDA:0,(anonymous_6)
FNDA:0,(anonymous_7)
FNDA:0,(anonymous_8)
DA:52,0
DA:76,0
DA:77,0
DA:79,0
DA:81,0
DA:86,0
DA:87,0
DA:98,0
DA:99,0
DA:100,0
DA:102,0
DA:107,0
DA:108,0
DA:119,0
DA:135,0
DA:136,0
DA:142,0
DA:143,0
DA:145,0
DA:150,0
DA:151,0
DA:162,0
DA:182,0
DA:183,0
DA:191,0
DA:198,0
DA:200,0
DA:211,0
DA:212,0
DA:223,0
DA:234,0
DA:235,0
DA:240,0
DA:241,0
DA:248,0
DA:251,0
DA:252,0
DA:254,0
DA:259,0
DA:260,0
DA:271,0
DA:285,0
DA:286,0
DA:291,0
DA:292,0
DA:294,0
DA:296,0
DA:301,0
DA:302,0
DA:313,0
DA:337,0
DA:338,0
DA:343,0
DA:346,0
DA:354,0
DA:356,0
DA:363,0
DA:368,0
DA:369,0
LF:59
LH:0
BRDA:91,0,0,0
BRDA:91,0,1,0
BRDA:112,1,0,0
BRDA:112,1,1,0
BRDA:142,2,0,0
BRDA:142,2,1,0
BRDA:155,3,0,0
BRDA:155,3,1,0
BRDA:192,4,0,0
BRDA:192,4,1,0
BRDA:193,5,0,0
BRDA:193,5,1,0
BRDA:194,6,0,0
BRDA:194,6,1,0
BRDA:195,7,0,0
BRDA:195,7,1,0
BRDA:204,8,0,0
BRDA:204,8,1,0
BRDA:204,9,0,0
BRDA:204,9,1,0
BRDA:205,10,0,0
BRDA:205,10,1,0
BRDA:207,11,0,0
BRDA:207,11,1,0
BRDA:207,12,0,0
BRDA:207,12,1,0
BRDA:216,13,0,0
BRDA:216,13,1,0
BRDA:240,14,0,0
BRDA:240,14,1,0
BRDA:240,15,0,0
BRDA:240,15,1,0
BRDA:251,16,0,0
BRDA:251,16,1,0
BRDA:264,17,0,0
BRDA:264,17,1,0
BRDA:291,18,0,0
BRDA:291,18,1,0
BRDA:292,19,0,0
BRDA:292,19,1,0
BRDA:306,20,0,0
BRDA:306,20,1,0
BRDA:345,21,0,0
BRDA:345,21,1,0
BRDA:349,22,0,0
BRDA:349,22,1,0
BRDA:350,23,0,0
BRDA:350,23,1,0
BRDA:373,24,0,0
BRDA:373,24,1,0
BRF:50
BRH:0
end_of_record
TN:
SF:src/api/routes/tests.ts
FN:130,registerTestRoutes
FN:162,(anonymous_1)
FN:313,(anonymous_2)
FN:325,(anonymous_3)
FN:326,(anonymous_4)
FN:327,(anonymous_5)
FN:328,(anonymous_6)
FN:329,(anonymous_7)
FN:375,(anonymous_8)
FN:408,(anonymous_9)
FN:441,(anonymous_10)
FN:474,(anonymous_11)
FN:482,(anonymous_12)
FNF:13
FNH:0
FNDA:0,registerTestRoutes
FNDA:0,(anonymous_1)
FNDA:0,(anonymous_2)
FNDA:0,(anonymous_3)
FNDA:0,(anonymous_4)
FNDA:0,(anonymous_5)
FNDA:0,(anonymous_6)
FNDA:0,(anonymous_7)
FNDA:0,(anonymous_8)
FNDA:0,(anonymous_9)
FNDA:0,(anonymous_10)
FNDA:0,(anonymous_11)
FNDA:0,(anonymous_12)
DA:138,0
DA:163,0
DA:164,0
DA:167,0
DA:168,0
DA:169,0
DA:179,0
DA:187,0
DA:188,0
DA:189,0
DA:204,0
DA:205,0
DA:219,0
DA:220,0
DA:234,0
DA:235,0
DA:249,0
DA:251,0
DA:258,0
DA:264,0
DA:269,0
DA:280,0
DA:314,0
DA:315,0
DA:320,0
DA:325,0
DA:326,0
DA:327,0
DA:328,0
DA:329,0
DA:343,0
DA:345,0
DA:350,0
DA:361,0
DA:376,0
DA:377,0
DA:380,0
DA:382,0
DA:387,0
DA:398,0
DA:409,0
DA:410,0
DA:413,0
DA:415,0
DA:420,0
DA:431,0
DA:442,0
DA:443,0
DA:446,0
DA:448,0
DA:453,0
DA:464,0
DA:475,0
DA:476,0
DA:479,0
DA:482,0
DA:484,0
DA:485,0
DA:494,0
DA:499,0
LF:60
LH:0
BRDA:168,0,0,0
BRDA:168,0,1,0
BRDA:168,1,0,0
BRDA:168,1,1,0
BRDA:187,2,0,0
BRDA:187,2,1,0
BRDA:187,3,0,0
BRDA:187,3,1,0
BRDA:204,4,0,0
BRDA:204,4,1,0
BRDA:204,5,0,0
BRDA:204,5,1,0
BRDA:219,6,0,0
BRDA:219,6,1,0
BRDA:219,7,0,0
BRDA:219,7,1,0
BRDA:234,8,0,0
BRDA:234,8,1,0
BRDA:315,9,0,0
BRDA:315,9,1,0
BRDA:484,10,0,0
BRDA:484,10,1,0
BRF:22
BRH:0
end_of_record
TN:
SF:src/api/trpc/base.ts
FN:20,(anonymous_1)
FNF:1
FNH:0
FNDA:0,(anonymous_1)
DA:1,14
DA:2,14
DA:3,0
DA:18,0
DA:21,0
DA:32,0
DA:33,0
LF:7
LH:2
BRDA:25,0,0,0
BRDA:25,0,1,0
BRF:2
BRH:0
end_of_record
TN:
SF:src/api/trpc/client.ts
FN:10,(anonymous_1)
FN:17,(anonymous_2)
FNF:2
FNH:0
FNDA:0,(anonymous_1)
FNDA:0,(anonymous_2)
DA:6,2
DA:7,2
DA:10,0
DA:11,0
DA:17,0
LF:5
LH:2
BRF:0
BRH:0
end_of_record
TN:
SF:src/api/trpc/openapi.ts
FNF:0
FNH:0
DA:6,2
DA:7,2
DA:10,0
DA:57,0
LF:4
LH:2
BRF:0
BRH:0
end_of_record
TN:
SF:src/api/trpc/router.ts
FN:13,(anonymous_0)
FN:29,(anonymous_1)
FNF:2
FNH:0
FNDA:0,(anonymous_0)
FNDA:0,(anonymous_1)
DA:13,4
DA:19,0
DA:24,4
DA:27,0
DA:30,0
DA:31,0
LF:6
LH:2
BRF:0
BRH:0
end_of_record
TN:
SF:src/api/trpc/routes/admin.ts
FN:18,(anonymous_0)
FN:30,(anonymous_1)
FN:46,(anonymous_2)
FN:60,(anonymous_3)
FN:71,(anonymous_4)
FN:90,(anonymous_5)
FNF:6
FNH:0
FNDA:0,(anonymous_0)
FNDA:0,(anonymous_1)
FNDA:0,(anonymous_2)
FNDA:0,(anonymous_3)
FNDA:0,(anonymous_4)
FNDA:0,(anonymous_5)
DA:6,2
DA:7,2
DA:9,0
DA:20,0
DA:21,0
DA:32,0
DA:48,0
DA:62,0
DA:73,0
DA:92,0
LF:10
LH:2
BRDA:50,0,0,0
BRDA:50,0,1,0
BRDA:75,1,0,0
BRDA:75,1,1,0
BRF:4
BRH:0
end_of_record
TN:
SF:src/api/trpc/routes/code.ts
FN:18,(anonymous_0)
FN:39,(anonymous_1)
FN:55,(anonymous_2)
FN:66,(anonymous_3)
FN:73,(anonymous_4)
FNF:5
FNH:0
FNDA:0,(anonymous_0)
FNDA:0,(anonymous_1)
FNDA:0,(anonymous_2)
FNDA:0,(anonymous_3)
FNDA:0,(anonymous_4)
DA:6,2
DA:7,2
DA:9,0
DA:20,0
DA:22,0
DA:41,0
DA:43,0
DA:56,0
DA:57,0
DA:67,0
DA:69,0
DA:71,0
DA:73,0
DA:74,0
DA:76,0
DA:78,0
DA:80,0
DA:82,0
DA:84,0
DA:89,0
LF:20
LH:2
BRDA:25,0,0,0
BRDA:25,0,1,0
BRDA:26,1,0,0
BRDA:26,1,1,0
BRDA:71,2,0,0
BRDA:71,2,1,0
BRDA:74,3,0,0
BRDA:74,3,1,0
BRDA:74,3,2,0
BRDA:74,3,3,0
BRDA:74,3,4,0
BRDA:76,4,0,0
BRDA:76,4,1,0
BRDA:76,4,2,0
BRDA:78,5,0,0
BRDA:78,5,1,0
BRDA:78,5,2,0
BRDA:80,6,0,0
BRDA:80,6,1,0
BRDA:80,6,2,0
BRDA:82,7,0,0
BRDA:82,7,1,0
BRDA:82,7,2,0
BRF:23
BRH:0
end_of_record
TN:
SF:src/api/trpc/routes/design.ts
FN:86,(anonymous_0)
FN:101,(anonymous_1)
FN:140,(anonymous_2)
FN:153,(anonymous_3)
FN:166,(anonymous_4)
FNF:5
FNH:0
FNDA:0,(anonymous_0)
FNDA:0,(anonymous_1)
FNDA:0,(anonymous_2)
FNDA:0,(anonymous_3)
FNDA:0,(anonymous_4)
DA:6,2
DA:7,2
DA:10,0
DA:20,0
DA:26,0
DA:64,0
DA:79,0
DA:88,0
DA:103,0
DA:142,0
DA:155,0
DA:168,0
LF:12
LH:2
BRF:0
BRH:0
end_of_record
TN:
SF:src/api/trpc/routes/graph.ts
FN:38,(anonymous_0)
FN:54,(anonymous_1)
FN:67,(anonymous_2)
FN:80,(anonymous_3)
FN:95,(anonymous_4)
FN:112,(anonymous_5)
FN:124,(anonymous_6)
FNF:7
FNH:0
FNDA:0,(anonymous_0)
FNDA:0,(anonymous_1)
FNDA:0,(anonymous_2)
FNDA:0,(anonymous_3)
FNDA:0,(anonymous_4)
FNDA:0,(anonymous_5)
FNDA:0,(anonymous_6)
DA:6,2
DA:7,2
DA:10,0
DA:20,0
DA:30,0
DA:40,0
DA:41,0
DA:56,0
DA:69,0
DA:70,0
DA:82,0
DA:97,0
DA:114,0
DA:115,0
DA:126,0
LF:15
LH:2
BRF:0
BRH:0
end_of_record
TN:
SF:src/models/entities.ts
FN:300,(anonymous_0)
FN:301,(anonymous_1)
FN:302,(anonymous_2)
FN:303,(anonymous_3)
FN:305,(anonymous_4)
FN:307,(anonymous_5)
FN:309,(anonymous_6)
FN:310,(anonymous_7)
FNF:8
FNH:0
FNDA:0,(anonymous_0)
FNDA:0,(anonymous_1)
FNDA:0,(anonymous_2)
FNDA:0,(anonymous_3)
FNDA:0,(anonymous_4)
FNDA:0,(anonymous_5)
FNDA:0,(anonymous_6)
FNDA:0,(anonymous_7)
DA:300,0
DA:301,0
DA:302,0
DA:303,0
DA:304,0
DA:305,0
DA:306,0
DA:307,0
DA:308,0
DA:309,0
DA:310,0
LF:11
LH:0
BRDA:304,0,0,0
BRDA:304,0,1,0
BRDA:306,1,0,0
BRDA:306,1,1,0
BRDA:308,2,0,0
BRDA:308,2,1,0
BRF:6
BRH:0
end_of_record
TN:
SF:src/models/relationships.ts
FN:18,(anonymous_0)
FNF:1
FNH:0
FNDA:0,(anonymous_0)
DA:18,0
DA:20,0
DA:21,0
DA:22,0
DA:23,0
DA:24,0
DA:27,0
DA:28,0
DA:29,0
DA:30,0
DA:31,0
DA:32,0
DA:35,0
DA:36,0
DA:37,0
DA:40,0
DA:41,0
DA:42,0
DA:45,0
DA:46,0
DA:47,0
DA:48,0
DA:49,0
DA:50,0
DA:51,0
DA:54,0
DA:55,0
DA:56,0
DA:57,0
DA:58,0
DA:61,0
DA:62,0
DA:63,0
DA:66,0
DA:67,0
DA:68,0
LF:36
LH:0
BRDA:18,0,0,0
BRDA:18,0,1,0
BRF:2
BRH:0
end_of_record
TN:
SF:src/services/ASTParser.ts
FN:72,(anonymous_0)
FN:87,(anonymous_1)
FN:100,(anonymous_2)
FN:130,(anonymous_3)
FN:208,(anonymous_4)
FN:219,(anonymous_5)
FN:278,(anonymous_6)
FN:282,(anonymous_7)
FN:293,(anonymous_8)
FN:307,(anonymous_9)
FN:362,(anonymous_10)
FN:396,(anonymous_11)
FN:405,(anonymous_12)
FN:444,(anonymous_13)
FN:465,(anonymous_14)
FN:543,(anonymous_15)
FN:572,(anonymous_16)
FN:599,(anonymous_17)
FN:608,(anonymous_18)
FN:653,(anonymous_19)
FN:674,(anonymous_20)
FN:687,(anonymous_21)
FN:698,(anonymous_22)
FN:707,(anonymous_23)
FN:715,(anonymous_24)
FN:725,(anonymous_25)
FN:727,(anonymous_26)
FN:730,(anonymous_27)
FN:733,(anonymous_28)
FN:734,(anonymous_29)
FN:739,(anonymous_30)
FN:741,(anonymous_31)
FN:746,(anonymous_32)
FN:751,(anonymous_33)
FN:753,(anonymous_34)
FN:763,(anonymous_35)
FN:771,(anonymous_36)
FN:773,(anonymous_37)
FN:778,(anonymous_38)
FN:782,(anonymous_39)
FN:801,(anonymous_40)
FN:809,(anonymous_41)
FN:812,(anonymous_42)
FN:817,(anonymous_43)
FN:819,(anonymous_44)
FN:824,(anonymous_45)
FN:827,(anonymous_46)
FN:832,(anonymous_47)
FN:839,(anonymous_48)
FN:846,(anonymous_49)
FN:853,(anonymous_50)
FN:864,(anonymous_51)
FN:889,(anonymous_52)
FN:894,(anonymous_53)
FN:917,(anonymous_54)
FN:994,(anonymous_55)
FN:1011,(anonymous_56)
FN:1044,(anonymous_57)
FN:1086,(anonymous_58)
FN:1096,(anonymous_59)
FN:1153,(anonymous_60)
FN:1189,(anonymous_61)
FN:1194,(anonymous_62)
FN:1208,(anonymous_63)
FN:1214,(anonymous_64)
FNF:65
FNH:0
FNDA:0,(anonymous_0)
FNDA:0,(anonymous_1)
FNDA:0,(anonymous_2)
FNDA:0,(anonymous_3)
FNDA:0,(anonymous_4)
FNDA:0,(anonymous_5)
FNDA:0,(anonymous_6)
FNDA:0,(anonymous_7)
FNDA:0,(anonymous_8)
FNDA:0,(anonymous_9)
FNDA:0,(anonymous_10)
FNDA:0,(anonymous_11)
FNDA:0,(anonymous_12)
FNDA:0,(anonymous_13)
FNDA:0,(anonymous_14)
FNDA:0,(anonymous_15)
FNDA:0,(anonymous_16)
FNDA:0,(anonymous_17)
FNDA:0,(anonymous_18)
FNDA:0,(anonymous_19)
FNDA:0,(anonymous_20)
FNDA:0,(anonymous_21)
FNDA:0,(anonymous_22)
FNDA:0,(anonymous_23)
FNDA:0,(anonymous_24)
FNDA:0,(anonymous_25)
FNDA:0,(anonymous_26)
FNDA:0,(anonymous_27)
FNDA:0,(anonymous_28)
FNDA:0,(anonymous_29)
FNDA:0,(anonymous_30)
FNDA:0,(anonymous_31)
FNDA:0,(anonymous_32)
FNDA:0,(anonymous_33)
FNDA:0,(anonymous_34)
FNDA:0,(anonymous_35)
FNDA:0,(anonymous_36)
FNDA:0,(anonymous_37)
FNDA:0,(anonymous_38)
FNDA:0,(anonymous_39)
FNDA:0,(anonymous_40)
FNDA:0,(anonymous_41)
FNDA:0,(anonymous_42)
FNDA:0,(anonymous_43)
FNDA:0,(anonymous_44)
FNDA:0,(anonymous_45)
FNDA:0,(anonymous_46)
FNDA:0,(anonymous_47)
FNDA:0,(anonymous_48)
FNDA:0,(anonymous_49)
FNDA:0,(anonymous_50)
FNDA:0,(anonymous_51)
FNDA:0,(anonymous_52)
FNDA:0,(anonymous_53)
FNDA:0,(anonymous_54)
FNDA:0,(anonymous_55)
FNDA:0,(anonymous_56)
FNDA:0,(anonymous_57)
FNDA:0,(anonymous_58)
FNDA:0,(anonymous_59)
FNDA:0,(anonymous_60)
FNDA:0,(anonymous_61)
FNDA:0,(anonymous_62)
FNDA:0,(anonymous_63)
FNDA:0,(anonymous_64)
DA:69,0
DA:70,0
DA:74,0
DA:89,0
DA:90,0
DA:91,0
DA:92,0
DA:93,0
DA:95,0
DA:96,0
DA:101,0
DA:102,0
DA:103,0
DA:104,0
DA:107,0
DA:108,0
DA:109,0
DA:110,0
DA:112,0
DA:115,0
DA:116,0
DA:131,0
DA:132,0
DA:133,0
DA:134,0
DA:135,0
DA:138,0
DA:139,0
DA:153,0
DA:155,0
DA:157,0
DA:158,0
DA:166,0
DA:178,0
DA:185,0
DA:187,0
DA:188,0
DA:209,0
DA:210,0
DA:211,0
DA:212,0
DA:213,0
DA:216,0
DA:225,0
DA:226,0
DA:227,0
DA:228,0
DA:229,0
DA:232,0
DA:233,0
DA:236,0
DA:237,0
DA:238,0
DA:239,0
DA:240,0
DA:241,0
DA:246,0
DA:247,0
DA:248,0
DA:254,0
DA:257,0
DA:265,0
DA:279,0
DA:283,0
DA:284,0
DA:285,0
DA:287,0
DA:294,0
DA:295,0
DA:296,0
DA:298,0
DA:300,0
DA:303,0
DA:304,0
DA:307,0
DA:308,0
DA:317,0
DA:318,0
DA:319,0
DA:320,0
DA:321,0
DA:324,0
DA:331,0
DA:332,0
DA:335,0
DA:346,0
DA:347,0
DA:350,0
DA:359,0
DA:363,0
DA:364,0
DA:365,0
DA:367,0
DA:369,0
DA:371,0
DA:374,0
DA:377,0
DA:378,0
DA:381,0
DA:384,0
DA:393,0
DA:397,0
DA:398,0
DA:413,0
DA:414,0
DA:415,0
DA:416,0
DA:417,0
DA:426,0
DA:427,0
DA:428,0
DA:429,0
DA:430,0
DA:439,0
DA:440,0
DA:445,0
DA:446,0
DA:448,0
DA:466,0
DA:467,0
DA:468,0
DA:470,0
DA:472,0
DA:490,0
DA:491,0
DA:504,0
DA:505,0
DA:517,0
DA:518,0
DA:528,0
DA:529,0
DA:540,0
DA:544,0
DA:545,0
DA:547,0
DA:573,0
DA:574,0
DA:576,0
DA:604,0
DA:607,0
DA:608,0
DA:609,0
DA:612,0
DA:613,0
DA:615,0
DA:616,0
DA:626,0
DA:627,0
DA:628,0
DA:629,0
DA:630,0
DA:631,0
DA:638,0
DA:639,0
DA:640,0
DA:650,0
DA:654,0
DA:656,0
DA:657,0
DA:658,0
DA:659,0
DA:660,0
DA:661,0
DA:662,0
DA:671,0
DA:675,0
DA:688,0
DA:689,0
DA:690,0
DA:691,0
DA:692,0
DA:693,0
DA:694,0
DA:695,0
DA:699,0
DA:700,0
DA:701,0
DA:704,0
DA:708,0
DA:709,0
DA:711,0
DA:716,0
DA:717,0
DA:718,0
DA:719,0
DA:720,0
DA:721,0
DA:722,0
DA:726,0
DA:727,0
DA:731,0
DA:732,0
DA:733,0
DA:734,0
DA:736,0
DA:740,0
DA:741,0
DA:743,0
DA:747,0
DA:748,0
DA:752,0
DA:753,0
DA:760,0
DA:764,0
DA:765,0
DA:766,0
DA:768,0
DA:772,0
DA:773,0
DA:775,0
DA:779,0
DA:784,0
DA:785,0
DA:787,0
DA:788,0
DA:794,0
DA:798,0
DA:802,0
DA:803,0
DA:804,0
DA:806,0
DA:810,0
DA:811,0
DA:812,0
DA:814,0
DA:818,0
DA:819,0
DA:821,0
DA:825,0
DA:826,0
DA:827,0
DA:829,0
DA:833,0
DA:834,0
DA:836,0
DA:840,0
DA:841,0
DA:843,0
DA:847,0
DA:848,0
DA:850,0
DA:854,0
DA:855,0
DA:856,0
DA:857,0
DA:858,0
DA:859,0
DA:860,0
DA:865,0
DA:868,0
DA:870,0
DA:871,0
DA:872,0
DA:873,0
DA:878,0
DA:879,0
DA:880,0
DA:881,0
DA:882,0
DA:886,0
DA:890,0
DA:891,0
DA:892,0
DA:894,0
DA:895,0
DA:897,0
DA:898,0
DA:899,0
DA:900,0
DA:901,0
DA:903,0
DA:907,0
DA:922,0
DA:923,0
DA:924,0
DA:926,0
DA:929,0
DA:930,0
DA:931,0
DA:932,0
DA:933,0
DA:934,0
DA:937,0
DA:938,0
DA:940,0
DA:941,0
DA:942,0
DA:944,0
DA:945,0
DA:946,0
DA:948,0
DA:951,0
DA:952,0
DA:953,0
DA:955,0
DA:957,0
DA:958,0
DA:960,0
DA:961,0
DA:962,0
DA:970,0
DA:972,0
DA:985,0
DA:987,0
DA:995,0
DA:997,0
DA:1000,0
DA:1001,0
DA:1005,0
DA:1015,0
DA:1016,0
DA:1019,0
DA:1022,0
DA:1025,0
DA:1028,0
DA:1032,0
DA:1034,0
DA:1038,0
DA:1052,0
DA:1054,0
DA:1056,0
DA:1064,0
DA:1065,0
DA:1073,0
DA:1090,0
DA:1091,0
DA:1092,0
DA:1095,0
DA:1096,0
DA:1098,0
DA:1099,0
DA:1103,0
DA:1107,0
DA:1108,0
DA:1111,0
DA:1112,0
DA:1115,0
DA:1143,0
DA:1145,0
DA:1146,0
DA:1158,0
DA:1159,0
DA:1161,0
DA:1164,0
DA:1165,0
DA:1168,0
DA:1170,0
DA:1171,0
DA:1173,0
DA:1174,0
DA:1175,0
DA:1177,0
DA:1182,0
DA:1183,0
DA:1190,0
DA:1191,0
DA:1195,0
DA:1197,0
DA:1198,0
DA:1199,0
DA:1200,0
DA:1202,0
DA:1213,0
DA:1214,0
DA:1216,0
LF:365
LH:0
BRDA:107,0,0,0
BRDA:107,0,1,0
BRDA:109,1,0,0
BRDA:109,1,1,0
BRDA:123,2,0,0
BRDA:123,2,1,0
BRDA:138,3,0,0
BRDA:138,3,1,0
BRDA:138,4,0,0
BRDA:138,4,1,0
BRDA:155,5,0,0
BRDA:155,5,1,0
BRDA:195,6,0,0
BRDA:195,6,1,0
BRDA:211,7,0,0
BRDA:211,7,1,0
BRDA:238,8,0,0
BRDA:238,8,1,0
BRDA:240,9,0,0
BRDA:240,9,1,0
BRDA:247,10,0,0
BRDA:247,10,1,0
BRDA:308,11,0,0
BRDA:308,11,1,0
BRDA:308,11,2,0
BRDA:308,11,3,0
BRDA:308,11,4,0
BRDA:308,11,5,0
BRDA:308,11,6,0
BRDA:320,12,0,0
BRDA:320,12,1,0
BRDA:339,13,0,0
BRDA:339,13,1,0
BRDA:354,14,0,0
BRDA:354,14,1,0
BRDA:369,15,0,0
BRDA:369,15,1,0
BRDA:388,16,0,0
BRDA:388,16,1,0
BRDA:413,17,0,0
BRDA:413,17,1,0
BRDA:413,18,0,0
BRDA:413,18,1,0
BRDA:415,19,0,0
BRDA:415,19,1,0
BRDA:426,20,0,0
BRDA:426,20,1,0
BRDA:428,21,0,0
BRDA:428,21,1,0
BRDA:439,22,0,0
BRDA:439,22,1,0
BRDA:459,23,0,0
BRDA:459,23,1,0
BRDA:470,24,0,0
BRDA:470,24,1,0
BRDA:490,25,0,0
BRDA:490,25,1,0
BRDA:490,26,0,0
BRDA:490,26,1,0
BRDA:504,27,0,0
BRDA:504,27,1,0
BRDA:517,28,0,0
BRDA:517,28,1,0
BRDA:528,29,0,0
BRDA:528,29,1,0
BRDA:545,30,0,0
BRDA:545,30,1,0
BRDA:574,31,0,0
BRDA:574,31,1,0
BRDA:607,32,0,0
BRDA:607,32,1,0
BRDA:607,33,0,0
BRDA:607,33,1,0
BRDA:615,34,0,0
BRDA:615,34,1,0
BRDA:626,35,0,0
BRDA:626,35,1,0
BRDA:629,36,0,0
BRDA:629,36,1,0
BRDA:638,37,0,0
BRDA:638,37,1,0
BRDA:659,38,0,0
BRDA:659,38,1,0
BRDA:688,39,0,0
BRDA:688,39,1,0
BRDA:689,40,0,0
BRDA:689,40,1,0
BRDA:690,41,0,0
BRDA:690,41,1,0
BRDA:691,42,0,0
BRDA:691,42,1,0
BRDA:692,43,0,0
BRDA:692,43,1,0
BRDA:693,44,0,0
BRDA:693,44,1,0
BRDA:694,45,0,0
BRDA:694,45,1,0
BRDA:699,46,0,0
BRDA:699,46,1,0
BRDA:700,47,0,0
BRDA:700,47,1,0
BRDA:716,48,0,0
BRDA:716,48,1,0
BRDA:717,49,0,0
BRDA:717,49,1,0
BRDA:717,50,0,0
BRDA:717,50,1,0
BRDA:718,51,0,0
BRDA:718,51,1,0
BRDA:719,52,0,0
BRDA:719,52,1,0
BRDA:720,53,0,0
BRDA:720,53,1,0
BRDA:721,54,0,0
BRDA:721,54,1,0
BRDA:731,55,0,0
BRDA:731,55,1,0
BRDA:731,56,0,0
BRDA:731,56,1,0
BRDA:733,57,0,0
BRDA:733,57,1,0
BRDA:734,58,0,0
BRDA:734,58,1,0
BRDA:740,59,0,0
BRDA:740,59,1,0
BRDA:740,60,0,0
BRDA:740,60,1,0
BRDA:752,61,0,0
BRDA:752,61,1,0
BRDA:752,62,0,0
BRDA:752,62,1,0
BRDA:764,63,0,0
BRDA:764,63,1,0
BRDA:764,64,0,0
BRDA:764,64,1,0
BRDA:772,65,0,0
BRDA:772,65,1,0
BRDA:772,66,0,0
BRDA:772,66,1,0
BRDA:788,67,0,0
BRDA:788,67,1,0
BRDA:788,68,0,0
BRDA:788,68,1,0
BRDA:788,68,2,0
BRDA:788,68,3,0
BRDA:788,68,4,0
BRDA:788,68,5,0
BRDA:802,69,0,0
BRDA:802,69,1,0
BRDA:804,70,0,0
BRDA:804,70,1,0
BRDA:810,71,0,0
BRDA:810,71,1,0
BRDA:818,72,0,0
BRDA:818,72,1,0
BRDA:818,73,0,0
BRDA:818,73,1,0
BRDA:825,74,0,0
BRDA:825,74,1,0
BRDA:833,75,0,0
BRDA:833,75,1,0
BRDA:840,76,0,0
BRDA:840,76,1,0
BRDA:847,77,0,0
BRDA:847,77,1,0
BRDA:855,78,0,0
BRDA:855,78,1,0
BRDA:855,78,2,0
BRDA:855,78,3,0
BRDA:855,78,4,0
BRDA:872,79,0,0
BRDA:872,79,1,0
BRDA:872,80,0,0
BRDA:872,80,1,0
BRDA:881,81,0,0
BRDA:881,81,1,0
BRDA:881,82,0,0
BRDA:881,82,1,0
BRDA:898,83,0,0
BRDA:898,83,1,0
BRDA:924,84,0,0
BRDA:924,84,1,0
BRDA:942,85,0,0
BRDA:942,85,1,0
BRDA:945,86,0,0
BRDA:945,86,1,0
BRDA:948,87,0,0
BRDA:948,87,1,0
BRDA:948,87,2,0
BRDA:952,88,0,0
BRDA:952,88,1,0
BRDA:1000,89,0,0
BRDA:1000,89,1,0
BRDA:1015,90,0,0
BRDA:1015,90,1,0
BRDA:1015,91,0,0
BRDA:1015,91,1,0
BRDA:1022,92,0,0
BRDA:1022,92,1,0
BRDA:1022,93,0,0
BRDA:1022,93,1,0
BRDA:1028,94,0,0
BRDA:1028,94,1,0
BRDA:1032,95,0,0
BRDA:1032,95,1,0
BRDA:1032,96,0,0
BRDA:1032,96,1,0
BRDA:1034,97,0,0
BRDA:1034,97,1,0
BRDA:1054,98,0,0
BRDA:1054,98,1,0
BRDA:1064,99,0,0
BRDA:1064,99,1,0
BRDA:1098,100,0,0
BRDA:1098,100,1,0
BRDA:1107,101,0,0
BRDA:1107,101,1,0
BRDA:1118,102,0,0
BRDA:1118,102,1,0
BRDA:1119,103,0,0
BRDA:1119,103,1,0
BRDA:1120,104,0,0
BRDA:1120,104,1,0
BRDA:1121,105,0,0
BRDA:1121,105,1,0
BRDA:1125,106,0,0
BRDA:1125,106,1,0
BRDA:1126,107,0,0
BRDA:1126,107,1,0
BRDA:1161,108,0,0
BRDA:1161,108,1,0
BRDA:1165,109,0,0
BRDA:1165,109,1,0
BRDA:1165,109,2,0
BRDA:1174,110,0,0
BRDA:1174,110,1,0
BRDA:1174,111,0,0
BRDA:1174,111,1,0
BRDA:1197,112,0,0
BRDA:1197,112,1,0
BRDA:1198,113,0,0
BRDA:1198,113,1,0
BRDA:1199,114,0,0
BRDA:1199,114,1,0
BRDA:1200,115,0,0
BRDA:1200,115,1,0
BRDA:1219,116,0,0
BRDA:1219,116,1,0
BRF:248
BRH:0
end_of_record
TN:
SF:src/services/ConflictResolution.ts
FN:54,(anonymous_0)
FN:58,(anonymous_1)
FN:63,(anonymous_2)
FN:64,(anonymous_3)
FN:76,(anonymous_4)
FN:77,(anonymous_5)
FN:106,(anonymous_6)
FN:107,(anonymous_7)
FN:115,(anonymous_8)
FN:117,(anonymous_9)
FN:120,(anonymous_10)
FN:178,(anonymous_11)
FN:218,(anonymous_12)
FN:231,(anonymous_13)
FN:250,(anonymous_14)
FN:251,(anonymous_15)
FN:254,(anonymous_16)
FN:255,(anonymous_17)
FN:258,(anonymous_18)
FN:262,(anonymous_19)
FN:264,(anonymous_20)
FN:268,(anonymous_21)
FN:272,(anonymous_22)
FN:276,(anonymous_23)
FN:286,(anonymous_24)
FN:294,(anonymous_25)
FN:301,(anonymous_26)
FN:302,(anonymous_27)
FNF:28
FNH:0
FNDA:0,(anonymous_0)
FNDA:0,(anonymous_1)
FNDA:0,(anonymous_2)
FNDA:0,(anonymous_3)
FNDA:0,(anonymous_4)
FNDA:0,(anonymous_5)
FNDA:0,(anonymous_6)
FNDA:0,(anonymous_7)
FNDA:0,(anonymous_8)
FNDA:0,(anonymous_9)
FNDA:0,(anonymous_10)
FNDA:0,(anonymous_11)
FNDA:0,(anonymous_12)
FNDA:0,(anonymous_13)
FNDA:0,(anonymous_14)
FNDA:0,(anonymous_15)
FNDA:0,(anonymous_16)
FNDA:0,(anonymous_17)
FNDA:0,(anonymous_18)
FNDA:0,(anonymous_19)
FNDA:0,(anonymous_20)
FNDA:0,(anonymous_21)
FNDA:0,(anonymous_22)
FNDA:0,(anonymous_23)
FNDA:0,(anonymous_24)
FNDA:0,(anonymous_25)
FNDA:0,(anonymous_26)
FNDA:0,(anonymous_27)
DA:50,0
DA:51,0
DA:52,0
DA:54,0
DA:55,0
DA:60,0
DA:63,0
DA:64,0
DA:73,0
DA:76,0
DA:78,0
DA:79,0
DA:81,0
DA:84,0
DA:85,0
DA:89,0
DA:90,0
DA:93,0
DA:103,0
DA:106,0
DA:107,0
DA:116,0
DA:117,0
DA:124,0
DA:127,0
DA:128,0
DA:130,0
DA:132,0
DA:133,0
DA:134,0
DA:136,0
DA:153,0
DA:155,0
DA:170,0
DA:171,0
DA:172,0
DA:175,0
DA:179,0
DA:180,0
DA:181,0
DA:184,0
DA:185,0
DA:188,0
DA:189,0
DA:191,0
DA:192,0
DA:194,0
DA:197,0
DA:198,0
DA:200,0
DA:204,0
DA:208,0
DA:211,0
DA:213,0
DA:214,0
DA:219,0
DA:221,0
DA:222,0
DA:223,0
DA:224,0
DA:228,0
DA:233,0
DA:234,0
DA:235,0
DA:236,0
DA:237,0
DA:238,0
DA:239,0
DA:240,0
DA:242,0
DA:247,0
DA:251,0
DA:255,0
DA:259,0
DA:263,0
DA:264,0
DA:269,0
DA:273,0
DA:277,0
DA:278,0
DA:279,0
DA:281,0
DA:287,0
DA:288,0
DA:289,0
DA:300,0
DA:301,0
DA:302,0
DA:304,0
DA:305,0
DA:306,0
DA:309,0
LF:92
LH:0
BRDA:84,0,0,0
BRDA:84,0,1,0
BRDA:84,1,0,0
BRDA:84,1,1,0
BRDA:89,2,0,0
BRDA:89,2,1,0
BRDA:89,3,0,0
BRDA:89,3,1,0
BRDA:89,3,2,0
BRDA:130,4,0,0
BRDA:130,4,1,0
BRDA:134,5,0,0
BRDA:134,5,1,0
BRDA:134,6,0,0
BRDA:134,6,1,0
BRDA:180,7,0,0
BRDA:180,7,1,0
BRDA:180,8,0,0
BRDA:180,8,1,0
BRDA:189,9,0,0
BRDA:189,9,1,0
BRDA:189,9,2,0
BRDA:189,9,3,0
BRDA:191,10,0,0
BRDA:191,10,1,0
BRDA:197,11,0,0
BRDA:197,11,1,0
BRDA:223,12,0,0
BRDA:223,12,1,0
BRDA:234,13,0,0
BRDA:234,13,1,0
BRDA:259,14,0,0
BRDA:259,14,1,0
BRDA:264,15,0,0
BRDA:264,15,1,0
BRDA:288,16,0,0
BRDA:288,16,1,0
BRDA:306,17,0,0
BRDA:306,17,1,0
BRF:39
BRH:0
end_of_record
TN:
SF:src/services/DatabaseService.ts
FN:37,(anonymous_0)
FN:39,(anonymous_1)
FN:90,(anonymous_2)
FN:107,(anonymous_3)
FN:154,(anonymous_4)
FN:157,(anonymous_5)
FN:182,(anonymous_6)
FN:184,(anonymous_7)
FN:189,(anonymous_8)
FN:212,(anonymous_9)
FN:221,(anonymous_10)
FN:229,(anonymous_11)
FN:243,(anonymous_12)
FN:263,(anonymous_13)
FN:270,(anonymous_14)
FN:282,(anonymous_15)
FN:290,(anonymous_16)
FN:341,(anonymous_17)
FN:533,(anonymous_18)
FN:587,(anonymous_19)
FN:594,(anonymous_20)
FN:686,(anonymous_21)
FN:735,(anonymous_22)
FN:760,(anonymous_23)
FN:784,(anonymous_24)
FN:809,getDatabaseService
FN:819,createDatabaseConfig
FNF:27
FNH:5
FNDA:2,(anonymous_0)
FNDA:2,(anonymous_1)
FNDA:2,(anonymous_2)
FNDA:0,(anonymous_3)
FNDA:0,(anonymous_4)
FNDA:0,(anonymous_5)
FNDA:0,(anonymous_6)
FNDA:0,(anonymous_7)
FNDA:0,(anonymous_8)
FNDA:0,(anonymous_9)
FNDA:0,(anonymous_10)
FNDA:0,(anonymous_11)
FNDA:0,(anonymous_12)
FNDA:0,(anonymous_13)
FNDA:0,(anonymous_14)
FNDA:0,(anonymous_15)
FNDA:2,(anonymous_16)
FNDA:0,(anonymous_17)
FNDA:0,(anonymous_18)
FNDA:0,(anonymous_19)
FNDA:0,(anonymous_20)
FNDA:0,(anonymous_21)
FNDA:0,(anonymous_22)
FNDA:0,(anonymous_23)
FNDA:0,(anonymous_24)
FNDA:0,getDatabaseService
FNDA:2,createDatabaseConfig
DA:7,1
DA:8,1
DA:9,1
DA:30,1
DA:35,2
DA:37,2
DA:40,2
DA:41,0
DA:44,2
DA:46,2
DA:51,2
DA:54,2
DA:60,2
DA:63,2
DA:70,2
DA:71,2
DA:72,2
DA:75,2
DA:76,0
DA:79,0
DA:82,2
DA:83,2
DA:85,0
DA:86,0
DA:91,2
DA:92,2
DA:95,2
DA:96,2
DA:99,2
DA:100,0
DA:103,2
DA:108,0
DA:109,0
DA:112,0
DA:115,0
DA:118,0
DA:119,0
DA:122,0
DA:124,0
DA:125,0
DA:127,0
DA:128,0
DA:129,0
DA:131,0
DA:134,0
DA:137,0
DA:141,0
DA:142,0
DA:144,0
DA:145,0
DA:148,0
DA:149,0
DA:153,0
DA:154,0
DA:155,0
DA:156,0
DA:157,0
DA:158,0
DA:159,0
DA:162,0
DA:166,0
DA:167,0
DA:169,0
DA:173,0
DA:175,0
DA:176,0
DA:177,0
DA:178,0
DA:183,0
DA:185,0
DA:186,0
DA:187,0
DA:189,0
DA:190,0
DA:191,0
DA:192,0
DA:193,0
DA:195,0
DA:198,0
DA:199,0
DA:200,0
DA:201,0
DA:202,0
DA:205,0
DA:209,0
DA:213,0
DA:214,0
DA:217,0
DA:222,0
DA:223,0
DA:225,0
DA:230,0
DA:231,0
DA:234,0
DA:235,0
DA:236,0
DA:237,0
DA:239,0
DA:244,0
DA:245,0
DA:248,0
DA:249,0
DA:250,0
DA:251,0
DA:252,0
DA:253,0
DA:255,0
DA:256,0
DA:258,0
DA:264,0
DA:265,0
DA:267,0
DA:271,0
DA:272,0
DA:275,0
DA:276,0
DA:278,0
DA:283,0
DA:284,0
DA:286,0
DA:296,2
DA:303,2
DA:304,2
DA:305,2
DA:307,0
DA:310,2
DA:312,2
DA:313,2
DA:315,0
DA:318,2
DA:319,2
DA:320,2
DA:321,2
DA:322,2
DA:324,0
DA:327,2
DA:328,0
DA:329,0
DA:330,0
DA:332,0
DA:333,0
DA:337,2
DA:342,0
DA:343,0
DA:346,0
DA:349,0
DA:488,0
DA:491,0
DA:493,0
DA:495,0
DA:499,0
DA:503,0
DA:507,0
DA:511,0
DA:515,0
DA:519,0
DA:522,0
DA:525,0
DA:529,0
DA:531,0
DA:533,0
DA:535,0
DA:536,0
DA:545,0
DA:546,0
DA:547,0
DA:554,0
DA:555,0
DA:557,0
DA:563,0
DA:564,0
DA:565,0
DA:572,0
DA:573,0
DA:575,0
DA:580,0
DA:582,0
DA:583,0
DA:588,0
DA:595,0
DA:596,0
DA:599,0
DA:600,0
DA:601,0
DA:604,0
DA:610,0
DA:621,0
DA:622,0
DA:624,0
DA:626,0
DA:627,0
DA:631,0
DA:642,0
DA:643,0
DA:647,0
DA:658,0
DA:659,0
DA:663,0
DA:674,0
DA:676,0
DA:677,0
DA:679,0
DA:687,0
DA:688,0
DA:691,0
DA:692,0
DA:693,0
DA:695,0
DA:696,0
DA:709,0
DA:723,0
DA:725,0
DA:726,0
DA:728,0
DA:736,0
DA:737,0
DA:740,0
DA:741,0
DA:742,0
DA:750,0
DA:751,0
DA:753,0
DA:761,0
DA:762,0
DA:765,0
DA:766,0
DA:767,0
DA:774,0
DA:775,0
DA:777,0
DA:785,0
DA:786,0
DA:789,0
DA:790,0
DA:791,0
DA:798,0
DA:799,0
DA:801,0
DA:807,1
DA:809,1
DA:810,0
DA:811,0
DA:812,0
DA:814,0
DA:816,0
DA:819,1
DA:820,2
LF:247
LH:43
BRDA:40,0,0,0
BRDA:40,0,1,2
BRDA:48,1,0,2
BRDA:48,1,1,2
BRDA:65,2,0,2
BRDA:65,2,1,0
BRDA:66,3,0,2
BRDA:66,3,1,0
BRDA:75,4,0,0
BRDA:75,4,1,2
BRDA:91,5,0,2
BRDA:91,5,1,0
BRDA:95,6,0,2
BRDA:95,6,1,0
BRDA:99,7,0,0
BRDA:99,7,1,2
BRDA:107,8,0,0
BRDA:108,9,0,0
BRDA:108,9,1,0
BRDA:122,10,0,0
BRDA:122,10,1,0
BRDA:125,11,0,0
BRDA:125,11,1,0
BRDA:125,12,0,0
BRDA:125,12,1,0
BRDA:128,13,0,0
BRDA:128,13,1,0
BRDA:128,14,0,0
BRDA:128,14,1,0
BRDA:141,15,0,0
BRDA:141,15,1,0
BRDA:141,16,0,0
BRDA:141,16,1,0
BRDA:142,17,0,0
BRDA:142,17,1,0
BRDA:148,18,0,0
BRDA:148,18,1,0
BRDA:148,19,0,0
BRDA:148,19,1,0
BRDA:148,19,2,0
BRDA:153,20,0,0
BRDA:153,20,1,0
BRDA:153,21,0,0
BRDA:153,21,1,0
BRDA:156,22,0,0
BRDA:156,22,1,0
BRDA:167,23,0,0
BRDA:167,23,1,0
BRDA:185,24,0,0
BRDA:185,24,1,0
BRDA:187,25,0,0
BRDA:187,25,1,0
BRDA:190,26,0,0
BRDA:190,26,1,0
BRDA:192,27,0,0
BRDA:192,27,1,0
BRDA:192,28,0,0
BRDA:192,28,1,0
BRDA:199,29,0,0
BRDA:199,29,1,0
BRDA:199,30,0,0
BRDA:199,30,1,0
BRDA:201,31,0,0
BRDA:201,31,1,0
BRDA:201,32,0,0
BRDA:201,32,1,0
BRDA:213,33,0,0
BRDA:213,33,1,0
BRDA:222,34,0,0
BRDA:222,34,1,0
BRDA:229,35,0,0
BRDA:230,36,0,0
BRDA:230,36,1,0
BRDA:244,37,0,0
BRDA:244,37,1,0
BRDA:264,38,0,0
BRDA:264,38,1,0
BRDA:271,39,0,0
BRDA:271,39,1,0
BRDA:275,40,0,0
BRDA:275,40,1,0
BRDA:283,41,0,0
BRDA:283,41,1,0
BRDA:327,42,0,0
BRDA:327,42,1,2
BRDA:342,43,0,0
BRDA:342,43,1,0
BRDA:535,44,0,0
BRDA:535,44,1,0
BRDA:545,45,0,0
BRDA:545,45,1,0
BRDA:554,46,0,0
BRDA:554,46,1,0
BRDA:554,47,0,0
BRDA:554,47,1,0
BRDA:563,48,0,0
BRDA:563,48,1,0
BRDA:572,49,0,0
BRDA:572,49,1,0
BRDA:572,50,0,0
BRDA:572,50,1,0
BRDA:595,51,0,0
BRDA:595,51,1,0
BRDA:624,52,0,0
BRDA:624,52,1,0
BRDA:642,53,0,0
BRDA:642,53,1,0
BRDA:658,54,0,0
BRDA:658,54,1,0
BRDA:687,55,0,0
BRDA:687,55,1,0
BRDA:735,56,0,0
BRDA:736,57,0,0
BRDA:736,57,1,0
BRDA:760,58,0,0
BRDA:761,59,0,0
BRDA:761,59,1,0
BRDA:784,60,0,0
BRDA:785,61,0,0
BRDA:785,61,1,0
BRDA:810,62,0,0
BRDA:810,62,1,0
BRDA:811,63,0,0
BRDA:811,63,1,0
BRDA:822,64,0,2
BRDA:822,64,1,2
BRDA:826,65,0,2
BRDA:826,65,1,2
BRDA:830,66,0,2
BRDA:830,66,1,2
BRDA:831,67,0,2
BRDA:831,67,1,2
BRDA:832,68,0,2
BRDA:832,68,1,2
BRDA:834,69,0,0
BRDA:834,69,1,2
BRF:136
BRH:21
end_of_record
TN:
SF:src/services/DocumentationParser.ts
FN:60,(anonymous_0)
FN:68,(anonymous_1)
FN:110,(anonymous_2)
FN:136,(anonymous_3)
FN:161,(anonymous_4)
FN:186,(anonymous_5)
FN:209,(anonymous_6)
FN:221,(anonymous_7)
FN:239,(anonymous_8)
FN:248,(anonymous_9)
FN:262,(anonymous_10)
FN:275,(anonymous_11)
FN:287,(anonymous_12)
FN:302,(anonymous_13)
FN:314,(anonymous_14)
FN:340,(anonymous_15)
FN:342,(anonymous_16)
FN:343,(anonymous_17)
FN:352,(anonymous_18)
FN:355,(anonymous_19)
FN:371,(anonymous_20)
FN:373,(anonymous_21)
FN:374,(anonymous_22)
FN:383,(anonymous_23)
FN:398,(anonymous_24)
FN:422,(anonymous_25)
FN:434,(anonymous_26)
FN:447,(anonymous_27)
FN:492,(anonymous_28)
FN:496,(anonymous_29)
FN:527,(anonymous_30)
FN:553,(anonymous_31)
FN:584,(anonymous_32)
FN:600,(anonymous_33)
FN:625,(anonymous_34)
FN:633,(anonymous_35)
FN:651,(anonymous_36)
FN:672,(anonymous_37)
FN:679,(anonymous_38)
FN:697,(anonymous_39)
FN:704,(anonymous_40)
FN:715,(anonymous_41)
FNF:42
FNH:0
FNDA:0,(anonymous_0)
FNDA:0,(anonymous_1)
FNDA:0,(anonymous_2)
FNDA:0,(anonymous_3)
FNDA:0,(anonymous_4)
FNDA:0,(anonymous_5)
FNDA:0,(anonymous_6)
FNDA:0,(anonymous_7)
FNDA:0,(anonymous_8)
FNDA:0,(anonymous_9)
FNDA:0,(anonymous_10)
FNDA:0,(anonymous_11)
FNDA:0,(anonymous_12)
FNDA:0,(anonymous_13)
FNDA:0,(anonymous_14)
FNDA:0,(anonymous_15)
FNDA:0,(anonymous_16)
FNDA:0,(anonymous_17)
FNDA:0,(anonymous_18)
FNDA:0,(anonymous_19)
FNDA:0,(anonymous_20)
FNDA:0,(anonymous_21)
FNDA:0,(anonymous_22)
FNDA:0,(anonymous_23)
FNDA:0,(anonymous_24)
FNDA:0,(anonymous_25)
FNDA:0,(anonymous_26)
FNDA:0,(anonymous_27)
FNDA:0,(anonymous_28)
FNDA:0,(anonymous_29)
FNDA:0,(anonymous_30)
FNDA:0,(anonymous_31)
FNDA:0,(anonymous_32)
FNDA:0,(anonymous_33)
FNDA:0,(anonymous_34)
FNDA:0,(anonymous_35)
FNDA:0,(anonymous_36)
FNDA:0,(anonymous_37)
FNDA:0,(anonymous_38)
FNDA:0,(anonymous_39)
FNDA:0,(anonymous_40)
FNDA:0,(anonymous_41)
DA:58,0
DA:61,0
DA:62,0
DA:69,0
DA:70,0
DA:71,0
DA:75,0
DA:77,0
DA:78,0
DA:80,0
DA:81,0
DA:83,0
DA:84,0
DA:86,0
DA:87,0
DA:89,0
DA:93,0
DA:101,0
DA:103,0
DA:111,0
DA:112,0
DA:113,0
DA:114,0
DA:115,0
DA:116,0
DA:118,0
DA:137,0
DA:138,0
DA:139,0
DA:140,0
DA:141,0
DA:142,0
DA:144,0
DA:163,0
DA:164,0
DA:165,0
DA:166,0
DA:167,0
DA:168,0
DA:170,0
DA:188,0
DA:189,0
DA:190,0
DA:191,0
DA:192,0
DA:193,0
DA:195,0
DA:210,0
DA:211,0
DA:212,0
DA:215,0
DA:222,0
DA:233,0
DA:234,0
DA:236,0
DA:237,0
DA:238,0
DA:239,0
DA:240,0
DA:246,0
DA:247,0
DA:248,0
DA:249,0
DA:250,0
DA:251,0
DA:256,0
DA:263,0
DA:270,0
DA:272,0
DA:273,0
DA:274,0
DA:275,0
DA:276,0
DA:281,0
DA:288,0
DA:297,0
DA:299,0
DA:300,0
DA:301,0
DA:302,0
DA:303,0
DA:308,0
DA:315,0
DA:316,0
DA:318,0
DA:319,0
DA:321,0
DA:322,0
DA:324,0
DA:325,0
DA:327,0
DA:328,0
DA:330,0
DA:331,0
DA:334,0
DA:341,0
DA:342,0
DA:343,0
DA:353,0
DA:355,0
DA:356,0
DA:357,0
DA:359,0
DA:360,0
DA:364,0
DA:365,0
DA:372,0
DA:373,0
DA:374,0
DA:384,0
DA:385,0
DA:386,0
DA:388,0
DA:389,0
DA:392,0
DA:399,0
DA:401,0
DA:402,0
DA:403,0
DA:405,0
DA:406,0
DA:407,0
DA:408,0
DA:409,0
DA:410,0
DA:411,0
DA:416,0
DA:423,0
DA:424,0
DA:425,0
DA:428,0
DA:435,0
DA:436,0
DA:437,0
DA:438,0
DA:439,0
DA:441,0
DA:448,0
DA:455,0
DA:457,0
DA:459,0
DA:460,0
DA:462,0
DA:465,0
DA:468,0
DA:469,0
DA:472,0
DA:474,0
DA:476,0
DA:480,0
DA:483,0
DA:486,0
DA:493,0
DA:494,0
DA:496,0
DA:497,0
DA:498,0
DA:500,0
DA:501,0
DA:503,0
DA:505,0
DA:506,0
DA:508,0
DA:509,0
DA:510,0
DA:511,0
DA:516,0
DA:520,0
DA:521,0
DA:528,0
DA:530,0
DA:547,0
DA:554,0
DA:556,0
DA:557,0
DA:560,0
DA:561,0
DA:562,0
DA:573,0
DA:574,0
DA:578,0
DA:585,0
DA:587,0
DA:588,0
DA:590,0
DA:591,0
DA:594,0
DA:603,0
DA:604,0
DA:606,0
DA:618,0
DA:627,0
DA:638,0
DA:644,0
DA:646,0
DA:647,0
DA:650,0
DA:652,0
DA:653,0
DA:656,0
DA:657,0
DA:661,0
DA:662,0
DA:663,0
DA:672,0
DA:673,0
DA:680,0
DA:681,0
DA:682,0
DA:684,0
DA:687,0
DA:688,0
DA:692,0
DA:693,0
DA:696,0
DA:697,0
DA:698,0
DA:699,0
DA:703,0
DA:704,0
DA:705,0
DA:706,0
DA:709,0
DA:716,0
DA:717,0
DA:718,0
DA:720,0
DA:721,0
DA:722,0
DA:724,0
DA:725,0
DA:726,0
DA:727,0
DA:731,0
LF:234
LH:0
BRDA:75,0,0,0
BRDA:75,0,1,0
BRDA:75,0,2,0
BRDA:75,0,3,0
BRDA:75,0,4,0
BRDA:103,1,0,0
BRDA:103,1,1,0
BRDA:138,2,0,0
BRDA:138,2,1,0
BRDA:211,3,0,0
BRDA:211,3,1,0
BRDA:211,4,0,0
BRDA:211,4,1,0
BRDA:238,5,0,0
BRDA:238,5,1,0
BRDA:247,6,0,0
BRDA:247,6,1,0
BRDA:250,7,0,0
BRDA:250,7,1,0
BRDA:274,8,0,0
BRDA:274,8,1,0
BRDA:301,9,0,0
BRDA:301,9,1,0
BRDA:318,10,0,0
BRDA:318,10,1,0
BRDA:318,11,0,0
BRDA:318,11,1,0
BRDA:321,12,0,0
BRDA:321,12,1,0
BRDA:321,13,0,0
BRDA:321,13,1,0
BRDA:321,13,2,0
BRDA:324,14,0,0
BRDA:324,14,1,0
BRDA:324,15,0,0
BRDA:324,15,1,0
BRDA:324,15,2,0
BRDA:327,16,0,0
BRDA:327,16,1,0
BRDA:327,17,0,0
BRDA:327,17,1,0
BRDA:327,17,2,0
BRDA:330,18,0,0
BRDA:330,18,1,0
BRDA:330,19,0,0
BRDA:330,19,1,0
BRDA:330,19,2,0
BRDA:356,20,0,0
BRDA:356,20,1,0
BRDA:359,21,0,0
BRDA:359,21,1,0
BRDA:359,22,0,0
BRDA:359,22,1,0
BRDA:388,23,0,0
BRDA:388,23,1,0
BRDA:388,24,0,0
BRDA:388,24,1,0
BRDA:388,24,2,0
BRDA:388,24,3,0
BRDA:392,25,0,0
BRDA:392,25,1,0
BRDA:405,26,0,0
BRDA:405,26,1,0
BRDA:405,27,0,0
BRDA:405,27,1,0
BRDA:406,28,0,0
BRDA:406,28,1,0
BRDA:408,29,0,0
BRDA:408,29,1,0
BRDA:410,30,0,0
BRDA:410,30,1,0
BRDA:424,31,0,0
BRDA:424,31,1,0
BRDA:428,32,0,0
BRDA:428,32,1,0
BRDA:476,33,0,0
BRDA:476,33,1,0
BRDA:483,34,0,0
BRDA:483,34,1,0
BRDA:503,35,0,0
BRDA:503,35,1,0
BRDA:505,36,0,0
BRDA:505,36,1,0
BRDA:505,37,0,0
BRDA:505,37,1,0
BRDA:505,37,2,0
BRDA:508,38,0,0
BRDA:508,38,1,0
BRDA:510,39,0,0
BRDA:510,39,1,0
BRDA:561,40,0,0
BRDA:561,40,1,0
BRDA:587,41,0,0
BRDA:587,41,1,0
BRDA:587,42,0,0
BRDA:587,42,1,0
BRDA:587,42,2,0
BRDA:590,43,0,0
BRDA:590,43,1,0
BRDA:590,44,0,0
BRDA:590,44,1,0
BRDA:590,44,2,0
BRDA:633,45,0,0
BRDA:650,46,0,0
BRDA:650,46,1,0
BRDA:650,47,0,0
BRDA:650,47,1,0
BRDA:650,47,2,0
BRDA:656,48,0,0
BRDA:656,48,1,0
BRDA:656,49,0,0
BRDA:656,49,1,0
BRDA:662,50,0,0
BRDA:662,50,1,0
BRDA:673,51,0,0
BRDA:673,51,1,0
BRDA:687,52,0,0
BRDA:687,52,1,0
BRDA:692,53,0,0
BRDA:692,53,1,0
BRDA:696,54,0,0
BRDA:696,54,1,0
BRDA:696,55,0,0
BRDA:696,55,1,0
BRDA:703,56,0,0
BRDA:703,56,1,0
BRDA:703,57,0,0
BRDA:703,57,1,0
BRDA:722,58,0,0
BRDA:722,58,1,0
BRF:130
BRH:0
end_of_record
TN:
SF:src/services/FileWatcher.ts
FN:39,(anonymous_0)
FN:61,(anonymous_1)
FN:83,(anonymous_2)
FN:84,(anonymous_3)
FN:85,(anonymous_4)
FN:86,(anonymous_5)
FN:87,(anonymous_6)
FN:90,(anonymous_7)
FN:98,(anonymous_8)
FN:106,(anonymous_9)
FN:151,(anonymous_10)
FN:169,(anonymous_11)
FN:174,(anonymous_12)
FN:178,(anonymous_13)
FN:195,(anonymous_14)
FN:211,(anonymous_15)
FN:216,(anonymous_16)
FN:247,(anonymous_17)
FN:264,(anonymous_18)
FN:274,(anonymous_19)
FN:282,(anonymous_20)
FN:295,(anonymous_21)
FN:327,(anonymous_22)
FN:328,(anonymous_23)
FN:335,(anonymous_24)
FN:339,(anonymous_25)
FN:343,(anonymous_26)
FN:348,(anonymous_27)
FNF:28
FNH:0
FNDA:0,(anonymous_0)
FNDA:0,(anonymous_1)
FNDA:0,(anonymous_2)
FNDA:0,(anonymous_3)
FNDA:0,(anonymous_4)
FNDA:0,(anonymous_5)
FNDA:0,(anonymous_6)
FNDA:0,(anonymous_7)
FNDA:0,(anonymous_8)
FNDA:0,(anonymous_9)
FNDA:0,(anonymous_10)
FNDA:0,(anonymous_11)
FNDA:0,(anonymous_12)
FNDA:0,(anonymous_13)
FNDA:0,(anonymous_14)
FNDA:0,(anonymous_15)
FNDA:0,(anonymous_16)
FNDA:0,(anonymous_17)
FNDA:0,(anonymous_18)
FNDA:0,(anonymous_19)
FNDA:0,(anonymous_20)
FNDA:0,(anonymous_21)
FNDA:0,(anonymous_22)
FNDA:0,(anonymous_23)
FNDA:0,(anonymous_24)
FNDA:0,(anonymous_25)
FNDA:0,(anonymous_26)
FNDA:0,(anonymous_27)
DA:33,0
DA:35,0
DA:36,0
DA:37,0
DA:40,0
DA:42,0
DA:62,0
DA:63,0
DA:66,0
DA:69,0
DA:72,0
DA:83,0
DA:84,0
DA:85,0
DA:86,0
DA:87,0
DA:90,0
DA:91,0
DA:92,0
DA:95,0
DA:99,0
DA:100,0
DA:101,0
DA:102,0
DA:107,0
DA:108,0
DA:109,0
DA:111,0
DA:117,0
DA:118,0
DA:119,0
DA:126,0
DA:127,0
DA:128,0
DA:133,0
DA:134,0
DA:135,0
DA:139,0
DA:140,0
DA:141,0
DA:142,0
DA:145,0
DA:147,0
DA:152,0
DA:153,0
DA:155,0
DA:166,0
DA:170,0
DA:173,0
DA:174,0
DA:179,0
DA:180,0
DA:183,0
DA:185,0
DA:187,0
DA:188,0
DA:189,0
DA:192,0
DA:194,0
DA:195,0
DA:196,0
DA:200,0
DA:201,0
DA:204,0
DA:205,0
DA:207,0
DA:210,0
DA:211,0
DA:217,0
DA:219,0
DA:222,0
DA:225,0
DA:227,0
DA:228,0
DA:230,0
DA:231,0
DA:233,0
DA:234,0
DA:236,0
DA:237,0
DA:240,0
DA:242,0
DA:243,0
DA:248,0
DA:251,0
DA:252,0
DA:256,0
DA:257,0
DA:261,0
DA:265,0
DA:266,0
DA:267,0
DA:268,0
DA:269,0
DA:270,0
DA:275,0
DA:276,0
DA:277,0
DA:279,0
DA:283,0
DA:285,0
DA:287,0
DA:288,0
DA:291,0
DA:292,0
DA:296,0
DA:297,0
DA:299,0
DA:300,0
DA:301,0
DA:304,0
DA:305,0
DA:308,0
DA:309,0
DA:310,0
DA:311,0
DA:312,0
DA:313,0
DA:314,0
DA:317,0
DA:323,0
DA:328,0
DA:329,0
DA:330,0
DA:336,0
DA:340,0
DA:344,0
DA:349,0
[...]
BRDA:738,52,1,0
BRDA:773,53,0,0
BRDA:773,53,1,0
BRF:115
BRH:0
end_of_record
TN:
SF:src/services/SynchronizationMonitoring.ts
FN:65,(anonymous_0)
FN:92,(anonymous_1)
FN:100,(anonymous_2)
FN:102,(anonymous_3)
FN:107,(anonymous_4)
FN:114,(anonymous_5)
FN:126,(anonymous_6)
FN:148,(anonymous_7)
FN:174,(anonymous_8)
FN:185,(anonymous_9)
FN:203,(anonymous_10)
FN:223,(anonymous_11)
FN:228,(anonymous_12)
FN:234,(anonymous_13)
FN:238,(anonymous_14)
FN:242,(anonymous_15)
FN:246,(anonymous_16)
FN:266,(anonymous_17)
FN:268,(anonymous_18)
FN:269,(anonymous_19)
FN:274,(anonymous_20)
FN:276,(anonymous_21)
FN:291,(anonymous_22)
FN:296,(anonymous_23)
FN:301,(anonymous_24)
FN:303,(anonymous_25)
FN:306,(anonymous_26)
FN:308,(anonymous_27)
FN:312,(anonymous_28)
FN:314,(anonymous_29)
FN:319,(anonymous_30)
FN:320,(anonymous_31)
FN:335,(anonymous_32)
FN:358,(anonymous_33)
FN:376,(anonymous_34)
FN:380,(anonymous_35)
FN:384,(anonymous_36)
FN:388,(anonymous_37)
FN:392,(anonymous_38)
FN:396,(anonymous_39)
FN:416,(anonymous_40)
FN:420,(anonymous_41)
FN:421,(anonymous_42)
FN:424,(anonymous_43)
FN:441,(anonymous_44)
FN:452,(anonymous_45)
FN:457,(anonymous_46)
FNF:47
FNH:0
FNDA:0,(anonymous_0)
FNDA:0,(anonymous_1)
FNDA:0,(anonymous_2)
FNDA:0,(anonymous_3)
FNDA:0,(anonymous_4)
FNDA:0,(anonymous_5)
FNDA:0,(anonymous_6)
FNDA:0,(anonymous_7)
FNDA:0,(anonymous_8)
FNDA:0,(anonymous_9)
FNDA:0,(anonymous_10)
FNDA:0,(anonymous_11)
FNDA:0,(anonymous_12)
FNDA:0,(anonymous_13)
FNDA:0,(anonymous_14)
FNDA:0,(anonymous_15)
FNDA:0,(anonymous_16)
FNDA:0,(anonymous_17)
FNDA:0,(anonymous_18)
FNDA:0,(anonymous_19)
FNDA:0,(anonymous_20)
FNDA:0,(anonymous_21)
FNDA:0,(anonymous_22)
FNDA:0,(anonymous_23)
FNDA:0,(anonymous_24)
FNDA:0,(anonymous_25)
FNDA:0,(anonymous_26)
FNDA:0,(anonymous_27)
FNDA:0,(anonymous_28)
FNDA:0,(anonymous_29)
FNDA:0,(anonymous_30)
FNDA:0,(anonymous_31)
FNDA:0,(anonymous_32)
FNDA:0,(anonymous_33)
FNDA:0,(anonymous_34)
FNDA:0,(anonymous_35)
FNDA:0,(anonymous_36)
FNDA:0,(anonymous_37)
FNDA:0,(anonymous_38)
FNDA:0,(anonymous_39)
FNDA:0,(anonymous_40)
FNDA:0,(anonymous_41)
FNDA:0,(anonymous_42)
FNDA:0,(anonymous_43)
FNDA:0,(anonymous_44)
FNDA:0,(anonymous_45)
FNDA:0,(anonymous_46)
DA:58,0
DA:61,0
DA:62,0
DA:66,0
DA:68,0
DA:79,0
DA:88,0
DA:89,0
DA:93,0
DA:94,0
DA:95,0
DA:96,0
DA:97,0
DA:102,0
DA:103,0
DA:108,0
DA:109,0
DA:110,0
DA:115,0
DA:116,0
DA:118,0
DA:123,0
DA:127,0
DA:128,0
DA:129,0
DA:130,0
DA:131,0
DA:134,0
DA:135,0
DA:137,0
DA:144,0
DA:149,0
DA:150,0
DA:151,0
DA:152,0
DA:153,0
DA:155,0
DA:157,0
DA:164,0
DA:170,0
DA:175,0
DA:176,0
DA:182,0
DA:186,0
DA:194,0
DA:195,0
DA:204,0
DA:208,0
DA:209,0
DA:212,0
DA:214,0
DA:218,0
DA:221,0
DA:222,0
DA:223,0
DA:225,0
DA:231,0
DA:235,0
DA:239,0
DA:243,0
DA:244,0
DA:245,0
DA:246,0
DA:248,0
DA:250,0
DA:251,0
DA:252,0
DA:253,0
DA:256,0
DA:267,0
DA:268,0
DA:269,0
DA:271,0
DA:275,0
DA:276,0
DA:279,0
DA:280,0
DA:281,0
DA:282,0
DA:284,0
DA:288,0
DA:293,0
DA:298,0
DA:302,0
DA:303,0
DA:307,0
DA:308,0
DA:313,0
DA:314,0
DA:316,0
DA:320,0
DA:321,0
DA:322,0
DA:323,0
DA:325,0
DA:330,0
DA:332,0
DA:336,0
DA:343,0
DA:346,0
DA:347,0
DA:350,0
DA:355,0
DA:359,0
DA:361,0
DA:362,0
DA:366,0
DA:367,0
DA:373,0
DA:397,0
DA:405,0
DA:408,0
DA:409,0
DA:413,0
DA:417,0
DA:421,0
DA:431,0
DA:442,0
DA:445,0
DA:446,0
DA:447,0
DA:452,0
DA:453,0
DA:457,0
LF:124
LH:0
BRDA:108,0,0,0
BRDA:108,0,1,0
BRDA:128,1,0,0
BRDA:128,1,1,0
BRDA:150,2,0,0
BRDA:150,2,1,0
BRDA:175,3,0,0
BRDA:175,3,1,0
BRDA:194,4,0,0
BRDA:194,4,1,0
BRDA:204,5,0,0
BRDA:204,5,1,0
BRDA:223,6,0,0
BRDA:223,6,1,0
BRDA:246,7,0,0
BRDA:246,7,1,0
BRDA:250,8,0,0
BRDA:250,8,1,0
BRDA:252,9,0,0
BRDA:252,9,1,0
BRDA:252,10,0,0
BRDA:252,10,1,0
BRDA:268,11,0,0
BRDA:268,11,1,0
BRDA:271,12,0,0
BRDA:271,12,1,0
BRDA:281,13,0,0
BRDA:281,13,1,0
BRDA:303,14,0,0
BRDA:303,14,1,0
BRDA:306,15,0,0
BRDA:312,16,0,0
BRDA:313,17,0,0
BRDA:313,17,1,0
BRDA:321,18,0,0
BRDA:321,18,1,0
BRDA:321,19,0,0
BRDA:321,19,1,0
BRDA:325,20,0,0
BRDA:325,20,1,0
BRDA:346,21,0,0
BRDA:346,21,1,0
BRDA:350,22,0,0
BRDA:350,22,1,0
BRDA:361,23,0,0
BRDA:361,23,1,0
BRDA:366,24,0,0
BRDA:366,24,1,0
BRDA:408,25,0,0
BRDA:408,25,1,0
BRDA:416,26,0,0
BRDA:441,27,0,0
BRDA:446,28,0,0
BRDA:446,28,1,0
BRDA:446,29,0,0
BRDA:446,29,1,0
BRDA:453,30,0,0
BRDA:453,30,1,0
BRF:58
BRH:0
end_of_record
TN:
SF:src/services/TestEngine.ts
FN:80,(anonymous_0)
FN:90,(anonymous_1)
FN:98,(anonymous_2)
FN:123,(anonymous_3)
FN:169,(anonymous_4)
FN:209,(anonymous_5)
FN:237,(anonymous_6)
FN:239,(anonymous_7)
FN:248,(anonymous_8)
FN:278,(anonymous_9)
FN:290,(anonymous_10)
FN:303,(anonymous_11)
FN:308,(anonymous_12)
FN:310,(anonymous_13)
FN:310,(anonymous_14)
FN:311,(anonymous_15)
FN:311,(anonymous_16)
FN:312,(anonymous_17)
FN:312,(anonymous_18)
FN:316,(anonymous_19)
FN:327,(anonymous_20)
FN:345,(anonymous_21)
FN:378,(anonymous_22)
FN:379,(anonymous_23)
FN:380,(anonymous_24)
FN:381,(anonymous_25)
FN:385,(anonymous_26)
FN:391,(anonymous_27)
FN:392,(anonymous_28)
FN:417,(anonymous_29)
FN:418,(anonymous_30)
FN:419,(anonymous_31)
FN:420,(anonymous_32)
FN:438,(anonymous_33)
FN:444,(anonymous_34)
FN:469,(anonymous_35)
FN:470,(anonymous_36)
FN:471,(anonymous_37)
FN:472,(anonymous_38)
FN:490,(anonymous_39)
FN:496,(anonymous_40)
FN:519,(anonymous_41)
FN:520,(anonymous_42)
FN:521,(anonymous_43)
FN:522,(anonymous_44)
FN:542,(anonymous_45)
FN:551,(anonymous_46)
FN:560,(anonymous_47)
FN:567,(anonymous_48)
FN:573,(anonymous_49)
FN:580,(anonymous_50)
FN:592,(anonymous_51)
FN:603,(anonymous_52)
FN:607,(anonymous_53)
FN:608,(anonymous_54)
FN:610,(anonymous_55)
FN:614,(anonymous_56)
FN:637,(anonymous_57)
FN:651,(anonymous_58)
FN:663,(anonymous_59)
FN:676,(anonymous_60)
FN:677,(anonymous_61)
FN:678,(anonymous_62)
FN:679,(anonymous_63)
FN:683,(anonymous_64)
FN:691,(anonymous_65)
FN:709,(anonymous_66)
FN:714,(anonymous_67)
FN:720,(anonymous_68)
FN:721,(anonymous_69)
FN:730,(anonymous_70)
FN:736,(anonymous_71)
FN:737,(anonymous_72)
FN:738,(anonymous_73)
FN:739,(anonymous_74)
FN:743,(anonymous_75)
FN:746,(anonymous_76)
FN:751,(anonymous_77)
FNF:78
FNH:0
FNDA:0,(anonymous_0)
FNDA:0,(anonymous_1)
FNDA:0,(anonymous_2)
FNDA:0,(anonymous_3)
FNDA:0,(anonymous_4)
FNDA:0,(anonymous_5)
FNDA:0,(anonymous_6)
FNDA:0,(anonymous_7)
FNDA:0,(anonymous_8)
FNDA:0,(anonymous_9)
FNDA:0,(anonymous_10)
FNDA:0,(anonymous_11)
FNDA:0,(anonymous_12)
FNDA:0,(anonymous_13)
FNDA:0,(anonymous_14)
FNDA:0,(anonymous_15)
FNDA:0,(anonymous_16)
FNDA:0,(anonymous_17)
FNDA:0,(anonymous_18)
FNDA:0,(anonymous_19)
FNDA:0,(anonymous_20)
FNDA:0,(anonymous_21)
FNDA:0,(anonymous_22)
FNDA:0,(anonymous_23)
FNDA:0,(anonymous_24)
FNDA:0,(anonymous_25)
FNDA:0,(anonymous_26)
FNDA:0,(anonymous_27)
FNDA:0,(anonymous_28)
FNDA:0,(anonymous_29)
FNDA:0,(anonymous_30)
FNDA:0,(anonymous_31)
FNDA:0,(anonymous_32)
FNDA:0,(anonymous_33)
FNDA:0,(anonymous_34)
FNDA:0,(anonymous_35)
FNDA:0,(anonymous_36)
FNDA:0,(anonymous_37)
FNDA:0,(anonymous_38)
FNDA:0,(anonymous_39)
FNDA:0,(anonymous_40)
FNDA:0,(anonymous_41)
FNDA:0,(anonymous_42)
FNDA:0,(anonymous_43)
FNDA:0,(anonymous_44)
FNDA:0,(anonymous_45)
FNDA:0,(anonymous_46)
FNDA:0,(anonymous_47)
FNDA:0,(anonymous_48)
FNDA:0,(anonymous_49)
FNDA:0,(anonymous_50)
FNDA:0,(anonymous_51)
FNDA:0,(anonymous_52)
FNDA:0,(anonymous_53)
FNDA:0,(anonymous_54)
FNDA:0,(anonymous_55)
FNDA:0,(anonymous_56)
FNDA:0,(anonymous_57)
FNDA:0,(anonymous_58)
FNDA:0,(anonymous_59)
FNDA:0,(anonymous_60)
FNDA:0,(anonymous_61)
FNDA:0,(anonymous_62)
FNDA:0,(anonymous_63)
FNDA:0,(anonymous_64)
FNDA:0,(anonymous_65)
FNDA:0,(anonymous_66)
FNDA:0,(anonymous_67)
FNDA:0,(anonymous_68)
FNDA:0,(anonymous_69)
FNDA:0,(anonymous_70)
FNDA:0,(anonymous_71)
FNDA:0,(anonymous_72)
FNDA:0,(anonymous_73)
FNDA:0,(anonymous_74)
FNDA:0,(anonymous_75)
FNDA:0,(anonymous_76)
FNDA:0,(anonymous_77)
DA:81,0
DA:82,0
DA:84,0
DA:91,0
DA:92,0
DA:99,0
DA:101,0
DA:104,0
DA:105,0
DA:109,0
DA:112,0
DA:115,0
DA:116,0
DA:125,0
DA:127,0
DA:128,0
DA:132,0
DA:148,0
DA:149,0
DA:150,0
DA:151,0
DA:154,0
DA:157,0
DA:158,0
DA:159,0
DA:163,0
DA:171,0
DA:174,0
DA:176,0
DA:203,0
DA:210,0
DA:213,0
DA:214,0
DA:215,0
DA:216,0
DA:218,0
DA:221,0
DA:222,0
DA:223,0
DA:224,0
DA:229,0
DA:231,0
DA:238,0
DA:239,0
DA:240,0
DA:241,0
DA:244,0
DA:247,0
DA:248,0
DA:249,0
DA:250,0
DA:253,0
DA:254,0
DA:257,0
DA:258,0
DA:260,0
DA:262,0
DA:279,0
DA:280,0
DA:281,0
DA:284,0
DA:291,0
DA:292,0
DA:293,0
DA:297,0
DA:302,0
DA:303,0
DA:306,0
DA:308,0
DA:310,0
DA:311,0
DA:312,0
DA:316,0
DA:328,0
DA:330,0
DA:332,0
DA:334,0
DA:336,0
DA:338,0
DA:340,0
DA:348,0
DA:351,0
DA:354,0
DA:355,0
DA:357,0
DA:372,0
DA:378,0
DA:379,0
DA:380,0
DA:381,0
DA:386,0
DA:387,0
DA:388,0
DA:390,0
DA:391,0
DA:392,0
DA:393,0
DA:411,0
DA:417,0
DA:418,0
DA:419,0
DA:420,0
DA:423,0
DA:424,0
DA:439,0
DA:440,0
DA:441,0
DA:443,0
DA:444,0
DA:445,0
DA:463,0
DA:469,0
DA:470,0
DA:471,0
DA:472,0
DA:475,0
DA:476,0
DA:491,0
DA:492,0
DA:493,0
DA:495,0
DA:496,0
DA:497,0
DA:513,0
DA:519,0
DA:520,0
DA:521,0
DA:522,0
DA:525,0
DA:526,0
DA:543,0
DA:544,0
DA:545,0
DA:547,0
DA:552,0
DA:553,0
DA:554,0
DA:555,0
DA:556,0
DA:561,0
DA:562,0
DA:563,0
DA:564,0
DA:570,0
DA:574,0
DA:575,0
DA:576,0
DA:577,0
DA:581,0
DA:582,0
DA:584,0
DA:585,0
DA:586,0
DA:587,0
DA:589,0
DA:594,0
DA:595,0
DA:596,0
DA:597,0
DA:598,0
DA:600,0
DA:604,0
DA:605,0
DA:607,0
DA:608,0
DA:610,0
DA:611,0
DA:614,0
DA:615,0
DA:616,0
DA:619,0
DA:622,0
DA:629,0
DA:632,0
DA:633,0
DA:639,0
DA:653,0
DA:654,0
DA:655,0
DA:656,0
DA:657,0
DA:658,0
DA:664,0
DA:666,0
DA:667,0
DA:668,0
DA:669,0
DA:673,0
DA:677,0
DA:678,0
DA:679,0
DA:680,0
DA:685,0
DA:692,0
DA:694,0
DA:695,0
DA:696,0
DA:699,0
DA:700,0
DA:701,0
DA:704,0
DA:706,0
DA:711,0
DA:715,0
DA:717,0
DA:718,0
DA:720,0
DA:721,0
DA:723,0
DA:725,0
DA:726,0
DA:727,0
DA:731,0
DA:732,0
DA:735,0
DA:736,0
DA:737,0
DA:738,0
DA:739,0
DA:744,0
DA:746,0
DA:747,0
DA:750,0
DA:751,0
DA:752,0
DA:754,0
LF:226
LH:0
BRDA:116,0,0,0
BRDA:116,0,1,0
BRDA:127,1,0,0
BRDA:127,1,1,0
BRDA:157,2,0,0
BRDA:157,2,1,0
BRDA:187,3,0,0
BRDA:187,3,1,0
BRDA:215,4,0,0
BRDA:215,4,1,0
BRDA:223,5,0,0
BRDA:223,5,1,0
BRDA:264,6,0,0
BRDA:264,6,1,0
BRDA:280,7,0,0
BRDA:280,7,1,0
BRDA:292,8,0,0
BRDA:292,8,1,0
BRDA:330,9,0,0
BRDA:330,9,1,0
BRDA:330,9,2,0
BRDA:330,9,3,0
BRDA:330,9,4,0
BRDA:390,10,0,0
BRDA:390,10,1,0
BRDA:397,11,0,0
BRDA:397,11,1,0
BRDA:398,12,0,0
BRDA:398,12,1,0
BRDA:399,13,0,0
BRDA:399,13,1,0
BRDA:443,14,0,0
BRDA:443,14,1,0
BRDA:443,15,0,0
BRDA:443,15,1,0
BRDA:447,16,0,0
BRDA:447,16,1,0
BRDA:449,17,0,0
BRDA:449,17,1,0
BRDA:450,18,0,0
BRDA:450,18,1,0
BRDA:451,19,0,0
BRDA:451,19,1,0
BRDA:452,20,0,0
BRDA:452,20,1,0
BRDA:495,21,0,0
BRDA:495,21,1,0
BRDA:499,22,0,0
BRDA:499,22,1,0
BRDA:501,23,0,0
BRDA:501,23,1,0
BRDA:502,24,0,0
BRDA:502,24,1,0
BRDA:545,25,0,0
BRDA:545,25,1,0
BRDA:545,26,0,0
BRDA:545,26,1,0
BRDA:552,27,0,0
BRDA:552,27,1,0
BRDA:552,27,2,0
BRDA:552,27,3,0
BRDA:562,28,0,0
BRDA:562,28,1,0
BRDA:562,29,0,0
BRDA:562,29,1,0
BRDA:563,30,0,0
BRDA:563,30,1,0
BRDA:563,31,0,0
BRDA:563,31,1,0
BRDA:574,32,0,0
BRDA:574,32,1,0
BRDA:575,33,0,0
BRDA:575,33,1,0
BRDA:576,34,0,0
BRDA:576,34,1,0
BRDA:584,35,0,0
BRDA:584,35,1,0
BRDA:585,36,0,0
BRDA:585,36,1,0
BRDA:586,37,0,0
BRDA:586,37,1,0
BRDA:587,38,0,0
BRDA:587,38,1,0
BRDA:605,39,0,0
BRDA:605,39,1,0
BRDA:616,40,0,0
BRDA:616,40,1,0
BRDA:632,41,0,0
BRDA:632,41,1,0
BRDA:655,42,0,0
BRDA:655,42,1,0
BRDA:664,43,0,0
BRDA:664,43,1,0
BRDA:668,44,0,0
BRDA:668,44,1,0
BRDA:694,45,0,0
BRDA:694,45,1,0
BRDA:699,46,0,0
BRDA:699,46,1,0
BRDA:715,47,0,0
BRDA:715,47,1,0
BRDA:725,48,0,0
BRDA:725,48,1,0
BRDA:726,49,0,0
BRDA:726,49,1,0
BRDA:731,50,0,0
BRDA:731,50,1,0
BRDA:744,51,0,0
BRDA:744,51,1,0
BRF:109
BRH:0
end_of_record
TN:
SF:src/services/TestResultParser.ts
FN:52,(anonymous_0)
FN:60,(anonymous_1)
FN:82,(anonymous_2)
FN:169,(anonymous_3)
FN:225,(anonymous_4)
FN:240,(anonymous_5)
FN:250,(anonymous_6)
FN:304,(anonymous_7)
FN:319,(anonymous_8)
FN:327,(anonymous_9)
FN:337,(anonymous_10)
FN:387,(anonymous_11)
FN:402,(anonymous_12)
FN:412,(anonymous_13)
FN:470,(anonymous_14)
FN:484,(anonymous_15)
FN:494,(anonymous_16)
FN:498,(anonymous_17)
FN:532,(anonymous_18)
FN:546,(anonymous_19)
FNF:20
FNH:0
FNDA:0,(anonymous_0)
FNDA:0,(anonymous_1)
FNDA:0,(anonymous_2)
FNDA:0,(anonymous_3)
FNDA:0,(anonymous_4)
FNDA:0,(anonymous_5)
FNDA:0,(anonymous_6)
FNDA:0,(anonymous_7)
FNDA:0,(anonymous_8)
FNDA:0,(anonymous_9)
FNDA:0,(anonymous_10)
FNDA:0,(anonymous_11)
FNDA:0,(anonymous_12)
FNDA:0,(anonymous_13)
FNDA:0,(anonymous_14)
FNDA:0,(anonymous_15)
FNDA:0,(anonymous_16)
FNDA:0,(anonymous_17)
FNDA:0,(anonymous_18)
FNDA:0,(anonymous_19)
DA:53,0
DA:54,0
DA:61,0
DA:63,0
DA:65,0
DA:67,0
DA:69,0
DA:71,0
DA:73,0
DA:75,0
DA:86,0
DA:87,0
DA:88,0
DA:91,0
DA:92,0
DA:93,0
DA:95,0
DA:108,0
DA:109,0
DA:110,0
DA:112,0
DA:121,0
DA:122,0
DA:123,0
DA:124,0
DA:125,0
DA:130,0
DA:131,0
DA:132,0
DA:133,0
DA:134,0
DA:139,0
DA:140,0
DA:143,0
DA:146,0
DA:148,0
DA:149,0
DA:151,0
DA:152,0
DA:154,0
DA:155,0
DA:159,0
DA:163,0
DA:170,0
DA:172,0
DA:173,0
DA:174,0
DA:175,0
DA:176,0
DA:177,0
DA:179,0
DA:180,0
DA:181,0
DA:183,0
DA:184,0
DA:192,0
DA:193,0
DA:194,0
DA:197,0
DA:198,0
DA:199,0
DA:201,0
DA:203,0
DA:204,0
DA:206,0
DA:207,0
DA:209,0
DA:210,0
DA:216,0
DA:225,0
DA:241,0
DA:243,0
DA:244,0
DA:245,0
DA:246,0
DA:247,0
DA:248,0
DA:250,0
DA:251,0
DA:253,0
DA:254,0
DA:262,0
DA:263,0
DA:264,0
DA:267,0
DA:268,0
DA:269,0
DA:271,0
DA:273,0
DA:274,0
DA:276,0
DA:277,0
DA:279,0
DA:280,0
DA:284,0
DA:285,0
DA:289,0
DA:290,0
DA:291,0
DA:295,0
DA:304,0
DA:321,0
DA:328,0
DA:330,0
DA:331,0
DA:332,0
DA:333,0
DA:334,0
DA:335,0
DA:337,0
DA:338,0
DA:339,0
DA:340,0
DA:348,0
DA:349,0
DA:350,0
DA:353,0
DA:354,0
DA:355,0
DA:357,0
DA:359,0
DA:360,0
DA:362,0
DA:363,0
DA:365,0
DA:366,0
DA:372,0
DA:373,0
DA:374,0
DA:378,0
DA:387,0
DA:403,0
DA:405,0
DA:406,0
DA:407,0
DA:408,0
DA:409,0
DA:410,0
DA:412,0
DA:413,0
DA:415,0
DA:416,0
DA:417,0
DA:418,0
DA:426,0
DA:427,0
DA:428,0
DA:431,0
DA:432,0
DA:433,0
DA:435,0
DA:437,0
DA:438,0
DA:440,0
DA:441,0
DA:443,0
DA:444,0
DA:450,0
DA:451,0
DA:455,0
DA:456,0
DA:457,0
DA:461,0
DA:470,0
DA:485,0
DA:486,0
DA:488,0
DA:489,0
DA:491,0
DA:495,0
DA:499,0
DA:500,0
DA:503,0
DA:504,0
DA:508,0
DA:520,0
DA:521,0
DA:522,0
DA:523,0
DA:524,0
DA:525,0
DA:526,0
DA:529,0
DA:533,0
DA:535,0
DA:537,0
DA:540,0
DA:542,0
DA:547,0
DA:549,0
DA:551,0
DA:554,0
DA:556,0
DA:558,0
LF:194
LH:0
BRDA:61,0,0,0
BRDA:61,0,1,0
BRDA:61,0,2,0
BRDA:61,0,3,0
BRDA:61,0,4,0
BRDA:61,0,5,0
BRDA:61,0,6,0
BRDA:96,1,0,0
BRDA:96,1,1,0
BRDA:97,2,0,0
BRDA:97,2,1,0
BRDA:99,3,0,0
BRDA:99,3,1,0
BRDA:103,4,0,0
BRDA:103,4,1,0
BRDA:115,5,0,0
BRDA:115,5,1,0
BRDA:116,6,0,0
BRDA:116,6,1,0
BRDA:121,7,0,0
BRDA:121,7,1,0
BRDA:124,8,0,0
BRDA:124,8,1,0
BRDA:130,9,0,0
BRDA:130,9,1,0
BRDA:133,10,0,0
BRDA:133,10,1,0
BRDA:139,11,0,0
BRDA:139,11,1,0
BRDA:146,12,0,0
BRDA:146,12,1,0
BRDA:146,12,2,0
BRDA:179,13,0,0
BRDA:179,13,1,0
BRDA:181,14,0,0
BRDA:181,14,1,0
BRDA:183,15,0,0
BRDA:183,15,1,0
BRDA:189,16,0,0
BRDA:189,16,1,0
BRDA:192,17,0,0
BRDA:192,17,1,0
BRDA:192,18,0,0
BRDA:192,18,1,0
BRDA:201,19,0,0
BRDA:201,19,1,0
BRDA:201,19,2,0
BRDA:217,20,0,0
BRDA:217,20,1,0
BRDA:250,21,0,0
BRDA:251,22,0,0
BRDA:251,22,1,0
BRDA:253,23,0,0
BRDA:253,23,1,0
BRDA:258,24,0,0
BRDA:258,24,1,0
BRDA:258,25,0,0
BRDA:258,25,1,0
BRDA:259,26,0,0
BRDA:259,26,1,0
BRDA:262,27,0,0
BRDA:262,27,1,0
BRDA:271,28,0,0
BRDA:271,28,1,0
BRDA:271,28,2,0
BRDA:284,29,0,0
BRDA:284,29,1,0
BRDA:289,30,0,0
BRDA:289,30,1,0
BRDA:296,31,0,0
BRDA:296,31,1,0
BRDA:297,32,0,0
BRDA:297,32,1,0
BRDA:303,33,0,0
BRDA:303,33,1,0
BRDA:338,34,0,0
BRDA:338,34,1,0
BRDA:339,35,0,0
BRDA:339,35,1,0
BRDA:344,36,0,0
BRDA:344,36,1,0
BRDA:344,37,0,0
BRDA:344,37,1,0
BRDA:345,38,0,0
BRDA:345,38,1,0
BRDA:348,39,0,0
BRDA:348,39,1,0
BRDA:357,40,0,0
BRDA:357,40,1,0
BRDA:357,40,2,0
BRDA:372,41,0,0
BRDA:372,41,1,0
BRDA:379,42,0,0
BRDA:379,42,1,0
BRDA:413,43,0,0
BRDA:413,43,1,0
BRDA:415,44,0,0
BRDA:415,44,1,0
BRDA:416,45,0,0
BRDA:416,45,1,0
BRDA:417,46,0,0
BRDA:417,46,1,0
BRDA:423,47,0,0
BRDA:423,47,1,0
BRDA:426,48,0,0
BRDA:426,48,1,0
BRDA:435,49,0,0
BRDA:435,49,1,0
BRDA:435,49,2,0
BRDA:450,50,0,0
BRDA:450,50,1,0
BRDA:455,51,0,0
BRDA:455,51,1,0
BRDA:462,52,0,0
BRDA:462,52,1,0
BRDA:499,53,0,0
BRDA:499,53,1,0
BRDA:503,54,0,0
BRDA:503,54,1,0
BRDA:533,55,0,0
BRDA:533,55,1,0
BRDA:533,55,2,0
BRDA:533,55,3,0
BRDA:533,55,4,0
BRDA:547,56,0,0
BRDA:547,56,1,0
BRDA:547,56,2,0
BRDA:547,56,3,0
BRDA:547,56,4,0
BRDA:547,56,5,0
BRF:130
BRH:0
end_of_record
TN:
SF:src/utils/embedding.ts
FN:42,(anonymous_0)
FN:63,(anonymous_1)
FN:96,(anonymous_2)
FN:132,(anonymous_3)
FN:140,(anonymous_4)
FN:161,(anonymous_5)
FN:171,(anonymous_6)
FN:208,(anonymous_7)
FN:216,(anonymous_8)
FN:247,(anonymous_9)
FN:264,(anonymous_10)
FN:277,(anonymous_11)
FN:280,(anonymous_12)
FN:301,(anonymous_13)
FN:327,(anonymous_14)
FN:334,(anonymous_15)
FN:341,(anonymous_16)
FN:353,(anonymous_17)
FN:360,(anonymous_18)
FN:373,(anonymous_19)
FN:374,(anonymous_20)
FN:380,(anonymous_21)
FN:405,(anonymous_22)
FN:412,(anonymous_23)
FN:440,(anonymous_24)
FNF:25
FNH:0
FNDA:0,(anonymous_0)
FNDA:0,(anonymous_1)
FNDA:0,(anonymous_2)
FNDA:0,(anonymous_3)
FNDA:0,(anonymous_4)
FNDA:0,(anonymous_5)
FNDA:0,(anonymous_6)
FNDA:0,(anonymous_7)
FNDA:0,(anonymous_8)
FNDA:0,(anonymous_9)
FNDA:0,(anonymous_10)
FNDA:0,(anonymous_11)
FNDA:0,(anonymous_12)
FNDA:0,(anonymous_13)
FNDA:0,(anonymous_14)
FNDA:0,(anonymous_15)
FNDA:0,(anonymous_16)
FNDA:0,(anonymous_17)
FNDA:0,(anonymous_18)
FNDA:0,(anonymous_19)
FNDA:0,(anonymous_20)
FNDA:0,(anonymous_21)
FNDA:0,(anonymous_22)
FNDA:0,(anonymous_23)
FNDA:0,(anonymous_24)
DA:38,0
DA:39,0
DA:40,0
DA:43,0
DA:53,0
DA:54,0
DA:65,0
DA:66,0
DA:67,0
DA:68,0
DA:72,0
DA:73,0
DA:76,0
DA:78,0
DA:81,0
DA:82,0
DA:84,0
DA:85,0
DA:87,0
DA:89,0
DA:99,0
DA:100,0
DA:101,0
DA:102,0
DA:105,0
DA:106,0
DA:107,0
DA:109,0
DA:110,0
DA:111,0
DA:114,0
DA:115,0
DA:119,0
DA:121,0
DA:135,0
DA:136,0
DA:137,0
DA:140,0
DA:141,0
DA:142,0
DA:143,0
DA:144,0
DA:145,0
DA:147,0
DA:150,0
DA:151,0
DA:155,0
DA:156,0
DA:157,0
DA:158,0
DA:161,0
DA:162,0
DA:165,0
DA:175,0
DA:176,0
DA:179,0
DA:180,0
DA:186,0
DA:187,0
DA:189,0
DA:200,0
DA:201,0
DA:211,0
DA:212,0
DA:215,0
DA:216,0
DA:218,0
DA:224,0
DA:225,0
DA:227,0
DA:228,0
DA:229,0
DA:231,0
DA:244,0
DA:245,0
DA:247,0
DA:251,0
DA:252,0
DA:254,0
DA:256,0
DA:257,0
DA:265,0
DA:271,0
DA:279,0
DA:280,0
DA:282,0
DA:283,0
DA:286,0
DA:302,0
DA:304,0
DA:305,0
DA:306,0
DA:307,0
DA:308,0
DA:310,0
DA:313,0
DA:314,0
DA:317,0
DA:320,0
DA:328,0
DA:335,0
DA:343,0
DA:354,0
DA:361,0
DA:362,0
DA:363,0
DA:364,0
DA:365,0
DA:367,0
DA:374,0
DA:386,0
DA:387,0
DA:388,0
DA:390,0
DA:392,0
DA:393,0
DA:394,0
DA:399,0
DA:406,0
DA:413,0
DA:415,0
DA:416,0
DA:419,0
DA:420,0
DA:423,0
DA:424,0
DA:427,0
DA:428,0
DA:431,0
DA:447,0
DA:458,0
LF:131
LH:0
BRDA:42,0,0,0
BRDA:44,1,0,0
BRDA:44,1,1,0
BRDA:44,1,2,0
BRDA:45,2,0,0
BRDA:45,2,1,0
BRDA:46,3,0,0
BRDA:46,3,1,0
BRDA:47,4,0,0
BRDA:47,4,1,0
BRDA:48,5,0,0
BRDA:48,5,1,0
BRDA:49,6,0,0
BRDA:49,6,1,0
BRDA:53,7,0,0
BRDA:53,7,1,0
BRDA:66,8,0,0
BRDA:66,8,1,0
BRDA:72,9,0,0
BRDA:72,9,1,0
BRDA:72,10,0,0
BRDA:72,10,1,0
BRDA:76,11,0,0
BRDA:76,11,1,0
BRDA:114,12,0,0
BRDA:114,12,1,0
BRDA:143,13,0,0
BRDA:143,13,1,0
BRDA:150,14,0,0
BRDA:150,14,1,0
BRDA:175,15,0,0
BRDA:175,15,1,0
BRDA:201,16,0,0
BRDA:201,16,1,0
BRDA:211,17,0,0
BRDA:211,17,1,0
BRDA:244,18,0,0
BRDA:244,18,1,0
BRDA:247,19,0,0
BRDA:247,19,1,0
BRDA:257,20,0,0
BRDA:257,20,1,0
BRDA:271,21,0,0
BRDA:271,21,1,0
BRDA:302,22,0,0
BRDA:302,22,1,0
BRDA:302,22,2,0
BRDA:302,22,3,0
BRDA:305,23,0,0
BRDA:305,23,1,0
BRDA:306,24,0,0
BRDA:306,24,1,0
BRDA:306,25,0,0
BRDA:306,25,1,0
BRDA:306,26,0,0
BRDA:306,26,1,0
BRDA:307,27,0,0
BRDA:307,27,1,0
BRDA:308,28,0,0
BRDA:308,28,1,0
BRDA:308,29,0,0
BRDA:308,29,1,0
BRDA:308,30,0,0
BRDA:308,30,1,0
BRDA:310,31,0,0
BRDA:310,31,1,0
BRDA:310,32,0,0
BRDA:310,32,1,0
BRDA:314,33,0,0
BRDA:314,33,1,0
BRDA:314,34,0,0
BRDA:314,34,1,0
BRDA:314,35,0,0
BRDA:314,35,1,0
BRDA:317,36,0,0
BRDA:317,36,1,0
BRDA:317,37,0,0
BRDA:317,37,1,0
BRDA:320,38,0,0
BRDA:320,38,1,0
BRDA:382,39,0,0
BRDA:392,40,0,0
BRDA:392,40,1,0
BRDA:406,41,0,0
BRDA:406,41,1,0
BRDA:415,42,0,0
BRDA:415,42,1,0
BRDA:419,43,0,0
BRDA:419,43,1,0
BRDA:423,44,0,0
BRDA:423,44,1,0
BRDA:427,45,0,0
BRDA:427,45,1,0
BRDA:427,46,0,0
BRDA:427,46,1,0
BRF:95
BRH:0
end_of_record
