TN:
SF:src/health-check.ts
FN:19,performHealthCheck
FN:34,(anonymous_1)
FN:54,healthCheck
FN:71,(anonymous_3)
FNF:4
FNH:2
FNDA:3,performHealthCheck
FNDA:12,(anonymous_1)
FNDA:0,healthCheck
FNDA:0,(anonymous_3)
DA:8,1
DA:19,1
DA:20,3
DA:21,3
DA:22,3
DA:25,3
DA:28,3
DA:31,3
DA:34,3
DA:35,12
DA:38,3
DA:43,0
DA:54,1
DA:55,0
DA:57,0
DA:58,0
DA:59,0
DA:61,0
DA:62,0
DA:63,0
DA:65,0
DA:70,1
DA:71,0
DA:72,0
DA:73,0
LF:25
LH:13
BRDA:35,0,0,12
BRDA:35,0,1,0
BRDA:46,1,0,0
BRDA:46,1,1,0
BRDA:57,2,0,0
BRDA:57,2,1,0
BRDA:62,3,0,0
BRDA:62,3,1,0
BRDA:70,4,0,0
BRDA:70,4,1,1
BRF:10
BRH:2
end_of_record
TN:
SF:src/api/APIGateway.ts
FN:71,(anonymous_10)
FN:128,(anonymous_11)
FN:136,(anonymous_12)
FN:141,(anonymous_13)
FN:146,(anonymous_14)
FN:153,(anonymous_15)
FN:160,(anonymous_16)
FN:167,(anonymous_17)
FN:178,(anonymous_18)
FN:187,(anonymous_19)
FN:189,(anonymous_20)
FN:198,(anonymous_21)
FN:213,(anonymous_22)
FN:214,(anonymous_23)
FN:219,(anonymous_24)
FN:225,(anonymous_25)
FN:260,(anonymous_26)
FN:273,(anonymous_27)
FN:284,(anonymous_28)
FN:293,(anonymous_29)
FN:295,(anonymous_30)
FN:319,(anonymous_31)
FN:324,(anonymous_32)
FN:332,(anonymous_33)
FN:339,(anonymous_34)
FN:343,(anonymous_35)
FN:350,(anonymous_36)
FN:357,(anonymous_37)
FN:385,(anonymous_38)
FN:389,(anonymous_39)
FN:397,(anonymous_40)
FN:402,(anonymous_41)
FNF:32
FNH:24
FNDA:4,(anonymous_10)
FNDA:4,(anonymous_11)
FNDA:79,(anonymous_12)
FNDA:79,(anonymous_13)
FNDA:79,(anonymous_14)
FNDA:79,(anonymous_15)
FNDA:79,(anonymous_16)
FNDA:79,(anonymous_17)
FNDA:80,(anonymous_18)
FNDA:4,(anonymous_19)
FNDA:22,(anonymous_20)
FNDA:110,(anonymous_21)
FNDA:1,(anonymous_22)
FNDA:1,(anonymous_23)
FNDA:0,(anonymous_24)
FNDA:4,(anonymous_25)
FNDA:0,(anonymous_26)
FNDA:0,(anonymous_27)
FNDA:42,(anonymous_28)
FNDA:4,(anonymous_29)
FNDA:6,(anonymous_30)
FNDA:0,(anonymous_31)
FNDA:0,(anonymous_32)
FNDA:6,(anonymous_33)
FNDA:79,(anonymous_34)
FNDA:4,(anonymous_35)
FNDA:0,(anonymous_36)
FNDA:4,(anonymous_37)
FNDA:1,(anonymous_38)
FNDA:4,(anonymous_39)
FNDA:0,(anonymous_40)
FNDA:0,(anonymous_41)
DA:6,4
DA:7,4
DA:8,4
DA:9,4
DA:10,4
DA:13,4
DA:14,4
DA:15,4
DA:20,4
DA:21,4
DA:24,4
DA:25,4
DA:26,4
DA:27,4
DA:28,4
DA:30,4
DA:31,4
DA:32,4
DA:33,4
DA:34,4
DA:35,4
DA:36,4
DA:37,4
DA:59,4
DA:72,4
DA:73,4
DA:81,4
DA:94,4
DA:96,4
DA:105,4
DA:108,4
DA:111,4
DA:114,4
DA:115,4
DA:118,4
DA:121,4
DA:123,4
DA:124,4
DA:125,4
DA:130,4
DA:133,4
DA:136,4
DA:137,79
DA:141,4
DA:142,79
DA:146,4
DA:147,79
DA:148,18
DA:153,4
DA:154,79
DA:155,6
DA:160,4
DA:161,79
DA:162,79
DA:163,79
DA:167,4
DA:168,79
DA:174,79
DA:178,4
DA:179,80
DA:183,80
DA:189,4
DA:190,22
DA:191,22
DA:193,22
DA:198,110
DA:200,22
DA:213,4
DA:214,2
DA:215,1
DA:219,4
DA:220,0
DA:224,4
DA:226,4
DA:228,4
DA:229,4
DA:230,4
DA:231,4
DA:232,4
DA:234,4
DA:235,4
DA:236,4
DA:237,4
DA:247,4
DA:249,0
DA:256,4
DA:260,0
DA:270,4
DA:273,4
DA:274,0
DA:281,4
DA:284,4
DA:285,42
DA:295,4
DA:296,6
DA:297,6
DA:299,6
DA:307,6
DA:319,4
DA:320,0
DA:321,0
DA:324,4
DA:325,0
DA:326,0
DA:333,6
DA:334,0
DA:335,0
DA:336,0
DA:340,79
DA:344,4
DA:346,4
DA:348,4
DA:349,0
DA:350,0
DA:351,0
DA:354,4
DA:358,4
DA:360,4
DA:363,4
DA:366,4
DA:368,4
DA:373,4
DA:374,4
DA:375,4
DA:376,4
DA:377,4
DA:378,4
DA:380,0
DA:381,0
DA:386,1
DA:391,4
DA:393,4
DA:394,4
DA:398,0
DA:403,0
LF:135
LH:117
BRDA:78,0,0,0
BRDA:82,1,0,4
BRDA:82,1,1,3
BRDA:83,2,0,4
BRDA:83,2,1,3
BRDA:85,3,0,4
BRDA:85,3,1,4
BRDA:86,4,0,4
BRDA:86,4,1,4
BRDA:89,5,0,4
BRDA:89,5,1,4
BRDA:90,6,0,4
BRDA:90,6,1,4
BRDA:98,7,0,4
BRDA:98,7,1,4
BRDA:108,8,0,4
BRDA:108,8,1,2
BRDA:114,9,0,4
BRDA:114,9,1,1
BRDA:115,10,0,4
BRDA:115,10,1,2
BRDA:147,11,0,18
BRDA:147,11,1,61
BRDA:154,12,0,6
BRDA:154,12,1,73
BRDA:161,13,0,79
BRDA:161,13,1,79
BRDA:200,14,0,22
BRDA:200,14,1,0
BRDA:201,15,0,22
BRDA:201,15,1,0
BRDA:241,16,0,4
BRDA:241,16,1,1
BRDA:264,17,0,0
BRDA:264,17,1,0
BRDA:296,18,0,6
BRDA:296,18,1,0
BRDA:310,19,0,0
BRDA:310,19,1,6
BRDA:311,20,0,0
BRDA:311,20,1,6
BRDA:333,21,0,6
BRDA:333,21,1,0
BRDA:334,22,0,0
BRDA:334,22,1,0
BRDA:335,23,0,0
BRDA:335,23,1,0
BRDA:348,24,0,0
BRDA:348,24,1,4
BRF:49
BRH:35
end_of_record
TN:
SF:src/api/mcp-router.ts
FN:61,(anonymous_0)
FN:85,(anonymous_1)
FN:445,(anonymous_2)
FN:449,(anonymous_3)
FN:451,(anonymous_4)
FN:452,(anonymous_5)
FN:462,(anonymous_6)
FN:501,(anonymous_7)
FN:506,(anonymous_8)
FN:515,(anonymous_9)
FN:566,(anonymous_10)
FN:590,(anonymous_11)
FN:591,(anonymous_12)
FN:613,(anonymous_13)
FN:633,(anonymous_14)
FN:711,(anonymous_15)
FN:809,(anonymous_16)
FN:844,(anonymous_17)
FN:854,(anonymous_18)
FN:909,(anonymous_19)
FN:931,(anonymous_20)
FN:960,(anonymous_21)
FN:997,(anonymous_22)
FN:1028,(anonymous_23)
FN:1064,(anonymous_24)
FN:1097,(anonymous_25)
FN:1098,(anonymous_26)
FN:1105,(anonymous_27)
FN:1115,(anonymous_28)
FN:1120,(anonymous_29)
FN:1192,(anonymous_30)
FN:1233,(anonymous_31)
FN:1277,(anonymous_32)
FN:1307,(anonymous_33)
FN:1334,(anonymous_34)
FN:1338,(anonymous_35)
FN:1400,(anonymous_36)
FN:1401,(anonymous_37)
FN:1410,(anonymous_38)
FN:1418,(anonymous_39)
FN:1478,(anonymous_40)
FN:1506,(anonymous_41)
FN:1543,(anonymous_42)
FN:1554,(anonymous_43)
FN:1555,(anonymous_44)
FN:1556,(anonymous_45)
FN:1605,(anonymous_46)
FN:1647,(anonymous_47)
FN:1662,(anonymous_48)
FN:1682,(anonymous_49)
FN:1683,(anonymous_50)
FN:1696,(anonymous_51)
FN:1716,(anonymous_52)
FN:1730,(anonymous_53)
FN:1740,(anonymous_54)
FN:1745,(anonymous_55)
FN:1760,(anonymous_56)
FN:1765,(anonymous_57)
FN:1770,(anonymous_58)
FN:1824,(anonymous_59)
FN:1828,(anonymous_60)
FN:1829,(anonymous_61)
FN:1831,(anonymous_62)
FN:1833,(anonymous_63)
FN:1834,(anonymous_64)
FN:1835,(anonymous_65)
FN:1838,(anonymous_66)
FN:1838,(anonymous_67)
FN:1845,(anonymous_68)
FN:1846,(anonymous_69)
FN:1857,(anonymous_70)
FN:1864,(anonymous_71)
FN:1879,(anonymous_72)
FN:1883,(anonymous_73)
FN:1889,(anonymous_74)
FN:1895,(anonymous_75)
FN:1899,(anonymous_76)
FN:1905,(anonymous_77)
FN:1909,(anonymous_78)
FN:1921,(anonymous_79)
FN:1942,(anonymous_80)
FN:1959,(anonymous_81)
FN:1965,(anonymous_82)
FN:2052,(anonymous_83)
FN:2104,(anonymous_84)
FN:2112,(anonymous_85)
FN:2137,(anonymous_86)
FN:2138,(anonymous_87)
FN:2139,(anonymous_88)
FN:2141,(anonymous_89)
FN:2157,(anonymous_90)
FN:2181,(anonymous_91)
FN:2201,(anonymous_92)
FN:2221,(anonymous_93)
FN:2224,(anonymous_94)
FN:2224,(anonymous_95)
FN:2225,(anonymous_96)
FN:2248,(anonymous_97)
FN:2256,(anonymous_98)
FN:2257,(anonymous_99)
FN:2266,(anonymous_100)
FN:2270,(anonymous_101)
FN:2282,(anonymous_102)
FNF:103
FNH:14
FNDA:27,(anonymous_0)
FNDA:27,(anonymous_1)
FNDA:351,(anonymous_2)
FNDA:27,(anonymous_3)
FNDA:0,(anonymous_4)
FNDA:0,(anonymous_5)
FNDA:0,(anonymous_6)
FNDA:0,(anonymous_7)
FNDA:0,(anonymous_8)
FNDA:0,(anonymous_9)
FNDA:0,(anonymous_10)
FNDA:0,(anonymous_11)
FNDA:0,(anonymous_12)
FNDA:0,(anonymous_13)
FNDA:0,(anonymous_14)
FNDA:0,(anonymous_15)
FNDA:0,(anonymous_16)
FNDA:0,(anonymous_17)
FNDA:0,(anonymous_18)
FNDA:0,(anonymous_19)
FNDA:0,(anonymous_20)
FNDA:0,(anonymous_21)
FNDA:0,(anonymous_22)
FNDA:0,(anonymous_23)
FNDA:0,(anonymous_24)
FNDA:0,(anonymous_25)
FNDA:0,(anonymous_26)
FNDA:0,(anonymous_27)
FNDA:0,(anonymous_28)
FNDA:0,(anonymous_29)
FNDA:0,(anonymous_30)
FNDA:0,(anonymous_31)
FNDA:0,(anonymous_32)
FNDA:0,(anonymous_33)
FNDA:0,(anonymous_34)
FNDA:0,(anonymous_35)
FNDA:0,(anonymous_36)
FNDA:0,(anonymous_37)
FNDA:0,(anonymous_38)
FNDA:0,(anonymous_39)
FNDA:0,(anonymous_40)
FNDA:0,(anonymous_41)
FNDA:0,(anonymous_42)
FNDA:0,(anonymous_43)
FNDA:0,(anonymous_44)
FNDA:0,(anonymous_45)
FNDA:0,(anonymous_46)
FNDA:4,(anonymous_47)
FNDA:0,(anonymous_48)
FNDA:0,(anonymous_49)
FNDA:0,(anonymous_50)
FNDA:0,(anonymous_51)
FNDA:0,(anonymous_52)
FNDA:0,(anonymous_53)
FNDA:0,(anonymous_54)
FNDA:0,(anonymous_55)
FNDA:2,(anonymous_56)
FNDA:29,(anonymous_57)
FNDA:0,(anonymous_58)
FNDA:1,(anonymous_59)
FNDA:0,(anonymous_60)
FNDA:0,(anonymous_61)
FNDA:0,(anonymous_62)
FNDA:0,(anonymous_63)
FNDA:0,(anonymous_64)
FNDA:0,(anonymous_65)
FNDA:0,(anonymous_66)
FNDA:0,(anonymous_67)
FNDA:2,(anonymous_68)
FNDA:0,(anonymous_69)
FNDA:1,(anonymous_70)
FNDA:0,(anonymous_71)
FNDA:1,(anonymous_72)
FNDA:0,(anonymous_73)
FNDA:0,(anonymous_74)
FNDA:0,(anonymous_75)
FNDA:0,(anonymous_76)
FNDA:0,(anonymous_77)
FNDA:0,(anonymous_78)
FNDA:0,(anonymous_79)
FNDA:0,(anonymous_80)
FNDA:27,(anonymous_81)
FNDA:351,(anonymous_82)
FNDA:27,(anonymous_83)
FNDA:0,(anonymous_84)
FNDA:0,(anonymous_85)
FNDA:0,(anonymous_86)
FNDA:0,(anonymous_87)
FNDA:0,(anonymous_88)
FNDA:0,(anonymous_89)
FNDA:0,(anonymous_90)
FNDA:0,(anonymous_91)
FNDA:0,(anonymous_92)
FNDA:0,(anonymous_93)
FNDA:0,(anonymous_94)
FNDA:0,(anonymous_95)
FNDA:0,(anonymous_96)
FNDA:0,(anonymous_97)
FNDA:0,(anonymous_98)
FNDA:0,(anonymous_99)
FNDA:0,(anonymous_100)
FNDA:0,(anonymous_101)
FNDA:0,(anonymous_102)
DA:7,5
DA:8,5
DA:9,5
DA:47,5
DA:49,27
DA:50,27
DA:51,27
DA:62,27
DA:63,27
DA:64,27
DA:65,27
DA:66,27
DA:68,27
DA:81,27
DA:82,27
DA:87,27
DA:128,27
DA:157,27
DA:174,27
DA:206,27
DA:240,27
DA:275,27
DA:301,27
DA:322,27
DA:343,27
DA:365,27
DA:398,27
DA:434,27
DA:446,351
DA:451,27
DA:452,0
DA:458,0
DA:462,27
DA:463,0
DA:464,0
DA:466,0
DA:467,0
DA:468,0
DA:469,0
DA:475,0
DA:476,0
DA:477,0
DA:478,0
DA:480,0
DA:489,0
DA:490,0
DA:491,0
DA:493,0
DA:501,27
DA:502,0
DA:506,27
DA:507,0
DA:516,0
DA:518,0
DA:519,0
DA:521,0
DA:540,0
DA:552,0
DA:554,0
DA:561,0
DA:562,0
DA:567,0
DA:569,0
DA:571,0
DA:574,0
DA:575,0
DA:576,0
DA:578,0
DA:580,0
DA:581,0
DA:582,0
DA:586,0
DA:590,0
DA:591,0
DA:596,0
DA:598,0
DA:608,0
DA:609,0
DA:614,0
DA:616,0
DA:618,0
DA:620,0
DA:628,0
DA:629,0
DA:634,0
DA:636,0
DA:637,0
DA:638,0
DA:639,0
DA:642,0
DA:644,0
DA:645,0
DA:654,0
DA:655,0
DA:656,0
DA:657,0
DA:658,0
DA:665,0
DA:666,0
DA:674,0
DA:683,0
DA:684,0
DA:691,0
DA:706,0
DA:707,0
DA:712,0
DA:714,0
DA:716,0
DA:718,0
DA:759,0
DA:761,0
DA:762,0
DA:766,0
DA:768,0
DA:769,0
DA:773,0
DA:775,0
DA:776,0
DA:777,0
DA:788,0
DA:793,0
DA:794,0
DA:797,0
DA:799,0
DA:804,0
DA:805,0
DA:810,0
DA:812,0
DA:814,0
DA:819,0
DA:820,0
DA:823,0
DA:826,0
DA:829,0
DA:831,0
DA:839,0
DA:840,0
DA:845,0
DA:853,0
DA:854,0
DA:855,0
DA:867,0
DA:868,0
DA:879,0
DA:880,0
DA:891,0
DA:892,0
DA:906,0
DA:910,0
DA:915,0
DA:917,0
DA:932,0
DA:934,0
DA:936,0
DA:943,0
DA:945,0
DA:955,0
DA:956,0
DA:961,0
DA:964,0
DA:971,0
DA:972,0
DA:973,0
DA:974,0
DA:994,0
DA:998,0
DA:1001,0
DA:1007,0
DA:1008,0
DA:1009,0
DA:1025,0
DA:1029,0
DA:1032,0
DA:1038,0
DA:1039,0
DA:1040,0
DA:1041,0
DA:1061,0
DA:1065,0
DA:1068,0
DA:1074,0
DA:1075,0
DA:1076,0
DA:1077,0
DA:1094,0
DA:1098,0
DA:1099,0
DA:1100,0
DA:1106,0
DA:1112,0
DA:1116,0
DA:1117,0
DA:1121,0
DA:1123,0
DA:1124,0
DA:1125,0
DA:1126,0
DA:1131,0
DA:1135,0
DA:1138,0
DA:1140,0
DA:1141,0
DA:1142,0
DA:1146,0
DA:1147,0
DA:1150,0
DA:1151,0
DA:1152,0
DA:1156,0
DA:1157,0
DA:1158,0
DA:1159,0
DA:1162,0
DA:1163,0
DA:1164,0
DA:1168,0
DA:1170,0
DA:1187,0
DA:1188,0
DA:1193,0
DA:1195,0
DA:1197,0
DA:1202,0
DA:1203,0
DA:1204,0
DA:1207,0
DA:1208,0
DA:1209,0
DA:1210,0
DA:1211,0
DA:1212,0
DA:1216,0
DA:1218,0
DA:1227,0
DA:1230,0
DA:1234,0
DA:1235,0
DA:1238,0
DA:1240,0
DA:1241,0
DA:1243,0
DA:1245,0
DA:1250,0
DA:1251,0
DA:1252,0
DA:1254,0
DA:1255,0
DA:1256,0
DA:1264,0
DA:1274,0
DA:1278,0
DA:1279,0
DA:1280,0
DA:1282,0
DA:1284,0
DA:1289,0
DA:1290,0
DA:1297,0
DA:1298,0
DA:1301,0
DA:1304,0
DA:1308,0
DA:1309,0
DA:1311,0
DA:1313,0
DA:1318,0
DA:1319,0
DA:1325,0
DA:1328,0
DA:1331,0
DA:1335,0
DA:1338,0
DA:1339,0
DA:1353,0
DA:1354,0
DA:1368,0
DA:1369,0
DA:1383,0
DA:1384,0
DA:1397,0
DA:1401,0
DA:1402,0
DA:1404,0
DA:1405,0
DA:1406,0
DA:1407,0
DA:1411,0
DA:1413,0
DA:1414,0
DA:1415,0
DA:1419,0
DA:1421,0
DA:1422,0
DA:1423,0
DA:1424,0
DA:1425,0
DA:1428,0
DA:1433,0
DA:1436,0
DA:1437,0
DA:1439,0
DA:1440,0
DA:1441,0
DA:1445,0
DA:1446,0
DA:1449,0
DA:1454,0
DA:1456,0
DA:1473,0
DA:1474,0
DA:1479,0
DA:1482,0
DA:1491,0
DA:1492,0
DA:1494,0
DA:1495,0
DA:1497,0
DA:1506,0
DA:1507,0
DA:1508,0
DA:1513,0
DA:1516,0
DA:1517,0
DA:1526,0
DA:1529,0
DA:1540,0
DA:1544,0
DA:1547,0
DA:1553,0
DA:1554,0
DA:1555,0
DA:1556,0
DA:1560,0
DA:1561,0
DA:1563,0
DA:1564,0
DA:1573,0
DA:1574,0
DA:1577,0
DA:1588,0
DA:1589,0
DA:1602,0
DA:1606,0
DA:1609,0
DA:1615,0
DA:1621,0
DA:1622,0
DA:1624,0
DA:1625,0
DA:1627,0
DA:1629,0
DA:1638,0
DA:1643,0
DA:1649,4
DA:1663,0
DA:1664,0
DA:1665,0
DA:1666,0
DA:1668,0
DA:1682,4
DA:1683,0
DA:1689,0
DA:1696,4
DA:1697,0
DA:1698,0
DA:1700,0
DA:1716,4
DA:1717,0
DA:1718,0
DA:1721,4
DA:1731,0
DA:1732,0
DA:1733,0
DA:1740,4
DA:1741,0
DA:1742,0
DA:1745,4
DA:1746,0
DA:1747,0
DA:1748,0
DA:1750,0
DA:1761,2
DA:1766,29
DA:1778,0
DA:1781,0
DA:1782,0
DA:1783,0
DA:1791,0
DA:1794,0
DA:1795,0
DA:1796,0
DA:1797,0
DA:1799,0
DA:1800,0
DA:1802,0
DA:1803,0
DA:1804,0
DA:1808,0
DA:1818,0
DA:1819,0
DA:1825,1
DA:1827,1
DA:1828,0
DA:1829,0
DA:1831,0
DA:1833,0
DA:1834,0
DA:1836,0
DA:1838,0
DA:1841,1
DA:1846,2
DA:1858,1
DA:1859,1
DA:1861,1
DA:1864,0
DA:1880,1
DA:1883,1
DA:1884,0
DA:1887,1
DA:1888,0
DA:1889,0
DA:1895,1
DA:1897,1
DA:1898,0
DA:1899,0
DA:1905,1
DA:1907,1
DA:1908,0
DA:1909,0
DA:1914,1
DA:1915,1
DA:1918,1
DA:1922,0
DA:1925,0
DA:1926,0
DA:1929,0
DA:1932,0
DA:1933,0
DA:1937,0
DA:1938,0
DA:1942,0
DA:1943,0
DA:1946,0
DA:1947,0
DA:1951,0
DA:1952,0
DA:1955,0
DA:1960,27
DA:1962,27
DA:1963,27
DA:1965,351
DA:1970,27
DA:1977,0
DA:1978,0
DA:1979,0
DA:1980,0
DA:1981,0
DA:1982,0
DA:1992,0
DA:1993,0
DA:1994,0
DA:1995,0
DA:1996,0
DA:1998,0
DA:2011,0
DA:2012,0
DA:2013,0
DA:2015,0
DA:2027,0
DA:2028,0
DA:2038,0
DA:2039,0
DA:2053,27
DA:2055,27
DA:2057,27
DA:2058,0
DA:2059,0
DA:2063,27
DA:2064,0
DA:2067,27
DA:2068,351
DA:2069,0
DA:2071,351
DA:2072,0
DA:2078,27
DA:2079,27
DA:2086,27
DA:2087,0
DA:2090,0
DA:2094,0
DA:2097,27
DA:2105,0
DA:2106,0
DA:2107,0
DA:2113,0
DA:2115,0
DA:2116,0
DA:2117,0
DA:2118,0
DA:2121,0
DA:2123,0
DA:2125,0
DA:2126,0
DA:2127,0
DA:2132,0
DA:2135,0
DA:2137,0
DA:2138,0
DA:2139,0
DA:2141,0
DA:2147,0
DA:2152,0
DA:2153,0
DA:2158,0
DA:2160,0
DA:2161,0
DA:2163,0
DA:2165,0
DA:2166,0
DA:2167,0
DA:2170,0
DA:2176,0
DA:2177,0
DA:2182,0
DA:2184,0
DA:2185,0
DA:2187,0
DA:2188,0
DA:2190,0
DA:2196,0
DA:2197,0
DA:2202,0
DA:2204,0
DA:2205,0
DA:2207,0
DA:2209,0
DA:2214,0
DA:2215,0
DA:2222,0
DA:2224,0
DA:2225,0
DA:2228,0
DA:2230,0
DA:2231,0
DA:2232,0
DA:2233,0
DA:2235,0
DA:2236,0
DA:2237,0
DA:2238,0
DA:2241,0
DA:2249,0
DA:2251,0
DA:2252,0
DA:2254,0
DA:2256,0
DA:2257,0
DA:2259,0
DA:2261,0
DA:2262,0
DA:2263,0
DA:2267,0
DA:2269,0
DA:2270,0
DA:2271,0
DA:2273,0
DA:2274,0
DA:2277,0
DA:2278,0
DA:2281,0
DA:2282,0
DA:2283,0
DA:2284,0
DA:2288,0
DA:2289,0
DA:2292,0
LF:576
LH:75
BRDA:467,0,0,0
BRDA:467,0,1,0
BRDA:476,1,0,0
BRDA:476,1,1,0
BRDA:484,2,0,0
BRDA:484,2,1,0
BRDA:490,3,0,0
BRDA:490,3,1,0
BRDA:533,4,0,0
BRDA:533,4,1,0
BRDA:535,5,0,0
BRDA:535,5,1,0
BRDA:562,6,0,0
BRDA:562,6,1,0
BRDA:578,7,0,0
BRDA:578,7,1,0
BRDA:578,8,0,0
BRDA:578,8,1,0
BRDA:609,9,0,0
BRDA:609,9,1,0
BRDA:623,10,0,0
BRDA:623,10,1,0
BRDA:624,11,0,0
BRDA:624,11,1,0
BRDA:629,12,0,0
BRDA:629,12,1,0
BRDA:644,13,0,0
BRDA:644,13,1,0
BRDA:654,14,0,0
BRDA:654,14,1,0
BRDA:654,15,0,0
BRDA:654,15,1,0
BRDA:657,16,0,0
BRDA:657,16,1,0
BRDA:665,17,0,0
BRDA:665,17,1,0
BRDA:683,18,0,0
BRDA:683,18,1,0
BRDA:707,19,0,0
BRDA:707,19,1,0
BRDA:759,20,0,0
BRDA:759,20,1,0
BRDA:759,21,0,0
BRDA:759,21,1,0
BRDA:761,22,0,0
BRDA:761,22,1,0
BRDA:766,23,0,0
BRDA:766,23,1,0
BRDA:766,24,0,0
BRDA:766,24,1,0
BRDA:768,25,0,0
BRDA:768,25,1,0
BRDA:773,26,0,0
BRDA:773,26,1,0
BRDA:773,27,0,0
BRDA:773,27,1,0
BRDA:775,28,0,0
BRDA:775,28,1,0
BRDA:775,29,0,0
BRDA:775,29,1,0
BRDA:794,30,0,0
BRDA:794,30,1,0
BRDA:795,31,0,0
BRDA:795,31,1,0
BRDA:805,32,0,0
BRDA:805,32,1,0
BRDA:819,33,0,0
BRDA:819,33,1,0
BRDA:840,34,0,0
BRDA:840,34,1,0
BRDA:853,35,0,0
BRDA:853,35,1,0
BRDA:853,36,0,0
BRDA:853,36,1,0
BRDA:867,37,0,0
BRDA:867,37,1,0
BRDA:867,38,0,0
BRDA:867,38,1,0
BRDA:873,39,0,0
BRDA:873,39,1,0
BRDA:879,40,0,0
BRDA:879,40,1,0
BRDA:879,41,0,0
BRDA:879,41,1,0
BRDA:885,42,0,0
BRDA:885,42,1,0
BRDA:891,43,0,0
BRDA:891,43,1,0
BRDA:952,44,0,0
BRDA:952,44,1,0
BRDA:956,45,0,0
BRDA:956,45,1,0
BRDA:972,46,0,0
BRDA:972,46,1,0
BRDA:972,47,0,0
BRDA:972,47,1,0
BRDA:973,48,0,0
BRDA:973,48,1,0
BRDA:981,49,0,0
BRDA:981,49,1,0
BRDA:1008,50,0,0
BRDA:1008,50,1,0
BRDA:1008,51,0,0
BRDA:1008,51,1,0
BRDA:1039,52,0,0
BRDA:1039,52,1,0
BRDA:1039,53,0,0
BRDA:1039,53,1,0
BRDA:1040,54,0,0
BRDA:1040,54,1,0
BRDA:1048,55,0,0
BRDA:1048,55,1,0
BRDA:1075,56,0,0
BRDA:1075,56,1,0
BRDA:1075,57,0,0
BRDA:1075,57,1,0
BRDA:1076,58,0,0
BRDA:1076,58,1,0
BRDA:1099,59,0,0
BRDA:1099,59,1,0
BRDA:1112,60,0,0
BRDA:1112,60,1,0
BRDA:1117,61,0,0
BRDA:1117,61,1,0
BRDA:1141,62,0,0
BRDA:1141,62,1,0
BRDA:1150,63,0,0
BRDA:1150,63,1,0
BRDA:1151,64,0,0
BRDA:1151,64,1,0
BRDA:1188,65,0,0
BRDA:1188,65,1,0
BRDA:1207,66,0,0
BRDA:1207,66,1,0
BRDA:1210,67,0,0
BRDA:1210,67,1,0
BRDA:1210,68,0,0
BRDA:1210,68,1,0
BRDA:1219,69,0,0
BRDA:1219,69,1,0
BRDA:1240,70,0,0
BRDA:1240,70,1,0
BRDA:1243,71,0,0
BRDA:1243,71,1,0
BRDA:1251,72,0,0
BRDA:1251,72,1,0
BRDA:1255,73,0,0
BRDA:1255,73,1,0
BRDA:1285,74,0,0
BRDA:1285,74,1,0
BRDA:1292,75,0,0
BRDA:1292,75,1,0
BRDA:1294,76,0,0
BRDA:1294,76,1,0
BRDA:1297,77,0,0
BRDA:1297,77,1,0
BRDA:1297,78,0,0
BRDA:1297,78,1,0
BRDA:1314,79,0,0
BRDA:1314,79,1,0
BRDA:1321,80,0,0
BRDA:1321,80,1,0
BRDA:1321,80,2,0
BRDA:1322,81,0,0
BRDA:1322,81,1,0
BRDA:1325,82,0,0
BRDA:1325,82,1,0
BRDA:1325,82,2,0
BRDA:1325,83,0,0
BRDA:1325,83,1,0
BRDA:1338,84,0,0
BRDA:1338,84,1,0
BRDA:1353,85,0,0
BRDA:1353,85,1,0
BRDA:1368,86,0,0
BRDA:1368,86,1,0
BRDA:1383,87,0,0
BRDA:1383,87,1,0
BRDA:1404,88,0,0
BRDA:1404,88,1,0
BRDA:1404,89,0,0
BRDA:1404,89,1,0
BRDA:1405,90,0,0
BRDA:1405,90,1,0
BRDA:1405,91,0,0
BRDA:1405,91,1,0
BRDA:1406,92,0,0
BRDA:1406,92,1,0
BRDA:1406,93,0,0
BRDA:1406,93,1,0
BRDA:1413,94,0,0
BRDA:1413,94,1,0
BRDA:1414,95,0,0
BRDA:1414,95,1,0
BRDA:1440,96,0,0
BRDA:1440,96,1,0
BRDA:1449,97,0,0
BRDA:1449,97,1,0
BRDA:1474,98,0,0
BRDA:1474,98,1,0
BRDA:1491,99,0,0
BRDA:1491,99,1,0
BRDA:1491,99,2,0
BRDA:1495,100,0,0
BRDA:1495,100,1,0
BRDA:1507,101,0,0
BRDA:1507,101,1,0
BRDA:1548,102,0,0
BRDA:1548,102,1,0
BRDA:1548,102,2,0
BRDA:1561,103,0,0
BRDA:1561,103,1,0
BRDA:1568,104,0,0
BRDA:1568,104,1,0
BRDA:1568,104,2,0
BRDA:1624,105,0,0
BRDA:1624,105,1,0
BRDA:1624,105,2,0
BRDA:1625,106,0,0
BRDA:1625,106,1,0
BRDA:1627,107,0,0
BRDA:1627,107,1,0
BRDA:1627,108,0,0
BRDA:1627,108,1,0
BRDA:1674,109,0,0
BRDA:1674,109,1,0
BRDA:1731,110,0,0
BRDA:1731,110,1,0
BRDA:1782,111,0,0
BRDA:1782,111,1,0
BRDA:1799,112,0,0
BRDA:1799,112,1,0
BRDA:1818,113,0,0
BRDA:1818,113,1,0
BRDA:1830,114,0,0
BRDA:1830,114,1,1
BRDA:1832,115,0,0
BRDA:1832,115,1,1
BRDA:1835,116,0,0
BRDA:1835,116,1,1
BRDA:1835,117,0,0
BRDA:1835,117,1,0
BRDA:1836,118,0,0
BRDA:1836,118,1,0
BRDA:1845,119,0,1
BRDA:1868,120,0,0
BRDA:1868,120,1,0
BRDA:1870,121,0,0
BRDA:1870,121,1,0
BRDA:1873,122,0,0
BRDA:1873,122,1,0
BRDA:1884,123,0,0
BRDA:1884,123,1,0
BRDA:1887,124,0,0
BRDA:1887,124,1,1
BRDA:1897,125,0,0
BRDA:1897,125,1,1
BRDA:1907,126,0,0
BRDA:1907,126,1,1
BRDA:1914,127,0,1
BRDA:1914,127,1,0
BRDA:1925,128,0,0
BRDA:1925,128,1,0
BRDA:1932,129,0,0
BRDA:1932,129,1,0
BRDA:1937,130,0,0
BRDA:1937,130,1,0
BRDA:1943,131,0,0
BRDA:1943,131,1,0
BRDA:1946,132,0,0
BRDA:1946,132,1,0
BRDA:1951,133,0,0
BRDA:1951,133,1,0
BRDA:1963,134,0,27
BRDA:1963,134,1,0
BRDA:1963,134,2,0
BRDA:1979,135,0,0
BRDA:1979,135,1,0
BRDA:1994,136,0,0
BRDA:1994,136,1,0
BRDA:2005,137,0,0
BRDA:2005,137,1,0
BRDA:2012,138,0,0
BRDA:2012,138,1,0
BRDA:2038,139,0,0
BRDA:2038,139,1,0
BRDA:2045,140,0,0
BRDA:2045,140,1,0
BRDA:2057,141,0,0
BRDA:2057,141,1,27
BRDA:2063,142,0,0
BRDA:2063,142,1,27
BRDA:2068,143,0,0
BRDA:2068,143,1,351
BRDA:2068,144,0,351
BRDA:2068,144,1,351
BRDA:2068,144,2,351
BRDA:2071,145,0,0
BRDA:2071,145,1,351
BRDA:2071,146,0,351
BRDA:2071,146,1,351
BRDA:2086,147,0,0
BRDA:2086,147,1,27
BRDA:2086,148,0,27
BRDA:2086,148,1,27
BRDA:2086,148,2,27
BRDA:2090,149,0,0
BRDA:2090,149,1,0
BRDA:2094,150,0,0
BRDA:2094,150,1,0
BRDA:2116,151,0,0
BRDA:2116,151,1,0
BRDA:2123,152,0,0
BRDA:2123,152,1,0
BRDA:2140,153,0,0
BRDA:2140,153,1,0
BRDA:2142,154,0,0
BRDA:2142,154,1,0
BRDA:2143,155,0,0
BRDA:2143,155,1,0
BRDA:2153,156,0,0
BRDA:2153,156,1,0
BRDA:2166,157,0,0
BRDA:2166,157,1,0
BRDA:2177,158,0,0
BRDA:2177,158,1,0
BRDA:2185,159,0,0
BRDA:2197,160,0,0
BRDA:2197,160,1,0
BRDA:2215,161,0,0
BRDA:2215,161,1,0
BRDA:2222,162,0,0
BRDA:2222,162,1,0
BRDA:2232,163,0,0
BRDA:2232,163,1,0
BRDA:2238,164,0,0
BRDA:2238,164,1,0
BRDA:2249,165,0,0
BRDA:2249,165,1,0
BRDA:2254,166,0,0
BRDA:2254,166,1,0
BRDA:2261,167,0,0
BRDA:2261,167,1,0
BRDA:2262,168,0,0
BRDA:2262,168,1,0
BRDA:2271,169,0,0
BRDA:2271,169,1,0
BRDA:2273,170,0,0
BRDA:2273,170,1,0
BRDA:2277,171,0,0
BRDA:2277,171,1,0
BRDA:2281,172,0,0
BRDA:2281,172,1,0
BRDA:2283,173,0,0
BRDA:2283,173,1,0
BRDA:2288,174,0,0
BRDA:2288,174,1,0
BRF:357
BRH:22
end_of_record
TN:
SF:src/api/websocket-router.ts
FN:54,(anonymous_0)
FN:68,(anonymous_1)
FN:71,(anonymous_2)
FN:82,(anonymous_3)
FN:91,(anonymous_4)
FN:100,(anonymous_5)
FN:109,(anonymous_6)
FN:118,(anonymous_7)
FN:128,(anonymous_8)
FN:138,(anonymous_9)
FN:139,(anonymous_10)
FN:144,(anonymous_11)
FN:154,(anonymous_12)
FN:191,(anonymous_13)
FN:207,(anonymous_14)
FN:213,(anonymous_15)
FN:218,(anonymous_16)
FN:224,(anonymous_17)
FN:260,(anonymous_18)
FN:294,(anonymous_19)
FN:330,(anonymous_20)
FN:351,(anonymous_21)
FN:376,(anonymous_22)
FN:390,(anonymous_23)
FN:395,(anonymous_24)
FN:397,(anonymous_25)
FN:410,(anonymous_26)
FN:412,(anonymous_27)
FN:413,(anonymous_28)
FN:424,(anonymous_29)
FN:437,(anonymous_30)
FN:455,(anonymous_31)
FN:465,(anonymous_32)
FN:473,(anonymous_33)
FN:478,(anonymous_34)
FN:487,(anonymous_35)
FNF:36
FNH:25
FNDA:37,(anonymous_0)
FNDA:37,(anonymous_1)
FNDA:1,(anonymous_2)
FNDA:12,(anonymous_3)
FNDA:0,(anonymous_4)
FNDA:0,(anonymous_5)
FNDA:5,(anonymous_6)
FNDA:0,(anonymous_7)
FNDA:0,(anonymous_8)
FNDA:4,(anonymous_9)
FNDA:0,(anonymous_10)
FNDA:0,(anonymous_11)
FNDA:28,(anonymous_12)
FNDA:3,(anonymous_13)
FNDA:1,(anonymous_14)
FNDA:0,(anonymous_15)
FNDA:1,(anonymous_16)
FNDA:24,(anonymous_17)
FNDA:18,(anonymous_18)
FNDA:2,(anonymous_19)
FNDA:3,(anonymous_20)
FNDA:22,(anonymous_21)
FNDA:62,(anonymous_22)
FNDA:28,(anonymous_23)
FNDA:6,(anonymous_24)
FNDA:0,(anonymous_25)
FNDA:0,(anonymous_26)
FNDA:0,(anonymous_27)
FNDA:0,(anonymous_28)
FNDA:40,(anonymous_29)
FNDA:2,(anonymous_30)
FNDA:1,(anonymous_31)
FNDA:2,(anonymous_32)
FNDA:28,(anonymous_33)
FNDA:6,(anonymous_34)
FNDA:1,(anonymous_35)
DA:7,5
DA:48,5
DA:49,37
DA:50,37
DA:55,37
DA:56,37
DA:57,37
DA:59,37
DA:62,37
DA:65,37
DA:70,37
DA:71,36
DA:72,1
DA:82,37
DA:83,12
DA:91,37
DA:92,0
DA:100,37
DA:101,0
DA:109,37
DA:110,5
DA:118,37
DA:119,0
DA:128,37
DA:129,0
DA:139,4
DA:140,0
DA:144,4
DA:145,0
DA:155,28
DA:156,28
DA:166,28
DA:168,28
DA:171,28
DA:191,28
DA:192,3
DA:193,3
DA:194,1
DA:196,2
DA:207,28
DA:208,1
DA:209,1
DA:213,28
DA:214,0
DA:218,28
DA:219,1
DA:220,1
DA:225,24
DA:227,24
DA:229,18
DA:230,18
DA:232,2
DA:233,2
DA:235,2
DA:240,2
DA:242,1
DA:247,1
DA:249,1
DA:261,18
DA:263,18
DA:264,1
DA:269,1
DA:273,17
DA:276,17
DA:277,17
DA:279,17
DA:281,17
DA:283,17
DA:295,2
DA:297,2
DA:298,1
DA:303,1
DA:307,1
DA:310,1
DA:311,1
DA:312,1
DA:313,1
DA:314,1
DA:318,1
DA:320,1
DA:331,3
DA:332,3
DA:334,3
DA:337,3
DA:338,2
DA:339,2
DA:340,2
DA:341,2
DA:342,2
DA:348,3
DA:352,22
DA:353,22
DA:354,17
DA:357,5
DA:362,5
DA:363,5
DA:364,5
DA:365,5
DA:366,5
DA:367,5
DA:371,5
DA:372,5
DA:377,62
DA:378,62
DA:379,61
DA:385,1
DA:386,1
DA:391,28
DA:397,6
DA:398,0
DA:399,0
DA:401,0
DA:402,0
DA:403,0
DA:404,0
DA:410,6
DA:411,0
DA:412,0
DA:413,0
DA:415,0
DA:416,0
DA:417,0
DA:421,6
DA:425,40
DA:426,6
DA:427,6
DA:429,40
DA:430,6
DA:431,6
DA:433,40
DA:442,2
DA:443,2
DA:444,2
DA:447,2
DA:456,1
DA:466,2
DA:467,2
DA:468,1
DA:474,28
DA:479,6
DA:482,6
DA:485,6
DA:486,6
DA:487,1
DA:488,1
DA:489,1
DA:493,1
DA:495,1
DA:499,6
DA:500,6
DA:501,6
DA:503,6
LF:152
LH:133
BRDA:70,0,0,36
BRDA:70,0,1,1
BRDA:200,1,0,2
BRDA:200,1,1,0
BRDA:227,2,0,18
BRDA:227,2,1,2
BRDA:227,2,2,2
BRDA:227,2,3,1
BRDA:227,2,4,1
BRDA:263,3,0,1
BRDA:263,3,1,17
BRDA:263,4,0,18
BRDA:263,4,1,18
BRDA:276,5,0,17
BRDA:276,5,1,0
BRDA:297,6,0,1
BRDA:297,6,1,1
BRDA:311,7,0,1
BRDA:311,7,1,0
BRDA:313,8,0,1
BRDA:313,8,1,0
BRDA:332,9,0,0
BRDA:332,9,1,3
BRDA:339,10,0,2
BRDA:339,10,1,0
BRDA:341,11,0,2
BRDA:341,11,1,0
BRDA:353,12,0,17
BRDA:353,12,1,5
BRDA:353,13,0,22
BRDA:353,13,1,5
BRDA:365,14,0,5
BRDA:365,14,1,0
BRDA:371,15,0,5
BRDA:371,15,1,0
BRDA:378,16,0,61
BRDA:378,16,1,1
BRDA:381,17,0,61
BRDA:381,17,1,31
BRDA:402,18,0,0
BRDA:402,18,1,0
BRDA:425,19,0,6
BRDA:425,19,1,34
BRDA:429,20,0,6
BRDA:429,20,1,34
BRDA:467,21,0,1
BRDA:467,21,1,1
BRDA:488,22,0,1
BRDA:488,22,1,0
BRF:49
BRH:37
end_of_record
TN:
SF:src/api/middleware/rate-limiting.ts
FN:32,createRateLimit
FN:35,(anonymous_1)
FN:105,cleanupBuckets
FN:117,getRateLimitStats
FN:138,startCleanupInterval
FNF:5
FNH:3
FNDA:16,createRateLimit
FNDA:103,(anonymous_1)
FNDA:0,cleanupBuckets
FNDA:0,getRateLimitStats
FNDA:4,startCleanupInterval
DA:7,4
DA:22,4
DA:25,4
DA:32,4
DA:33,16
DA:35,16
DA:36,103
DA:37,103
DA:40,103
DA:41,103
DA:42,36
DA:46,36
DA:50,103
DA:51,103
DA:52,103
DA:53,103
DA:56,103
DA:57,0
DA:60,103
DA:61,0
DA:65,103
DA:66,0
DA:68,0
DA:80,0
DA:84,103
DA:87,103
DA:88,103
DA:89,103
DA:94,4
DA:95,4
DA:96,4
DA:99,4
DA:105,4
DA:106,0
DA:107,0
DA:109,0
DA:110,0
DA:111,0
DA:117,4
DA:118,0
DA:119,0
DA:126,0
DA:127,0
DA:128,0
DA:130,0
DA:131,0
DA:134,0
DA:138,4
DA:139,4
LF:49
LH:31
BRDA:32,0,0,0
BRDA:41,1,0,36
BRDA:41,1,1,67
BRDA:56,2,0,0
BRDA:56,2,1,103
BRDA:56,3,0,103
BRDA:56,3,1,0
BRDA:60,4,0,0
BRDA:60,4,1,103
BRDA:60,5,0,103
BRDA:60,5,1,0
BRDA:65,6,0,0
BRDA:65,6,1,103
BRDA:110,7,0,0
BRDA:110,7,1,0
BRDA:127,8,0,0
BRDA:127,8,1,0
BRDA:138,9,0,4
BRF:18
BRH:8
end_of_record
TN:
SF:src/api/middleware/validation.ts
FN:40,validateSchema
FN:41,(anonymous_1)
FN:71,(anonymous_2)
FN:93,extractQuerySchema
FN:118,extractParamsSchema
FN:152,sanitizeInput
FN:153,(anonymous_6)
FN:169,sanitizeObject
FN:197,createRateLimitKey
FNF:9
FNH:5
FNDA:12,validateSchema
FNDA:0,(anonymous_1)
FNDA:0,(anonymous_2)
FNDA:0,extractQuerySchema
FNDA:0,extractParamsSchema
FNDA:79,sanitizeInput
FNDA:79,(anonymous_6)
FNDA:158,sanitizeObject
FNDA:103,createRateLimitKey
DA:7,4
DA:10,4
DA:13,4
DA:15,4
DA:20,4
DA:22,4
DA:40,4
DA:41,12
DA:42,0
DA:44,0
DA:45,0
DA:49,0
DA:51,0
DA:52,0
DA:53,0
DA:58,0
DA:59,0
DA:60,0
DA:61,0
DA:65,0
DA:66,0
DA:71,0
DA:78,0
DA:81,0
DA:94,0
DA:96,0
DA:97,0
DA:98,0
DA:99,0
DA:101,0
DA:102,0
DA:104,0
DA:108,0
DA:112,0
DA:114,0
DA:119,0
DA:121,0
DA:122,0
DA:123,0
DA:124,0
DA:126,0
DA:127,0
DA:129,0
DA:133,0
DA:137,0
DA:139,0
DA:143,4
DA:147,4
DA:149,4
DA:152,4
DA:153,79
DA:155,79
DA:156,0
DA:159,79
DA:160,79
DA:163,79
DA:164,79
DA:170,158
DA:171,0
DA:174,158
DA:175,0
DA:178,158
DA:179,158
DA:180,64
DA:182,64
DA:186,0
DA:187,0
DA:189,0
DA:193,158
DA:197,4
DA:198,103
DA:199,103
DA:200,103
DA:201,103
DA:203,103
LF:75
LH:31
BRDA:44,0,0,0
BRDA:44,0,1,0
BRDA:49,1,0,0
BRDA:49,1,1,0
BRDA:49,2,0,0
BRDA:49,2,1,0
BRDA:52,3,0,0
BRDA:52,3,1,0
BRDA:58,4,0,0
BRDA:58,4,1,0
BRDA:58,5,0,0
BRDA:58,5,1,0
BRDA:60,6,0,0
BRDA:60,6,1,0
BRDA:65,7,0,0
BRDA:65,7,1,0
BRDA:96,8,0,0
BRDA:96,8,1,0
BRDA:102,9,0,0
BRDA:102,9,1,0
BRDA:102,10,0,0
BRDA:102,10,1,0
BRDA:102,10,2,0
BRDA:102,10,3,0
BRDA:102,10,4,0
BRDA:102,10,5,0
BRDA:108,11,0,0
BRDA:108,11,1,0
BRDA:121,12,0,0
BRDA:121,12,1,0
BRDA:127,13,0,0
BRDA:127,13,1,0
BRDA:127,14,0,0
BRDA:127,14,1,0
BRDA:127,14,2,0
BRDA:127,14,3,0
BRDA:127,14,4,0
BRDA:133,15,0,0
BRDA:133,15,1,0
BRDA:155,16,0,0
BRDA:155,16,1,79
BRDA:155,17,0,79
BRDA:155,17,1,0
BRDA:159,18,0,79
BRDA:159,18,1,0
BRDA:159,19,0,79
BRDA:159,19,1,79
BRDA:163,20,0,79
BRDA:163,20,1,0
BRDA:163,21,0,79
BRDA:163,21,1,79
BRDA:170,22,0,0
BRDA:170,22,1,158
BRDA:170,23,0,158
BRDA:170,23,1,158
BRDA:174,24,0,0
BRDA:174,24,1,158
BRDA:180,25,0,64
BRDA:180,25,1,0
BRDA:186,26,0,0
BRDA:186,26,1,0
BRDA:198,27,0,103
BRDA:198,27,1,0
BRDA:199,28,0,103
BRDA:199,28,1,0
BRF:65
BRH:15
end_of_record
TN:
SF:src/api/routes/admin.ts
FN:78,registerAdminRoutes
FN:90,(anonymous_1)
FN:93,(anonymous_2)
FN:164,(anonymous_3)
FN:237,(anonymous_4)
FN:289,(anonymous_5)
FN:317,(anonymous_6)
FN:319,(anonymous_7)
FN:395,(anonymous_8)
FN:440,(anonymous_9)
FN:483,(anonymous_10)
FN:528,(anonymous_11)
FN:560,(anonymous_12)
FNF:13
FNH:8
FNDA:4,registerAdminRoutes
FNDA:1,(anonymous_1)
FNDA:4,(anonymous_2)
FNDA:1,(anonymous_3)
FNDA:0,(anonymous_4)
FNDA:1,(anonymous_5)
FNDA:1,(anonymous_6)
FNDA:2,(anonymous_7)
FNDA:0,(anonymous_8)
FNDA:0,(anonymous_9)
FNDA:0,(anonymous_10)
FNDA:0,(anonymous_11)
FNDA:1,(anonymous_12)
DA:78,4
DA:90,4
DA:91,1
DA:92,1
DA:93,4
DA:95,1
DA:113,1
DA:114,1
DA:115,1
DA:117,1
DA:118,1
DA:120,0
DA:124,1
DA:125,1
DA:127,1
DA:129,0
DA:132,0
DA:136,1
DA:137,0
DA:138,0
DA:140,0
DA:141,0
DA:144,0
DA:148,1
DA:153,0
DA:164,4
DA:165,1
DA:168,1
DA:169,0
DA:170,0
DA:171,0
DA:173,0
DA:191,1
DA:208,1
DA:213,0
DA:225,4
DA:238,0
DA:239,0
DA:241,0
DA:242,0
DA:249,0
DA:253,0
DA:255,0
DA:263,0
DA:268,0
DA:279,4
DA:290,1
DA:291,1
DA:296,1
DA:297,1
DA:300,1
DA:301,1
DA:304,1
DA:307,1
DA:308,1
DA:309,15
DA:310,3
DA:311,3
DA:312,3
DA:316,1
DA:317,1
DA:319,2
DA:322,1
DA:323,1
DA:324,1
DA:326,1
DA:327,0
DA:328,0
DA:330,0
DA:331,0
DA:332,0
DA:334,0
DA:338,1
DA:366,1
DA:371,0
DA:383,4
DA:396,0
DA:397,0
DA:405,0
DA:413,0
DA:418,0
DA:429,4
DA:441,0
DA:442,0
DA:448,0
DA:455,0
DA:460,0
DA:471,4
DA:484,0
DA:485,0
DA:493,0
DA:495,0
DA:500,0
DA:511,4
DA:529,0
DA:530,0
DA:536,0
DA:544,0
DA:549,0
DA:560,4
DA:561,1
DA:563,1
DA:579,1
DA:584,0
LF:104
LH:53
BRDA:96,0,0,1
BRDA:96,0,1,0
BRDA:98,1,0,1
BRDA:98,1,1,0
BRDA:99,2,0,1
BRDA:99,2,1,0
BRDA:125,3,0,1
BRDA:125,3,1,0
BRDA:136,4,0,0
BRDA:136,4,1,1
BRDA:148,5,0,1
BRDA:148,5,1,0
BRDA:168,6,0,0
BRDA:168,6,1,1
BRDA:176,7,0,0
BRDA:176,7,1,0
BRDA:180,8,0,0
BRDA:180,8,1,0
BRDA:185,9,0,0
BRDA:185,9,1,0
BRDA:218,10,0,0
BRDA:218,10,1,0
BRDA:241,11,0,0
BRDA:241,11,1,0
BRDA:296,12,0,0
BRDA:296,12,1,1
BRDA:297,13,0,0
BRDA:297,13,1,1
BRDA:309,14,0,3
BRDA:309,14,1,12
BRDA:309,15,0,15
BRDA:309,15,1,3
BRDA:311,16,0,3
BRDA:311,16,1,0
BRDA:312,17,0,3
BRDA:312,17,1,2
BRDA:326,18,0,0
BRDA:326,18,1,1
BRDA:376,19,0,0
BRDA:376,19,1,0
BRDA:407,20,0,0
BRDA:407,20,1,0
BRDA:450,21,0,0
BRDA:450,21,1,0
BRDA:538,22,0,0
BRDA:538,22,1,0
BRDA:565,23,0,1
BRDA:565,23,1,0
BRF:48
BRH:18
end_of_record
TN:
SF:src/api/routes/code.ts
FN:57,registerCodeRoutes
FN:91,(anonymous_2)
FN:132,(anonymous_3)
FN:271,(anonymous_4)
FN:345,(anonymous_5)
FN:392,(anonymous_6)
FN:424,analyzeCodeChanges
FN:529,parseContentAsFile
FN:559,findAffectedSymbols
FN:599,detectBreakingChange
FN:633,analyzeKnowledgeGraphImpact
FN:661,(anonymous_12)
FN:672,findEntitiesInFile
FN:683,(anonymous_14)
FN:691,generateRecommendations
FN:722,(anonymous_16)
FN:738,runTypeScriptValidation
FN:767,runESLintValidation
FN:796,runSecurityValidation
FN:856,runTestValidation
FN:873,runArchitectureValidation
FN:913,analyzeCodeComplexity
FN:942,(anonymous_23)
FN:943,(anonymous_24)
FN:948,analyzeCodePatterns
FN:965,(anonymous_26)
FN:966,(anonymous_27)
FN:980,analyzeCodeDuplicates
FN:1001,(anonymous_29)
FN:1002,(anonymous_30)
FN:1010,(anonymous_31)
FN:1015,analyzeCodeDependencies
FN:1033,(anonymous_33)
FN:1045,(anonymous_34)
FN:1053,(anonymous_35)
FN:1059,calculateComplexity
FN:1081,extractPatterns
FN:1099,extractCodeBlocks
FN:1117,simpleHash
FNF:39
FNH:10
FNDA:4,registerCodeRoutes
FNDA:0,(anonymous_2)
FNDA:1,(anonymous_3)
FNDA:1,(anonymous_4)
FNDA:0,(anonymous_5)
FNDA:0,(anonymous_6)
FNDA:0,analyzeCodeChanges
FNDA:0,parseContentAsFile
FNDA:0,findAffectedSymbols
FNDA:0,detectBreakingChange
FNDA:0,analyzeKnowledgeGraphImpact
FNDA:0,(anonymous_12)
FNDA:0,findEntitiesInFile
FNDA:0,(anonymous_14)
FNDA:0,generateRecommendations
FNDA:0,(anonymous_16)
FNDA:1,runTypeScriptValidation
FNDA:1,runESLintValidation
FNDA:1,runSecurityValidation
FNDA:1,runTestValidation
FNDA:1,runArchitectureValidation
FNDA:0,analyzeCodeComplexity
FNDA:0,(anonymous_23)
FNDA:0,(anonymous_24)
FNDA:1,analyzeCodePatterns
FNDA:0,(anonymous_26)
FNDA:0,(anonymous_27)
FNDA:0,analyzeCodeDuplicates
FNDA:0,(anonymous_29)
FNDA:0,(anonymous_30)
FNDA:0,(anonymous_31)
FNDA:0,analyzeCodeDependencies
FNDA:0,(anonymous_33)
FNDA:0,(anonymous_34)
FNDA:0,(anonymous_35)
FNDA:0,calculateComplexity
FNDA:1,extractPatterns
FNDA:0,extractCodeBlocks
FNDA:0,simpleHash
DA:10,4
DA:13,4
DA:57,4
DA:65,4
DA:92,0
DA:93,0
DA:96,0
DA:98,0
DA:103,0
DA:114,4
DA:133,1
DA:134,1
DA:135,1
DA:137,1
DA:178,1
DA:179,1
DA:180,1
DA:181,1
DA:183,0
DA:188,1
DA:189,1
DA:190,1
DA:191,1
DA:193,0
DA:198,1
DA:199,1
DA:200,1
DA:201,1
DA:203,0
DA:208,1
DA:209,1
DA:210,1
DA:211,1
DA:213,0
DA:218,1
DA:219,1
DA:220,1
DA:221,1
DA:223,0
DA:228,1
DA:233,1
DA:234,1
DA:237,1
DA:239,1
DA:244,0
DA:256,4
DA:272,1
DA:273,1
DA:279,1
DA:287,1
DA:289,0
DA:290,0
DA:292,1
DA:293,1
DA:295,0
DA:296,0
DA:298,0
DA:299,0
DA:301,0
DA:304,1
DA:309,0
DA:321,4
DA:346,0
DA:347,0
DA:348,0
DA:355,0
DA:357,0
DA:366,0
DA:377,4
DA:393,0
DA:394,0
DA:401,0
DA:403,0
DA:412,0
DA:429,0
DA:430,0
DA:431,0
DA:432,0
DA:433,0
DA:434,0
DA:436,0
DA:438,0
DA:439,0
DA:441,0
DA:442,0
DA:445,0
DA:447,0
DA:448,0
DA:457,0
DA:458,0
DA:459,0
DA:463,0
DA:464,0
DA:465,0
DA:466,0
DA:468,0
DA:470,0
DA:472,0
DA:473,0
DA:474,0
DA:483,0
DA:485,0
DA:486,0
DA:487,0
DA:495,0
DA:505,0
DA:508,0
DA:509,0
DA:516,0
DA:535,0
DA:537,0
DA:539,0
DA:542,0
DA:545,0
DA:547,0
DA:550,0
DA:551,0
DA:554,0
DA:560,0
DA:563,0
DA:564,0
DA:566,0
DA:567,0
DA:568,0
DA:569,0
DA:573,0
DA:574,0
DA:575,0
DA:576,0
DA:581,0
DA:582,0
DA:583,0
DA:584,0
DA:589,0
DA:590,0
DA:591,0
DA:595,0
DA:606,0
DA:608,0
DA:609,0
DA:610,0
DA:611,0
DA:619,0
DA:622,0
DA:629,0
DA:637,0
DA:638,0
DA:639,0
DA:641,0
DA:643,0
DA:649,0
DA:650,0
DA:651,0
DA:652,0
DA:653,0
DA:655,0
DA:661,0
DA:662,0
DA:665,0
DA:668,0
DA:676,0
DA:677,0
DA:683,0
DA:685,0
DA:686,0
DA:695,0
DA:697,0
DA:698,0
DA:710,0
DA:711,0
DA:722,0
DA:723,0
DA:734,0
DA:740,1
DA:747,1
DA:748,0
DA:750,0
DA:751,0
DA:752,0
DA:764,1
DA:769,1
DA:776,1
DA:777,0
DA:779,0
DA:780,0
DA:781,0
DA:793,1
DA:798,1
DA:807,1
DA:809,0
DA:810,0
DA:811,0
DA:831,0
DA:832,0
DA:833,0
DA:853,1
DA:858,1
DA:870,1
DA:875,1
DA:881,1
DA:883,0
DA:884,0
DA:885,0
DA:896,0
DA:897,0
DA:898,0
DA:909,1
DA:914,0
DA:915,0
DA:917,0
DA:918,0
DA:919,0
DA:920,0
DA:921,0
DA:926,0
DA:928,0
DA:936,0
DA:942,0
DA:943,0
DA:949,1
DA:951,1
DA:952,1
DA:953,1
DA:954,1
DA:956,1
DA:957,0
DA:964,1
DA:965,0
DA:966,0
DA:968,1
DA:981,0
DA:983,0
DA:984,0
DA:985,0
DA:986,0
DA:988,0
DA:989,0
DA:990,0
DA:991,0
DA:993,0
DA:1000,0
DA:1001,0
DA:1002,0
DA:1004,0
DA:1010,0
DA:1016,0
DA:1018,0
DA:1019,0
DA:1020,0
DA:1026,0
DA:1027,0
DA:1028,0
DA:1033,0
DA:1034,0
DA:1042,0
DA:1045,0
DA:1053,0
DA:1060,0
DA:1061,0
DA:1064,0
DA:1065,0
DA:1066,0
DA:1067,0
DA:1068,0
DA:1069,0
DA:1070,0
DA:1071,0
DA:1072,0
DA:1078,0
DA:1082,1
DA:1085,1
DA:1086,1
DA:1087,0
DA:1088,0
DA:1090,0
DA:1091,0
DA:1096,1
DA:1101,0
DA:1103,0
DA:1104,0
DA:1105,0
DA:1106,0
DA:1114,0
DA:1118,0
DA:1119,0
DA:1120,0
DA:1121,0
DA:1122,0
DA:1124,0
LF:289
LH:70
BRDA:178,0,0,1
BRDA:178,0,1,0
BRDA:178,1,0,1
BRDA:178,1,1,1
BRDA:180,2,0,1
BRDA:180,2,1,1
BRDA:188,3,0,1
BRDA:188,3,1,0
BRDA:188,4,0,1
BRDA:188,4,1,1
BRDA:190,5,0,1
BRDA:190,5,1,1
BRDA:198,6,0,1
BRDA:198,6,1,0
BRDA:198,7,0,1
BRDA:198,7,1,1
BRDA:200,8,0,1
BRDA:200,8,1,1
BRDA:208,9,0,1
BRDA:208,9,1,0
BRDA:208,10,0,1
BRDA:208,10,1,1
BRDA:218,11,0,1
BRDA:218,11,1,0
BRDA:218,12,0,1
BRDA:218,12,1,1
BRDA:220,13,0,1
BRDA:220,13,1,1
BRDA:234,14,0,1
BRDA:234,14,1,0
BRDA:235,15,0,1
BRDA:235,15,1,1
BRDA:249,16,0,0
BRDA:249,16,1,0
BRDA:287,17,0,0
BRDA:287,17,1,1
BRDA:287,17,2,0
BRDA:287,17,3,0
BRDA:287,17,4,0
BRDA:314,18,0,0
BRDA:314,18,1,0
BRDA:439,19,0,0
BRDA:439,19,1,0
BRDA:439,20,0,0
BRDA:439,20,1,0
BRDA:439,20,2,0
BRDA:458,21,0,0
BRDA:458,21,1,0
BRDA:468,22,0,0
BRDA:468,22,1,0
BRDA:468,23,0,0
BRDA:468,23,1,0
BRDA:473,24,0,0
BRDA:473,24,1,0
BRDA:483,25,0,0
BRDA:483,25,1,0
BRDA:567,26,0,0
BRDA:567,26,1,0
BRDA:574,27,0,0
BRDA:574,27,1,0
BRDA:583,28,0,0
BRDA:583,28,1,0
BRDA:583,29,0,0
BRDA:583,29,1,0
BRDA:590,30,0,0
BRDA:590,30,1,0
BRDA:606,31,0,0
BRDA:606,31,1,0
BRDA:610,32,0,0
BRDA:610,32,1,0
BRDA:619,33,0,0
BRDA:619,33,1,0
BRDA:650,34,0,0
BRDA:650,34,1,0
BRDA:652,35,0,0
BRDA:652,35,1,0
BRDA:697,36,0,0
BRDA:697,36,1,0
BRDA:710,37,0,0
BRDA:710,37,1,0
BRDA:722,38,0,0
BRDA:722,38,1,0
BRDA:748,39,0,0
BRDA:748,39,1,0
BRDA:748,40,0,0
BRDA:748,40,1,0
BRDA:750,41,0,0
BRDA:750,41,1,0
BRDA:777,42,0,0
BRDA:777,42,1,0
BRDA:777,43,0,0
BRDA:777,43,1,0
BRDA:777,43,2,0
BRDA:779,44,0,0
BRDA:779,44,1,0
BRDA:809,45,0,0
BRDA:809,45,1,0
BRDA:831,46,0,0
BRDA:831,46,1,0
BRDA:883,47,0,0
BRDA:883,47,1,0
BRDA:896,48,0,0
BRDA:896,48,1,0
BRDA:957,49,0,0
BRDA:957,49,1,0
BRDA:990,50,0,0
BRDA:990,50,1,0
BRDA:1027,51,0,0
BRDA:1027,51,1,0
BRDA:1052,52,0,0
BRDA:1052,52,1,0
BRDA:1064,53,0,0
BRDA:1064,53,1,0
BRDA:1066,54,0,0
BRDA:1066,54,1,0
BRDA:1067,55,0,0
BRDA:1067,55,1,0
BRDA:1070,56,0,0
BRDA:1070,56,1,0
BRDA:1085,57,0,1
BRDA:1085,57,1,0
BRDA:1087,58,0,0
BRDA:1087,58,1,0
BRDA:1087,59,0,0
BRDA:1087,59,1,0
BRDA:1088,60,0,0
BRDA:1088,60,1,0
BRDA:1090,61,0,0
BRDA:1090,61,1,0
BRDA:1090,62,0,0
BRDA:1090,62,1,0
BRDA:1091,63,0,0
BRDA:1091,63,1,0
BRDA:1103,64,0,0
BRDA:1103,64,1,0
BRDA:1105,65,0,0
BRDA:1105,65,1,0
BRDA:1105,66,0,0
BRDA:1105,66,1,0
BRDA:1108,67,0,0
BRDA:1108,67,1,0
BRF:141
BRH:28
end_of_record
TN:
SF:src/api/routes/design.ts
FN:20,registerDesignRoutes
FN:60,(anonymous_1)
FN:85,(anonymous_2)
FN:111,(anonymous_3)
FN:138,(anonymous_4)
FN:180,createSpec
FN:230,getSpec
FN:270,updateSpec
FN:298,(anonymous_8)
FN:313,listSpecs
FN:360,(anonymous_10)
FN:373,validateSpec
FN:441,(anonymous_12)
FN:462,(anonymous_13)
FNF:14
FNH:1
FNDA:4,registerDesignRoutes
FNDA:0,(anonymous_1)
FNDA:0,(anonymous_2)
FNDA:0,(anonymous_3)
FNDA:0,(anonymous_4)
FNDA:0,createSpec
FNDA:0,getSpec
FNDA:0,updateSpec
FNDA:0,(anonymous_8)
FNDA:0,listSpecs
FNDA:0,(anonymous_10)
FNDA:0,validateSpec
FNDA:0,(anonymous_12)
FNDA:0,(anonymous_13)
DA:20,4
DA:27,4
DA:61,0
DA:62,0
DA:63,0
DA:73,0
DA:74,0
DA:85,4
DA:86,0
DA:87,0
DA:88,0
DA:90,0
DA:100,0
DA:111,4
DA:112,0
DA:113,0
DA:114,0
DA:116,0
DA:126,0
DA:127,0
DA:138,4
DA:139,0
DA:140,0
DA:141,0
DA:143,0
DA:154,0
DA:155,0
DA:156,0
DA:185,0
DA:187,0
DA:206,0
DA:209,0
DA:221,0
DA:223,0
DA:235,0
DA:240,0
DA:241,0
DA:244,0
DA:247,0
DA:248,0
DA:249,0
DA:262,0
DA:277,0
DA:282,0
DA:283,0
DA:286,0
DA:289,0
DA:296,0
DA:297,0
DA:298,0
DA:302,0
DA:308,0
DA:310,0
DA:318,0
DA:319,0
DA:320,0
DA:323,0
DA:324,0
DA:325,0
DA:326,0
DA:329,0
DA:330,0
DA:331,0
DA:332,0
DA:335,0
DA:336,0
DA:337,0
DA:338,0
DA:341,0
DA:342,0
DA:343,0
DA:344,0
DA:348,0
DA:349,0
DA:350,0
DA:353,0
DA:354,0
DA:355,0
DA:356,0
DA:358,0
DA:360,0
DA:362,0
DA:378,0
DA:379,0
DA:382,0
DA:383,0
DA:392,0
DA:393,0
DA:406,0
DA:407,0
DA:416,0
DA:417,0
DA:430,0
DA:431,0
DA:441,0
DA:442,0
DA:443,0
DA:456,0
DA:457,0
DA:461,0
DA:462,0
LF:101
LH:5
BRDA:78,0,0,0
BRDA:78,0,1,0
BRDA:104,1,0,0
BRDA:104,1,1,0
BRDA:131,2,0,0
BRDA:131,2,1,0
BRDA:161,3,0,0
BRDA:161,3,1,0
BRDA:167,4,0,0
BRDA:167,4,1,0
BRDA:199,5,0,0
BRDA:199,5,1,0
BRDA:201,6,0,0
BRDA:201,6,1,0
BRDA:240,7,0,0
BRDA:240,7,1,0
BRDA:282,8,0,0
BRDA:282,8,1,0
BRDA:297,9,0,0
BRDA:297,9,1,0
BRDA:323,10,0,0
BRDA:323,10,1,0
BRDA:323,11,0,0
BRDA:323,11,1,0
BRDA:329,12,0,0
BRDA:329,12,1,0
BRDA:329,13,0,0
BRDA:329,13,1,0
BRDA:335,14,0,0
BRDA:335,14,1,0
BRDA:341,15,0,0
BRDA:341,15,1,0
BRDA:348,16,0,0
BRDA:348,16,1,0
BRDA:349,17,0,0
BRDA:349,17,1,0
BRDA:353,18,0,0
BRDA:353,18,1,0
BRDA:354,19,0,0
BRDA:354,19,1,0
BRDA:382,20,0,0
BRDA:382,20,1,0
BRDA:382,21,0,0
BRDA:382,21,1,0
BRDA:392,22,0,0
BRDA:392,22,1,0
BRDA:406,23,0,0
BRDA:406,23,1,0
BRDA:406,24,0,0
BRDA:406,24,1,0
BRDA:416,25,0,0
BRDA:416,25,1,0
BRDA:430,26,0,0
BRDA:430,26,1,0
BRDA:430,27,0,0
BRDA:430,27,1,0
BRDA:442,28,0,0
BRDA:442,28,1,0
BRDA:456,29,0,0
BRDA:456,29,1,0
BRF:60
BRH:0
end_of_record
TN:
SF:src/api/routes/docs.ts
FN:18,registerDocsRoutes
FN:36,(anonymous_1)
FN:59,(anonymous_2)
FN:94,(anonymous_3)
FN:104,(anonymous_4)
FN:105,(anonymous_5)
FN:127,(anonymous_6)
FN:168,(anonymous_7)
FN:179,(anonymous_8)
FN:180,(anonymous_9)
FN:187,(anonymous_10)
FN:233,(anonymous_11)
FN:299,(anonymous_12)
FN:354,(anonymous_13)
FNF:14
FNH:1
FNDA:4,registerDocsRoutes
FNDA:0,(anonymous_1)
FNDA:0,(anonymous_2)
FNDA:0,(anonymous_3)
FNDA:0,(anonymous_4)
FNDA:0,(anonymous_5)
FNDA:0,(anonymous_6)
FNDA:0,(anonymous_7)
FNDA:0,(anonymous_8)
FNDA:0,(anonymous_9)
FNDA:0,(anonymous_10)
FNDA:0,(anonymous_11)
FNDA:0,(anonymous_12)
FNDA:0,(anonymous_13)
DA:18,4
DA:26,4
DA:37,0
DA:38,0
DA:40,0
DA:42,0
DA:47,0
DA:59,4
DA:60,0
DA:61,0
DA:67,0
DA:72,0
DA:84,4
DA:95,0
DA:96,0
DA:99,0
DA:104,0
DA:105,0
DA:106,0
DA:110,0
DA:115,0
DA:127,4
DA:128,0
DA:129,0
DA:135,0
DA:140,0
DA:152,4
DA:169,0
DA:170,0
DA:171,0
DA:174,0
DA:179,0
DA:180,0
DA:181,0
DA:186,0
DA:187,0
DA:188,0
DA:190,0
DA:203,0
DA:208,0
DA:220,4
DA:234,0
DA:235,0
DA:243,0
DA:248,0
DA:251,0
DA:258,0
DA:269,0
DA:274,0
DA:286,4
DA:300,0
DA:301,0
DA:308,0
DA:314,0
DA:320,0
DA:325,0
DA:337,4
DA:355,0
DA:356,0
DA:362,0
DA:363,0
DA:364,0
DA:366,0
DA:367,0
DA:368,0
DA:369,0
DA:372,0
DA:373,0
DA:377,0
DA:382,0
DA:383,0
DA:384,0
DA:388,0
DA:389,0
DA:391,0
DA:394,0
DA:400,0
DA:401,0
DA:409,0
DA:421,0
DA:426,0
LF:81
LH:9
BRDA:52,0,0,0
BRDA:52,0,1,0
BRDA:77,1,0,0
BRDA:77,1,1,0
BRDA:120,2,0,0
BRDA:120,2,1,0
BRDA:145,3,0,0
BRDA:145,3,1,0
BRDA:188,4,0,0
BRDA:188,4,1,0
BRDA:188,5,0,0
BRDA:188,5,1,0
BRDA:192,6,0,0
BRDA:192,6,1,0
BRDA:213,7,0,0
BRDA:213,7,1,0
BRDA:243,8,0,0
BRDA:243,8,1,0
BRDA:244,9,0,0
BRDA:244,9,1,0
BRDA:253,10,0,0
BRDA:253,10,1,0
BRDA:261,11,0,0
BRDA:261,11,1,0
BRDA:262,12,0,0
BRDA:262,12,1,0
BRDA:263,13,0,0
BRDA:263,13,1,0
BRDA:279,14,0,0
BRDA:279,14,1,0
BRDA:330,15,0,0
BRDA:330,15,1,0
BRDA:372,16,0,0
BRDA:372,16,1,0
BRDA:372,17,0,0
BRDA:372,17,1,0
BRDA:377,18,0,0
BRDA:377,18,1,0
BRDA:377,19,0,0
BRDA:377,19,1,0
BRDA:382,20,0,0
BRDA:382,20,1,0
BRDA:383,21,0,0
BRDA:383,21,1,0
BRDA:388,22,0,0
BRDA:388,22,1,0
BRDA:396,23,0,0
BRDA:396,23,1,0
BRDA:404,24,0,0
BRDA:404,24,1,0
BRDA:416,25,0,0
BRDA:416,25,1,0
BRDA:417,26,0,0
BRDA:417,26,1,0
BRDA:431,27,0,0
BRDA:431,27,1,0
BRF:56
BRH:0
end_of_record
TN:
SF:src/api/routes/graph.ts
FN:80,registerGraphRoutes
FN:125,(anonymous_1)
FN:149,(anonymous_2)
FN:150,(anonymous_3)
FN:191,(anonymous_4)
FN:225,(anonymous_5)
FN:263,(anonymous_6)
FN:275,(anonymous_7)
FN:323,(anonymous_8)
FNF:9
FNH:1
FNDA:4,registerGraphRoutes
FNDA:0,(anonymous_1)
FNDA:0,(anonymous_2)
FNDA:0,(anonymous_3)
FNDA:0,(anonymous_4)
FNDA:0,(anonymous_5)
FNDA:0,(anonymous_6)
FNDA:0,(anonymous_7)
FNDA:0,(anonymous_8)
DA:80,4
DA:87,4
DA:126,0
DA:127,0
DA:130,0
DA:133,0
DA:134,0
DA:135,0
DA:137,0
DA:139,0
DA:140,0
DA:141,0
DA:145,0
DA:149,0
DA:150,0
DA:155,0
DA:157,0
DA:164,0
DA:169,0
DA:181,4
DA:192,0
DA:193,0
DA:196,0
DA:198,0
DA:203,0
DA:215,4
DA:226,0
DA:227,0
DA:230,0
DA:232,0
DA:237,0
DA:249,4
DA:264,0
DA:265,0
DA:275,0
DA:278,0
DA:287,0
DA:298,0
DA:310,4
DA:324,0
DA:325,0
DA:334,0
DA:342,0
DA:353,0
LF:44
LH:6
BRDA:137,0,0,0
BRDA:137,0,1,0
BRDA:137,1,0,0
BRDA:137,1,1,0
BRDA:174,2,0,0
BRDA:174,2,1,0
BRDA:208,3,0,0
BRDA:208,3,1,0
BRDA:242,4,0,0
BRDA:242,4,1,0
BRDA:275,5,0,0
BRDA:275,5,1,0
BRDA:291,6,0,0
BRDA:291,6,1,0
BRDA:291,7,0,0
BRDA:291,7,1,0
BRDA:292,8,0,0
BRDA:292,8,1,0
BRDA:294,9,0,0
BRDA:294,9,1,0
BRDA:294,10,0,0
BRDA:294,10,1,0
BRDA:303,11,0,0
BRDA:303,11,1,0
BRDA:346,12,0,0
BRDA:346,12,1,0
BRDA:346,13,0,0
BRDA:346,13,1,0
BRDA:347,14,0,0
BRDA:347,14,1,0
BRDA:349,15,0,0
BRDA:349,15,1,0
BRDA:349,16,0,0
BRDA:349,16,1,0
BRDA:358,17,0,0
BRDA:358,17,1,0
BRF:36
BRH:0
end_of_record
TN:
SF:src/api/routes/impact.ts
FN:50,registerImpactRoutes
FN:81,(anonymous_1)
FN:134,(anonymous_2)
FN:197,(anonymous_3)
FN:203,(anonymous_4)
FN:247,(anonymous_5)
FNF:6
FNH:1
FNDA:4,registerImpactRoutes
FNDA:0,(anonymous_1)
FNDA:0,(anonymous_2)
FNDA:0,(anonymous_3)
FNDA:0,(anonymous_4)
FNDA:0,(anonymous_5)
DA:50,4
DA:57,4
DA:82,0
DA:83,0
DA:86,0
DA:101,0
DA:106,0
DA:117,4
DA:135,0
DA:136,0
DA:137,0
DA:143,0
DA:151,0
DA:156,0
DA:167,4
DA:198,0
DA:199,0
DA:202,0
DA:203,0
DA:214,0
DA:219,0
DA:230,4
DA:248,0
DA:249,0
DA:250,0
DA:256,0
DA:266,0
DA:271,0
LF:28
LH:5
BRDA:145,0,0,0
BRDA:145,0,1,0
BRF:2
BRH:0
end_of_record
TN:
SF:src/api/routes/scm.ts
FN:33,registerSCMRoutes
FN:58,(anonymous_1)
FN:86,(anonymous_2)
FN:132,(anonymous_3)
FN:176,(anonymous_4)
FN:208,(anonymous_5)
FN:243,(anonymous_6)
FN:284,(anonymous_7)
FN:333,(anonymous_8)
FNF:9
FNH:1
FNDA:4,registerSCMRoutes
FNDA:0,(anonymous_1)
FNDA:0,(anonymous_2)
FNDA:0,(anonymous_3)
FNDA:0,(anonymous_4)
FNDA:0,(anonymous_5)
FNDA:0,(anonymous_6)
FNDA:0,(anonymous_7)
FNDA:0,(anonymous_8)
DA:33,4
DA:40,4
DA:59,0
DA:60,0
DA:63,0
DA:70,0
DA:75,0
DA:86,4
DA:87,0
DA:89,0
DA:104,0
DA:109,0
DA:120,4
DA:133,0
DA:134,0
DA:141,0
DA:149,0
DA:154,0
DA:165,4
DA:177,0
DA:178,0
DA:185,0
DA:192,0
DA:197,0
DA:208,4
DA:209,0
DA:211,0
DA:216,0
DA:221,0
DA:232,4
DA:244,0
DA:245,0
DA:251,0
DA:257,0
DA:262,0
DA:273,4
DA:285,0
DA:286,0
DA:293,0
DA:305,0
DA:310,0
DA:321,4
DA:334,0
DA:335,0
DA:343,0
DA:345,0
DA:350,0
LF:47
LH:9
BRDA:65,0,0,0
BRDA:65,0,1,0
BRDA:66,1,0,0
BRDA:66,1,1,0
BRDA:144,2,0,0
BRDA:144,2,1,0
BRDA:187,3,0,0
BRDA:187,3,1,0
BRDA:188,4,0,0
BRDA:188,4,1,0
BRDA:253,5,0,0
BRDA:253,5,1,0
BRDA:294,6,0,0
BRDA:294,6,1,0
BRDA:295,7,0,0
BRDA:295,7,1,0
BRDA:296,8,0,0
BRDA:296,8,1,0
BRF:18
BRH:0
end_of_record
TN:
SF:src/api/routes/security.ts
FN:44,registerSecurityRoutes
FN:75,(anonymous_1)
FN:98,(anonymous_2)
FN:134,(anonymous_3)
FN:181,(anonymous_4)
FN:233,(anonymous_5)
FN:284,(anonymous_6)
FN:336,(anonymous_7)
FN:346,(anonymous_8)
FNF:9
FNH:2
FNDA:4,registerSecurityRoutes
FNDA:2,(anonymous_1)
FNDA:0,(anonymous_2)
FNDA:0,(anonymous_3)
FNDA:0,(anonymous_4)
FNDA:0,(anonymous_5)
FNDA:0,(anonymous_6)
FNDA:0,(anonymous_7)
FNDA:0,(anonymous_8)
DA:44,4
DA:52,4
DA:76,2
DA:77,2
DA:79,2
DA:81,2
DA:86,0
DA:87,0
DA:98,4
DA:99,0
DA:100,0
DA:102,0
DA:107,0
DA:108,0
DA:119,4
DA:135,0
DA:136,0
DA:142,0
DA:143,0
DA:145,0
DA:150,0
DA:151,0
DA:162,4
DA:182,0
DA:183,0
DA:191,0
DA:198,0
DA:200,0
DA:211,0
DA:212,0
DA:223,4
DA:234,0
DA:235,0
DA:240,0
DA:241,0
DA:248,0
DA:251,0
DA:252,0
DA:254,0
DA:259,0
DA:260,0
DA:271,4
DA:285,0
DA:286,0
DA:291,0
DA:292,0
DA:294,0
DA:296,0
DA:301,0
DA:302,0
DA:313,4
DA:337,0
DA:338,0
DA:343,0
DA:346,0
DA:354,0
DA:356,0
DA:363,0
DA:368,0
DA:369,0
LF:60
LH:12
BRDA:91,0,0,0
BRDA:91,0,1,0
BRDA:112,1,0,0
BRDA:112,1,1,0
BRDA:142,2,0,0
BRDA:142,2,1,0
BRDA:155,3,0,0
BRDA:155,3,1,0
BRDA:192,4,0,0
BRDA:192,4,1,0
BRDA:193,5,0,0
BRDA:193,5,1,0
BRDA:194,6,0,0
BRDA:194,6,1,0
BRDA:195,7,0,0
BRDA:195,7,1,0
BRDA:204,8,0,0
BRDA:204,8,1,0
BRDA:204,9,0,0
BRDA:204,9,1,0
BRDA:205,10,0,0
BRDA:205,10,1,0
BRDA:207,11,0,0
BRDA:207,11,1,0
BRDA:207,12,0,0
BRDA:207,12,1,0
BRDA:216,13,0,0
BRDA:216,13,1,0
BRDA:240,14,0,0
BRDA:240,14,1,0
BRDA:240,15,0,0
BRDA:240,15,1,0
BRDA:251,16,0,0
BRDA:251,16,1,0
BRDA:264,17,0,0
BRDA:264,17,1,0
BRDA:291,18,0,0
BRDA:291,18,1,0
BRDA:292,19,0,0
BRDA:292,19,1,0
BRDA:306,20,0,0
BRDA:306,20,1,0
BRDA:345,21,0,0
BRDA:345,21,1,0
BRDA:349,22,0,0
BRDA:349,22,1,0
BRDA:350,23,0,0
BRDA:350,23,1,0
BRDA:373,24,0,0
BRDA:373,24,1,0
BRF:50
BRH:0
end_of_record
TN:
SF:src/api/routes/tests.ts
FN:130,registerTestRoutes
FN:162,(anonymous_1)
FN:313,(anonymous_2)
FN:325,(anonymous_3)
FN:326,(anonymous_4)
FN:327,(anonymous_5)
FN:328,(anonymous_6)
FN:329,(anonymous_7)
FN:375,(anonymous_8)
FN:408,(anonymous_9)
FN:441,(anonymous_10)
FN:474,(anonymous_11)
FN:482,(anonymous_12)
FNF:13
FNH:1
FNDA:4,registerTestRoutes
FNDA:0,(anonymous_1)
FNDA:0,(anonymous_2)
FNDA:0,(anonymous_3)
FNDA:0,(anonymous_4)
FNDA:0,(anonymous_5)
FNDA:0,(anonymous_6)
FNDA:0,(anonymous_7)
FNDA:0,(anonymous_8)
FNDA:0,(anonymous_9)
FNDA:0,(anonymous_10)
FNDA:0,(anonymous_11)
FNDA:0,(anonymous_12)
DA:130,4
DA:138,4
DA:163,0
DA:164,0
DA:167,0
DA:168,0
DA:169,0
DA:179,0
DA:187,0
DA:188,0
DA:189,0
DA:204,0
DA:205,0
DA:219,0
DA:220,0
DA:234,0
DA:235,0
DA:249,0
DA:251,0
DA:258,0
DA:264,0
DA:269,0
DA:280,4
DA:314,0
DA:315,0
DA:320,0
DA:325,0
DA:326,0
DA:327,0
DA:328,0
DA:329,0
DA:343,0
DA:345,0
DA:350,0
DA:361,4
DA:376,0
DA:377,0
DA:380,0
DA:382,0
DA:387,0
DA:398,4
DA:409,0
DA:410,0
DA:413,0
DA:415,0
DA:420,0
DA:431,4
DA:442,0
DA:443,0
DA:446,0
DA:448,0
DA:453,0
DA:464,4
DA:475,0
DA:476,0
DA:479,0
DA:482,0
DA:484,0
DA:485,0
DA:494,0
DA:499,0
LF:61
LH:7
BRDA:168,0,0,0
BRDA:168,0,1,0
BRDA:168,1,0,0
BRDA:168,1,1,0
BRDA:187,2,0,0
BRDA:187,2,1,0
BRDA:187,3,0,0
BRDA:187,3,1,0
BRDA:204,4,0,0
BRDA:204,4,1,0
BRDA:204,5,0,0
BRDA:204,5,1,0
BRDA:219,6,0,0
BRDA:219,6,1,0
BRDA:219,7,0,0
BRDA:219,7,1,0
BRDA:234,8,0,0
BRDA:234,8,1,0
BRDA:315,9,0,0
BRDA:315,9,1,0
BRDA:484,10,0,0
BRDA:484,10,1,0
BRF:22
BRH:0
end_of_record
TN:
SF:src/api/trpc/base.ts
FN:20,(anonymous_1)
FN:36,(anonymous_2)
FNF:2
FNH:0
FNDA:0,(anonymous_1)
FNDA:0,(anonymous_2)
DA:1,4
DA:2,4
DA:3,4
DA:18,4
DA:21,0
DA:32,4
DA:33,4
DA:36,4
DA:38,0
DA:45,0
LF:10
LH:7
BRDA:25,0,0,0
BRDA:25,0,1,0
BRDA:36,1,0,0
BRF:3
BRH:0
end_of_record
TN:
SF:src/api/trpc/client.ts
FN:10,(anonymous_0)
FN:17,(anonymous_1)
FNF:2
FNH:0
FNDA:0,(anonymous_0)
FNDA:0,(anonymous_1)
DA:10,0
DA:11,0
DA:17,0
LF:3
LH:0
BRF:0
BRH:0
end_of_record
TN:
SF:src/api/trpc/openapi.ts
FNF:0
FNH:0
DA:6,1
DA:7,1
DA:10,1
DA:57,1
LF:4
LH:4
BRF:0
BRH:0
end_of_record
TN:
SF:src/api/trpc/router.ts
FN:14,(anonymous_0)
FN:38,(anonymous_1)
FNF:2
FNH:0
FNDA:0,(anonymous_0)
FNDA:0,(anonymous_1)
DA:11,4
DA:14,4
DA:20,0
DA:26,4
DA:27,4
DA:28,4
DA:29,4
DA:32,4
DA:39,0
DA:40,0
LF:10
LH:7
BRF:0
BRH:0
end_of_record
TN:
SF:src/api/trpc/routes/admin.ts
FN:18,(anonymous_0)
FN:30,(anonymous_1)
FN:46,(anonymous_2)
FN:60,(anonymous_3)
FN:71,(anonymous_4)
FN:90,(anonymous_5)
FNF:6
FNH:0
FNDA:0,(anonymous_0)
FNDA:0,(anonymous_1)
FNDA:0,(anonymous_2)
FNDA:0,(anonymous_3)
FNDA:0,(anonymous_4)
FNDA:0,(anonymous_5)
DA:6,4
DA:7,4
DA:9,4
DA:20,0
DA:21,0
DA:32,0
DA:48,0
DA:62,0
DA:73,0
DA:92,0
LF:10
LH:3
BRDA:50,0,0,0
BRDA:50,0,1,0
BRDA:75,1,0,0
BRDA:75,1,1,0
BRF:4
BRH:0
end_of_record
TN:
SF:src/api/trpc/routes/code.ts
FN:18,(anonymous_0)
FN:39,(anonymous_1)
FN:55,(anonymous_2)
FN:66,(anonymous_3)
FN:73,(anonymous_4)
FNF:5
FNH:0
FNDA:0,(anonymous_0)
FNDA:0,(anonymous_1)
FNDA:0,(anonymous_2)
FNDA:0,(anonymous_3)
FNDA:0,(anonymous_4)
DA:6,4
DA:7,4
DA:9,4
DA:20,0
DA:22,0
DA:41,0
DA:43,0
DA:56,0
DA:57,0
DA:67,0
DA:69,0
DA:71,0
DA:73,0
DA:74,0
DA:76,0
DA:78,0
DA:80,0
DA:82,0
DA:84,0
DA:89,0
LF:20
LH:3
BRDA:25,0,0,0
BRDA:25,0,1,0
BRDA:26,1,0,0
BRDA:26,1,1,0
BRDA:71,2,0,0
BRDA:71,2,1,0
BRDA:74,3,0,0
BRDA:74,3,1,0
BRDA:74,3,2,0
BRDA:74,3,3,0
BRDA:74,3,4,0
BRDA:76,4,0,0
BRDA:76,4,1,0
BRDA:76,4,2,0
BRDA:78,5,0,0
BRDA:78,5,1,0
BRDA:78,5,2,0
BRDA:80,6,0,0
BRDA:80,6,1,0
BRDA:80,6,2,0
BRDA:82,7,0,0
BRDA:82,7,1,0
BRDA:82,7,2,0
BRF:23
BRH:0
end_of_record
TN:
SF:src/api/trpc/routes/design.ts
FN:86,(anonymous_0)
FN:101,(anonymous_1)
FN:140,(anonymous_2)
FN:153,(anonymous_3)
FN:166,(anonymous_4)
FNF:5
FNH:0
FNDA:0,(anonymous_0)
FNDA:0,(anonymous_1)
FNDA:0,(anonymous_2)
FNDA:0,(anonymous_3)
FNDA:0,(anonymous_4)
DA:6,4
DA:7,4
DA:10,4
DA:20,4
DA:26,4
DA:64,4
DA:79,4
DA:88,0
DA:103,0
DA:142,0
DA:155,0
DA:168,0
LF:12
LH:7
BRF:0
BRH:0
end_of_record
TN:
SF:src/api/trpc/routes/graph.ts
FN:38,(anonymous_0)
FN:54,(anonymous_1)
FN:67,(anonymous_2)
FN:80,(anonymous_3)
FN:95,(anonymous_4)
FN:112,(anonymous_5)
FN:124,(anonymous_6)
FNF:7
FNH:0
FNDA:0,(anonymous_0)
FNDA:0,(anonymous_1)
FNDA:0,(anonymous_2)
FNDA:0,(anonymous_3)
FNDA:0,(anonymous_4)
FNDA:0,(anonymous_5)
FNDA:0,(anonymous_6)
DA:6,4
DA:7,4
DA:10,4
DA:20,4
DA:30,4
DA:40,0
DA:41,0
DA:56,0
DA:69,0
DA:70,0
DA:82,0
DA:97,0
DA:114,0
DA:115,0
DA:126,0
LF:15
LH:5
BRF:0
BRH:0
end_of_record
TN:
SF:src/models/entities.ts
FN:300,(anonymous_0)
FN:301,(anonymous_1)
FN:302,(anonymous_2)
FN:303,(anonymous_3)
FN:305,(anonymous_4)
FN:307,(anonymous_5)
FN:309,(anonymous_6)
FN:310,(anonymous_7)
FNF:8
FNH:8
FNDA:2,(anonymous_0)
FNDA:2,(anonymous_1)
FNDA:9,(anonymous_2)
FNDA:3,(anonymous_3)
FNDA:2,(anonymous_4)
FNDA:2,(anonymous_5)
FNDA:2,(anonymous_6)
FNDA:2,(anonymous_7)
DA:300,2
DA:301,2
DA:302,9
DA:303,1
DA:304,3
DA:305,1
DA:306,2
DA:307,1
DA:308,2
DA:309,2
DA:310,2
LF:11
LH:11
BRDA:304,0,0,3
BRDA:304,0,1,2
BRDA:306,1,0,2
BRDA:306,1,1,2
BRDA:308,2,0,2
BRDA:308,2,1,2
BRF:6
BRH:6
end_of_record
TN:
SF:src/models/relationships.ts
FN:18,(anonymous_0)
FNF:1
FNH:1
FNDA:10,(anonymous_0)
DA:18,10
DA:20,10
DA:21,10
DA:22,10
DA:23,10
DA:24,10
DA:27,10
DA:28,10
DA:29,10
DA:30,10
DA:31,10
DA:32,10
DA:35,10
DA:36,10
DA:37,10
DA:40,10
DA:41,10
DA:42,10
DA:45,10
DA:46,10
DA:47,10
DA:48,10
DA:49,10
DA:50,10
DA:51,10
DA:54,10
DA:55,10
DA:56,10
DA:57,10
DA:58,10
DA:61,10
DA:62,10
DA:63,10
DA:66,10
DA:67,10
DA:68,10
LF:36
LH:36
BRDA:18,0,0,10
BRDA:18,0,1,10
BRF:2
BRH:2
end_of_record
TN:
SF:src/services/ASTParser.ts
FN:72,(anonymous_10)
FN:87,(anonymous_11)
FN:90,(anonymous_12)
FN:91,(anonymous_13)
FN:100,(anonymous_14)
FN:130,(anonymous_15)
FN:232,(anonymous_16)
FN:243,(anonymous_17)
FN:302,(anonymous_18)
FN:306,(anonymous_19)
FN:317,(anonymous_20)
FN:331,(anonymous_21)
FN:386,(anonymous_22)
FN:420,(anonymous_23)
FN:429,(anonymous_24)
FN:468,(anonymous_25)
FN:489,(anonymous_26)
FN:567,(anonymous_27)
FN:596,(anonymous_28)
FN:623,(anonymous_29)
FN:632,(anonymous_30)
FN:677,(anonymous_31)
FN:698,(anonymous_32)
FN:711,(anonymous_33)
FN:722,(anonymous_34)
FN:731,(anonymous_35)
FN:739,(anonymous_36)
FN:749,(anonymous_37)
FN:751,(anonymous_38)
FN:754,(anonymous_39)
FN:757,(anonymous_40)
FN:758,(anonymous_41)
FN:763,(anonymous_42)
FN:765,(anonymous_43)
FN:770,(anonymous_44)
FN:775,(anonymous_45)
FN:777,(anonymous_46)
FN:787,(anonymous_47)
FN:795,(anonymous_48)
FN:797,(anonymous_49)
FN:802,(anonymous_50)
FN:806,(anonymous_51)
FN:825,(anonymous_52)
FN:833,(anonymous_53)
FN:836,(anonymous_54)
FN:841,(anonymous_55)
FN:843,(anonymous_56)
FN:848,(anonymous_57)
FN:851,(anonymous_58)
FN:856,(anonymous_59)
FN:863,(anonymous_60)
FN:870,(anonymous_61)
FN:877,(anonymous_62)
FN:888,(anonymous_63)
FN:913,(anonymous_64)
FN:918,(anonymous_65)
FN:941,(anonymous_66)
FN:1018,(anonymous_67)
FN:1035,(anonymous_68)
FN:1068,(anonymous_69)
FN:1110,(anonymous_70)
FN:1120,(anonymous_71)
FN:1177,(anonymous_72)
FN:1213,(anonymous_73)
FN:1218,(anonymous_74)
FN:1232,(anonymous_75)
FN:1238,(anonymous_76)
FNF:67
FNH:47
FNDA:8,(anonymous_10)
FNDA:3,(anonymous_11)
FNDA:3,(anonymous_12)
FNDA:0,(anonymous_13)
FNDA:28,(anonymous_14)
FNDA:4,(anonymous_15)
FNDA:3,(anonymous_16)
FNDA:1,(anonymous_17)
FNDA:25,(anonymous_18)
FNDA:0,(anonymous_19)
FNDA:23,(anonymous_20)
FNDA:12735,(anonymous_21)
FNDA:3,(anonymous_22)
FNDA:3,(anonymous_23)
FNDA:0,(anonymous_24)
FNDA:26,(anonymous_25)
FNDA:530,(anonymous_26)
FNDA:0,(anonymous_27)
FNDA:0,(anonymous_28)
FNDA:530,(anonymous_29)
FNDA:8361,(anonymous_30)
FNDA:23,(anonymous_31)
FNDA:807,(anonymous_32)
FNDA:530,(anonymous_33)
FNDA:0,(anonymous_34)
FNDA:530,(anonymous_35)
FNDA:530,(anonymous_36)
FNDA:1060,(anonymous_37)
FNDA:2,(anonymous_38)
FNDA:530,(anonymous_39)
FNDA:365,(anonymous_40)
FNDA:365,(anonymous_41)
FNDA:530,(anonymous_42)
FNDA:365,(anonymous_43)
FNDA:530,(anonymous_44)
FNDA:248,(anonymous_45)
FNDA:36,(anonymous_46)
FNDA:248,(anonymous_47)
FNDA:248,(anonymous_48)
FNDA:139,(anonymous_49)
FNDA:248,(anonymous_50)
FNDA:248,(anonymous_51)
FNDA:116,(anonymous_52)
FNDA:116,(anonymous_53)
FNDA:2,(anonymous_54)
FNDA:116,(anonymous_55)
FNDA:106,(anonymous_56)
FNDA:112,(anonymous_57)
FNDA:0,(anonymous_58)
FNDA:7,(anonymous_59)
FNDA:7,(anonymous_60)
FNDA:7,(anonymous_61)
FNDA:26,(anonymous_62)
FNDA:26,(anonymous_63)
FNDA:0,(anonymous_64)
FNDA:0,(anonymous_65)
FNDA:0,(anonymous_66)
FNDA:0,(anonymous_67)
FNDA:0,(anonymous_68)
FNDA:0,(anonymous_69)
FNDA:0,(anonymous_70)
FNDA:0,(anonymous_71)
FNDA:0,(anonymous_72)
FNDA:0,(anonymous_73)
FNDA:0,(anonymous_74)
FNDA:0,(anonymous_75)
FNDA:0,(anonymous_76)
DA:6,6
DA:7,6
DA:8,6
DA:9,6
DA:19,6
DA:67,6
DA:69,8
DA:70,8
DA:74,8
DA:89,3
DA:90,6
DA:91,0
DA:92,0
DA:93,0
DA:95,3
DA:96,3
DA:101,28
DA:102,28
DA:103,28
DA:104,26
DA:107,26
DA:108,23
DA:109,3
DA:110,3
DA:112,0
DA:115,2
DA:116,2
DA:131,4
DA:132,4
DA:134,4
DA:135,4
DA:136,3
DA:139,3
DA:140,0
DA:154,3
DA:156,3
DA:158,2
DA:159,2
DA:167,2
DA:179,1
DA:186,1
DA:189,1
DA:191,1
DA:192,1
DA:211,0
DA:212,0
DA:233,3
DA:234,3
DA:235,11
DA:236,8
DA:237,8
DA:240,3
DA:249,1
DA:250,1
DA:251,1
DA:252,1
DA:253,1
DA:256,1
DA:257,1
DA:260,1
DA:261,3
DA:262,3
DA:263,1
DA:264,2
DA:265,1
DA:270,1
DA:271,2
DA:272,0
DA:278,1
DA:281,1
DA:289,1
DA:303,25
DA:307,0
DA:308,0
DA:309,0
DA:311,0
DA:318,23
DA:319,23
DA:320,23
DA:322,23
DA:324,23
DA:327,23
DA:328,23
DA:331,23
DA:332,12735
DA:341,23
DA:342,530
DA:343,530
DA:344,530
DA:345,530
DA:348,530
DA:355,530
DA:356,530
DA:359,0
DA:370,23
DA:371,23
DA:374,0
DA:383,23
DA:387,3
DA:388,3
DA:389,3
DA:391,3
DA:393,3
DA:395,3
DA:398,0
DA:401,0
DA:402,0
DA:405,0
DA:408,0
DA:417,0
DA:421,3
DA:422,3
DA:437,0
DA:438,0
DA:439,0
DA:440,0
DA:441,0
DA:450,0
DA:451,0
DA:452,0
DA:453,0
DA:454,0
DA:463,0
DA:464,0
DA:469,26
DA:470,26
DA:472,26
DA:490,530
DA:491,530
DA:492,530
DA:494,530
DA:496,530
DA:514,530
DA:515,248
DA:528,282
DA:529,116
DA:541,166
DA:542,112
DA:552,54
DA:553,7
DA:564,47
DA:568,0
DA:569,0
DA:571,0
DA:597,0
DA:598,0
DA:600,0
DA:628,530
DA:631,530
DA:632,248
DA:633,8361
DA:636,248
DA:637,245
DA:639,245
DA:640,234
DA:650,530
DA:651,116
DA:652,116
DA:653,2
DA:654,0
DA:655,0
DA:662,2
DA:663,2
DA:664,2
DA:674,530
DA:678,23
DA:680,23
DA:681,23
DA:682,36
DA:683,36
DA:684,36
DA:685,36
DA:686,41
DA:695,23
DA:699,807
DA:712,530
DA:713,414
DA:714,307
DA:715,195
DA:716,188
DA:717,47
DA:718,30
DA:719,0
DA:723,0
DA:724,0
DA:725,0
DA:728,0
DA:732,530
DA:733,530
DA:735,0
DA:740,530
DA:741,414
DA:742,166
DA:743,54
DA:744,47
DA:745,30
DA:746,0
DA:750,1060
DA:751,1060
DA:755,530
DA:756,500
DA:757,500
DA:758,500
DA:760,530
DA:764,530
DA:765,500
DA:767,30
DA:771,530
DA:772,530
DA:776,248
DA:777,248
DA:784,0
DA:788,248
DA:789,248
DA:790,248
DA:792,0
DA:796,248
DA:797,248
DA:799,0
DA:803,248
DA:808,248
DA:809,248
DA:811,248
DA:812,8361
DA:818,17
DA:822,248
DA:826,116
DA:827,116
DA:828,116
DA:830,0
DA:834,116
DA:835,116
DA:836,116
DA:838,0
DA:842,116
DA:843,116
DA:845,0
DA:849,112
DA:850,112
DA:851,112
DA:853,0
DA:857,7
DA:858,7
DA:860,0
DA:864,7
DA:865,7
DA:867,0
DA:871,7
DA:872,7
DA:874,0
DA:878,26
DA:879,26
DA:880,23
DA:881,0
DA:882,3
DA:883,0
DA:884,0
DA:889,26
DA:892,26
DA:894,26
DA:895,37
DA:896,37
DA:897,10
DA:902,26
DA:903,26
DA:904,0
DA:905,0
DA:906,0
DA:910,26
DA:914,0
DA:915,0
DA:916,0
DA:918,0
DA:919,0
DA:921,0
DA:922,0
DA:923,0
DA:924,0
DA:925,0
DA:927,0
DA:931,0
DA:946,0
DA:947,0
DA:948,0
DA:950,0
DA:953,0
DA:954,0
DA:955,0
DA:956,0
DA:957,0
DA:958,0
DA:961,0
DA:962,0
DA:964,0
DA:965,0
DA:966,0
DA:968,0
DA:969,0
DA:970,0
DA:972,0
DA:975,0
DA:976,0
DA:977,0
DA:979,0
DA:981,0
DA:982,0
DA:984,0
DA:985,0
DA:986,0
DA:994,0
DA:996,0
DA:1009,0
DA:1011,0
DA:1019,0
DA:1021,0
DA:1024,0
DA:1025,0
DA:1029,0
DA:1039,0
DA:1040,0
DA:1043,0
DA:1046,0
DA:1049,0
DA:1052,0
DA:1056,0
DA:1058,0
DA:1062,0
DA:1076,0
DA:1078,0
DA:1080,0
DA:1088,0
DA:1089,0
DA:1097,0
DA:1114,0
DA:1115,0
DA:1116,0
DA:1119,0
DA:1120,0
DA:1122,0
DA:1123,0
DA:1127,0
DA:1131,0
DA:1132,0
DA:1135,0
DA:1136,0
DA:1139,0
DA:1167,0
DA:1169,0
DA:1170,0
DA:1182,0
DA:1183,0
DA:1185,0
DA:1188,0
DA:1189,0
DA:1192,0
DA:1194,0
DA:1195,0
DA:1197,0
DA:1198,0
DA:1199,0
DA:1201,0
DA:1206,0
DA:1207,0
DA:1214,0
DA:1215,0
DA:1219,0
DA:1221,0
DA:1222,0
DA:1223,0
DA:1224,0
DA:1226,0
DA:1237,0
DA:1238,0
DA:1240,0
LF:374
LH:206
BRDA:107,0,0,23
BRDA:107,0,1,3
BRDA:109,1,0,3
BRDA:109,1,1,0
BRDA:123,2,0,0
BRDA:123,2,1,2
BRDA:139,3,0,0
BRDA:139,3,1,3
BRDA:139,4,0,3
BRDA:139,4,1,1
BRDA:156,5,0,2
BRDA:156,5,1,1
BRDA:189,6,0,1
BRDA:189,6,1,0
BRDA:189,7,0,1
BRDA:189,7,1,1
BRDA:219,8,0,0
BRDA:219,8,1,0
BRDA:235,9,0,8
BRDA:235,9,1,3
BRDA:262,10,0,1
BRDA:262,10,1,2
BRDA:264,11,0,1
BRDA:264,11,1,1
BRDA:271,12,0,0
BRDA:271,12,1,2
BRDA:332,13,0,12735
BRDA:332,13,1,12619
BRDA:332,13,2,12512
BRDA:332,13,3,12400
BRDA:332,13,4,12393
BRDA:332,13,5,12363
BRDA:332,13,6,12222
BRDA:344,14,0,530
BRDA:344,14,1,0
BRDA:363,15,0,0
BRDA:363,15,1,0
BRDA:378,16,0,0
BRDA:378,16,1,0
BRDA:393,17,0,3
BRDA:393,17,1,0
BRDA:412,18,0,0
BRDA:412,18,1,0
BRDA:437,19,0,0
BRDA:437,19,1,0
BRDA:437,20,0,0
BRDA:437,20,1,0
BRDA:439,21,0,0
BRDA:439,21,1,0
BRDA:450,22,0,0
BRDA:450,22,1,0
BRDA:452,23,0,0
BRDA:452,23,1,0
BRDA:463,24,0,0
BRDA:463,24,1,0
BRDA:483,25,0,26
BRDA:483,25,1,26
BRDA:494,26,0,0
BRDA:494,26,1,530
BRDA:514,27,0,248
BRDA:514,27,1,282
BRDA:514,28,0,530
BRDA:514,28,1,423
BRDA:528,29,0,116
BRDA:528,29,1,166
BRDA:541,30,0,112
BRDA:541,30,1,54
BRDA:552,31,0,7
BRDA:552,31,1,47
BRDA:569,32,0,0
BRDA:569,32,1,0
BRDA:598,33,0,0
BRDA:598,33,1,0
BRDA:631,34,0,248
BRDA:631,34,1,282
BRDA:631,35,0,530
BRDA:631,35,1,423
BRDA:639,36,0,234
BRDA:639,36,1,11
BRDA:650,37,0,116
BRDA:650,37,1,414
BRDA:653,38,0,0
BRDA:653,38,1,2
BRDA:662,39,0,2
BRDA:662,39,1,0
BRDA:683,40,0,36
BRDA:683,40,1,0
BRDA:712,41,0,116
BRDA:712,41,1,414
BRDA:713,42,0,107
BRDA:713,42,1,307
BRDA:714,43,0,112
BRDA:714,43,1,195
BRDA:715,44,0,7
BRDA:715,44,1,188
BRDA:716,45,0,141
BRDA:716,45,1,47
BRDA:717,46,0,17
BRDA:717,46,1,30
BRDA:718,47,0,30
BRDA:718,47,1,0
BRDA:723,48,0,0
BRDA:723,48,1,0
BRDA:724,49,0,0
BRDA:724,49,1,0
BRDA:740,50,0,116
BRDA:740,50,1,414
BRDA:741,51,0,248
BRDA:741,51,1,166
BRDA:741,52,0,414
BRDA:741,52,1,307
BRDA:742,53,0,112
BRDA:742,53,1,54
BRDA:743,54,0,7
BRDA:743,54,1,47
BRDA:744,55,0,17
BRDA:744,55,1,30
BRDA:745,56,0,30
BRDA:745,56,1,0
BRDA:755,57,0,500
BRDA:755,57,1,30
BRDA:755,58,0,530
BRDA:755,58,1,500
BRDA:757,59,0,0
BRDA:757,59,1,500
BRDA:758,60,0,0
BRDA:758,60,1,500
BRDA:764,61,0,500
BRDA:764,61,1,30
BRDA:764,62,0,530
BRDA:764,62,1,500
BRDA:776,63,0,248
BRDA:776,63,1,0
BRDA:776,64,0,248
BRDA:776,64,1,141
BRDA:788,65,0,248
BRDA:788,65,1,0
BRDA:788,66,0,248
BRDA:788,66,1,141
BRDA:796,67,0,248
BRDA:796,67,1,0
BRDA:796,68,0,248
BRDA:796,68,1,248
BRDA:812,69,0,17
BRDA:812,69,1,8344
BRDA:812,70,0,8361
BRDA:812,70,1,8348
BRDA:812,70,2,8348
BRDA:812,70,3,8348
BRDA:812,70,4,8348
BRDA:812,70,5,8348
BRDA:826,71,0,116
BRDA:826,71,1,0
BRDA:828,72,0,0
BRDA:828,72,1,116
BRDA:834,73,0,116
BRDA:834,73,1,0
BRDA:842,74,0,116
BRDA:842,74,1,0
BRDA:842,75,0,116
BRDA:842,75,1,116
BRDA:849,76,0,112
BRDA:849,76,1,0
BRDA:857,77,0,7
BRDA:857,77,1,0
BRDA:864,78,0,7
BRDA:864,78,1,0
BRDA:871,79,0,7
BRDA:871,79,1,0
BRDA:879,80,0,23
BRDA:879,80,1,0
BRDA:879,80,2,3
BRDA:879,80,3,0
BRDA:879,80,4,0
BRDA:896,81,0,10
BRDA:896,81,1,27
BRDA:896,82,0,37
BRDA:896,82,1,10
BRDA:905,83,0,0
BRDA:905,83,1,0
BRDA:905,84,0,0
BRDA:905,84,1,0
BRDA:922,85,0,0
BRDA:922,85,1,0
BRDA:948,86,0,0
BRDA:948,86,1,0
BRDA:966,87,0,0
BRDA:966,87,1,0
BRDA:969,88,0,0
BRDA:969,88,1,0
BRDA:972,89,0,0
BRDA:972,89,1,0
BRDA:972,89,2,0
BRDA:976,90,0,0
BRDA:976,90,1,0
BRDA:1024,91,0,0
BRDA:1024,91,1,0
BRDA:1039,92,0,0
BRDA:1039,92,1,0
BRDA:1039,93,0,0
BRDA:1039,93,1,0
BRDA:1046,94,0,0
BRDA:1046,94,1,0
BRDA:1046,95,0,0
BRDA:1046,95,1,0
BRDA:1052,96,0,0
BRDA:1052,96,1,0
BRDA:1056,97,0,0
BRDA:1056,97,1,0
BRDA:1056,98,0,0
BRDA:1056,98,1,0
BRDA:1058,99,0,0
BRDA:1058,99,1,0
BRDA:1078,100,0,0
BRDA:1078,100,1,0
BRDA:1088,101,0,0
BRDA:1088,101,1,0
BRDA:1122,102,0,0
BRDA:1122,102,1,0
BRDA:1131,103,0,0
BRDA:1131,103,1,0
BRDA:1142,104,0,0
BRDA:1142,104,1,0
BRDA:1143,105,0,0
BRDA:1143,105,1,0
BRDA:1144,106,0,0
BRDA:1144,106,1,0
BRDA:1145,107,0,0
BRDA:1145,107,1,0
BRDA:1149,108,0,0
BRDA:1149,108,1,0
BRDA:1150,109,0,0
BRDA:1150,109,1,0
BRDA:1185,110,0,0
BRDA:1185,110,1,0
BRDA:1189,111,0,0
BRDA:1189,111,1,0
BRDA:1189,111,2,0
BRDA:1198,112,0,0
BRDA:1198,112,1,0
BRDA:1198,113,0,0
BRDA:1198,113,1,0
BRDA:1221,114,0,0
BRDA:1221,114,1,0
BRDA:1222,115,0,0
BRDA:1222,115,1,0
BRDA:1223,116,0,0
BRDA:1223,116,1,0
BRDA:1224,117,0,0
BRDA:1224,117,1,0
BRDA:1243,118,0,0
BRDA:1243,118,1,0
BRF:252
BRH:121
end_of_record
TN:
SF:src/services/ConflictResolution.ts
FN:54,(anonymous_0)
FN:58,(anonymous_1)
FN:63,(anonymous_2)
FN:64,(anonymous_3)
FN:76,(anonymous_4)
FN:77,(anonymous_5)
FN:106,(anonymous_6)
FN:107,(anonymous_7)
FN:115,(anonymous_8)
FN:117,(anonymous_9)
FN:120,(anonymous_10)
FN:178,(anonymous_11)
FN:218,(anonymous_12)
FN:231,(anonymous_13)
FN:250,(anonymous_14)
FN:251,(anonymous_15)
FN:254,(anonymous_16)
FN:255,(anonymous_17)
FN:258,(anonymous_18)
FN:262,(anonymous_19)
FN:264,(anonymous_20)
FN:268,(anonymous_21)
FN:272,(anonymous_22)
FN:276,(anonymous_23)
FN:286,(anonymous_24)
FN:294,(anonymous_25)
FN:301,(anonymous_26)
FN:302,(anonymous_27)
FNF:28
FNH:24
FNDA:1,(anonymous_0)
FNDA:1,(anonymous_1)
FNDA:1,(anonymous_2)
FNDA:1,(anonymous_3)
FNDA:0,(anonymous_4)
FNDA:0,(anonymous_5)
FNDA:0,(anonymous_6)
FNDA:0,(anonymous_7)
FNDA:3,(anonymous_8)
FNDA:3,(anonymous_9)
FNDA:6,(anonymous_10)
FNDA:7,(anonymous_11)
FNDA:1,(anonymous_12)
FNDA:1,(anonymous_13)
FNDA:4,(anonymous_14)
FNDA:4,(anonymous_15)
FNDA:3,(anonymous_16)
FNDA:3,(anonymous_17)
FNDA:7,(anonymous_18)
FNDA:1,(anonymous_19)
FNDA:2,(anonymous_20)
FNDA:2,(anonymous_21)
FNDA:2,(anonymous_22)
FNDA:5,(anonymous_23)
FNDA:1,(anonymous_24)
FNDA:1,(anonymous_25)
FNDA:3,(anonymous_26)
FNDA:3,(anonymous_27)
DA:49,1
DA:50,1
DA:51,1
DA:52,1
DA:54,1
DA:55,1
DA:60,1
DA:63,1
DA:64,1
DA:73,1
DA:76,0
DA:78,0
DA:79,0
DA:81,0
DA:84,0
DA:85,0
DA:89,0
DA:90,0
DA:93,0
DA:103,1
DA:106,0
DA:107,0
DA:116,3
DA:117,3
DA:124,6
DA:127,6
DA:128,5
DA:130,5
DA:132,4
DA:133,4
DA:134,4
DA:136,4
DA:153,6
DA:155,1
DA:170,6
DA:171,5
DA:172,5
DA:175,6
DA:179,7
DA:180,7
DA:181,2
DA:184,5
DA:185,5
DA:188,5
DA:189,5
DA:191,2
DA:192,2
DA:194,2
DA:197,1
DA:198,1
DA:200,1
DA:204,1
DA:208,1
DA:211,5
DA:213,0
DA:214,0
DA:219,1
DA:221,1
DA:222,1
DA:223,1
DA:224,1
DA:228,1
DA:233,1
DA:234,1
DA:235,1
DA:236,1
DA:237,1
DA:238,1
DA:239,1
DA:240,1
DA:242,0
DA:247,0
DA:251,4
DA:255,3
DA:259,7
DA:263,1
DA:264,2
DA:269,2
DA:273,2
DA:277,5
DA:278,1
DA:279,1
DA:281,0
DA:287,1
DA:288,2
DA:289,1
DA:300,1
DA:301,3
DA:302,3
DA:304,1
DA:305,1
DA:306,3
DA:309,1
LF:93
LH:77
BRDA:84,0,0,0
BRDA:84,0,1,0
BRDA:84,1,0,0
BRDA:84,1,1,0
BRDA:89,2,0,0
BRDA:89,2,1,0
BRDA:89,3,0,0
BRDA:89,3,1,0
BRDA:89,3,2,0
BRDA:130,4,0,4
BRDA:130,4,1,1
BRDA:134,5,0,4
BRDA:134,5,1,0
BRDA:134,6,0,4
BRDA:134,6,1,4
BRDA:180,7,0,2
BRDA:180,7,1,5
BRDA:180,8,0,7
BRDA:180,8,1,6
BRDA:189,9,0,2
BRDA:189,9,1,1
BRDA:189,9,2,1
BRDA:189,9,3,1
BRDA:191,10,0,2
BRDA:191,10,1,0
BRDA:197,11,0,1
BRDA:197,11,1,0
BRDA:223,12,0,1
BRDA:223,12,1,0
BRDA:234,13,0,1
BRDA:234,13,1,0
BRDA:259,14,0,7
BRDA:259,14,1,1
BRDA:264,15,0,2
BRDA:264,15,1,1
BRDA:288,16,0,1
BRDA:288,16,1,1
BRDA:306,17,0,3
BRDA:306,17,1,2
BRF:39
BRH:25
end_of_record
TN:
SF:src/services/DatabaseService.ts
FN:37,(anonymous_0)
FN:39,(anonymous_1)
FN:90,(anonymous_2)
FN:107,(anonymous_3)
FN:154,(anonymous_4)
FN:157,(anonymous_5)
FN:182,(anonymous_6)
FN:184,(anonymous_7)
FN:189,(anonymous_8)
FN:212,(anonymous_9)
FN:221,(anonymous_10)
FN:229,(anonymous_11)
FN:243,(anonymous_12)
FN:263,(anonymous_13)
FN:270,(anonymous_14)
FN:282,(anonymous_15)
FN:290,(anonymous_16)
FN:341,(anonymous_17)
FN:533,(anonymous_18)
FN:587,(anonymous_19)
FN:594,(anonymous_20)
FN:686,(anonymous_21)
FN:735,(anonymous_22)
FN:760,(anonymous_23)
FN:784,(anonymous_24)
FN:809,getDatabaseService
FN:819,createDatabaseConfig
FN:845,createTestDatabaseConfig
FNF:28
FNH:18
FNDA:18,(anonymous_0)
FNDA:27,(anonymous_1)
FNDA:18,(anonymous_2)
FNDA:911,(anonymous_3)
FNDA:232,(anonymous_4)
FNDA:420,(anonymous_5)
FNDA:4,(anonymous_6)
FNDA:23,(anonymous_7)
FNDA:1,(anonymous_8)
FNDA:9,(anonymous_9)
FNDA:176,(anonymous_10)
FNDA:126,(anonymous_11)
FNDA:2,(anonymous_12)
FNDA:0,(anonymous_13)
FNDA:0,(anonymous_14)
FNDA:0,(anonymous_15)
FNDA:27,(anonymous_16)
FNDA:4,(anonymous_17)
FNDA:20,(anonymous_18)
FNDA:0,(anonymous_19)
FNDA:0,(anonymous_20)
FNDA:0,(anonymous_21)
FNDA:0,(anonymous_22)
FNDA:0,(anonymous_23)
FNDA:0,(anonymous_24)
FNDA:0,getDatabaseService
FNDA:17,createDatabaseConfig
FNDA:1,createTestDatabaseConfig
DA:7,26
DA:8,26
DA:9,26
DA:30,26
DA:35,18
DA:37,18
DA:40,27
DA:41,9
DA:44,18
DA:46,18
DA:51,18
DA:54,18
DA:60,18
DA:63,18
DA:70,18
DA:71,18
DA:72,18
DA:75,18
DA:76,18
DA:79,18
DA:82,18
DA:83,18
DA:85,0
DA:86,0
DA:91,18
DA:92,18
DA:95,18
DA:96,18
DA:99,18
DA:100,18
DA:103,18
DA:108,911
DA:109,0
DA:112,911
DA:115,911
DA:118,911
DA:119,1418
DA:122,1418
DA:124,833
DA:125,585
DA:127,4
DA:128,581
DA:129,0
DA:131,581
DA:134,1418
DA:137,911
DA:141,908
DA:142,908
DA:144,280
DA:145,280
DA:148,280
DA:149,105
DA:153,175
DA:154,175
DA:155,232
DA:156,232
DA:157,232
DA:158,420
DA:159,420
DA:162,232
DA:166,0
DA:167,628
DA:169,628
DA:173,0
DA:175,3
DA:176,3
DA:177,3
DA:178,3
DA:183,4
DA:185,23
DA:186,14
DA:187,9
DA:189,2
DA:190,1
DA:191,1
DA:192,0
DA:193,0
DA:195,0
DA:198,2
DA:199,7
DA:200,1
DA:201,6
DA:202,6
DA:205,0
DA:209,4
DA:213,9
DA:214,0
DA:217,9
DA:222,176
DA:223,0
DA:225,176
DA:230,126
DA:231,0
DA:234,126
DA:235,126
DA:236,126
DA:237,115
DA:239,126
DA:244,2
DA:245,0
DA:248,2
DA:249,2
DA:250,2
DA:251,2
DA:252,1
DA:253,1
DA:255,1
DA:256,1
DA:258,2
DA:264,0
DA:265,0
DA:267,0
DA:271,0
DA:272,0
DA:275,0
DA:276,0
DA:278,0
DA:283,0
DA:284,0
DA:286,0
DA:296,27
DA:303,27
DA:304,27
DA:305,27
DA:307,0
DA:310,27
DA:312,27
DA:313,27
DA:315,0
DA:318,27
DA:319,27
DA:320,27
DA:321,27
DA:322,27
DA:324,0
DA:327,27
DA:328,27
DA:329,27
DA:330,27
DA:332,0
DA:333,0
DA:337,27
DA:342,4
DA:343,0
DA:346,4
DA:349,4
DA:488,4
DA:491,4
DA:493,4
DA:495,4
DA:499,4
DA:503,0
DA:507,0
DA:511,0
DA:515,0
DA:519,0
DA:522,0
DA:525,4
DA:529,4
DA:531,4
DA:533,20
DA:535,4
DA:536,0
DA:545,4
DA:546,0
DA:547,0
DA:554,0
DA:555,0
DA:557,0
DA:563,4
DA:564,0
DA:565,0
DA:572,0
DA:573,0
DA:575,0
DA:580,4
DA:582,0
DA:583,0
DA:588,0
DA:595,0
DA:596,0
DA:599,0
DA:600,0
DA:601,0
DA:604,0
DA:610,0
DA:621,0
DA:622,0
DA:624,0
DA:626,0
DA:627,0
DA:631,0
DA:642,0
DA:643,0
DA:647,0
DA:658,0
DA:659,0
DA:663,0
DA:674,0
DA:676,0
DA:677,0
DA:679,0
DA:687,0
DA:688,0
DA:691,0
DA:692,0
DA:693,0
DA:695,0
DA:696,0
DA:709,0
DA:723,0
DA:725,0
DA:726,0
DA:728,0
DA:736,0
DA:737,0
DA:740,0
DA:741,0
DA:742,0
DA:750,0
DA:751,0
DA:753,0
DA:761,0
DA:762,0
DA:765,0
DA:766,0
DA:767,0
DA:774,0
DA:775,0
DA:777,0
DA:785,0
DA:786,0
DA:789,0
DA:790,0
DA:791,0
DA:798,0
DA:799,0
DA:801,0
DA:807,26
DA:809,26
DA:810,0
DA:811,0
DA:812,0
DA:814,0
DA:816,0
DA:819,26
DA:821,17
DA:823,17
DA:845,26
DA:846,1
LF:250
LH:135
BRDA:40,0,0,9
BRDA:40,0,1,18
BRDA:48,1,0,18
BRDA:48,1,1,0
BRDA:65,2,0,18
BRDA:65,2,1,0
BRDA:66,3,0,18
BRDA:66,3,1,0
BRDA:75,4,0,18
BRDA:75,4,1,0
BRDA:91,5,0,18
BRDA:91,5,1,0
BRDA:95,6,0,18
BRDA:95,6,1,0
BRDA:99,7,0,18
BRDA:99,7,1,0
BRDA:107,8,0,577
BRDA:108,9,0,0
BRDA:108,9,1,911
BRDA:122,10,0,833
BRDA:122,10,1,585
BRDA:125,11,0,4
BRDA:125,11,1,581
BRDA:125,12,0,585
BRDA:125,12,1,4
BRDA:128,13,0,0
BRDA:128,13,1,581
BRDA:128,14,0,581
BRDA:128,14,1,581
BRDA:141,15,0,908
BRDA:141,15,1,0
BRDA:141,16,0,908
BRDA:141,16,1,908
BRDA:142,17,0,280
BRDA:142,17,1,628
BRDA:148,18,0,105
BRDA:148,18,1,175
BRDA:148,19,0,280
BRDA:148,19,1,280
BRDA:148,19,2,280
BRDA:153,20,0,175
BRDA:153,20,1,0
BRDA:153,21,0,175
BRDA:153,21,1,175
BRDA:156,22,0,232
BRDA:156,22,1,0
BRDA:167,23,0,628
BRDA:167,23,1,0
BRDA:185,24,0,14
BRDA:185,24,1,9
BRDA:187,25,0,2
BRDA:187,25,1,7
BRDA:190,26,0,1
BRDA:190,26,1,0
BRDA:192,27,0,0
BRDA:192,27,1,0
BRDA:192,28,0,0
BRDA:192,28,1,0
BRDA:199,29,0,1
BRDA:199,29,1,6
BRDA:199,30,0,7
BRDA:199,30,1,6
BRDA:201,31,0,6
BRDA:201,31,1,0
BRDA:201,32,0,6
BRDA:201,32,1,6
BRDA:213,33,0,0
BRDA:213,33,1,9
BRDA:222,34,0,0
BRDA:222,34,1,176
BRDA:229,35,0,33
BRDA:230,36,0,0
BRDA:230,36,1,126
BRDA:244,37,0,0
BRDA:244,37,1,2
BRDA:264,38,0,0
BRDA:264,38,1,0
BRDA:271,39,0,0
BRDA:271,39,1,0
BRDA:275,40,0,0
BRDA:275,40,1,0
BRDA:283,41,0,0
BRDA:283,41,1,0
BRDA:327,42,0,27
BRDA:327,42,1,0
BRDA:342,43,0,0
BRDA:342,43,1,4
BRDA:535,44,0,0
BRDA:535,44,1,4
BRDA:545,45,0,0
BRDA:545,45,1,4
BRDA:554,46,0,0
BRDA:554,46,1,0
BRDA:554,47,0,0
BRDA:554,47,1,0
BRDA:563,48,0,0
BRDA:563,48,1,4
BRDA:572,49,0,0
BRDA:572,49,1,0
BRDA:572,50,0,0
BRDA:572,50,1,0
BRDA:595,51,0,0
BRDA:595,51,1,0
BRDA:624,52,0,0
BRDA:624,52,1,0
BRDA:642,53,0,0
BRDA:642,53,1,0
BRDA:658,54,0,0
BRDA:658,54,1,0
BRDA:687,55,0,0
BRDA:687,55,1,0
BRDA:735,56,0,0
BRDA:736,57,0,0
BRDA:736,57,1,0
BRDA:760,58,0,0
BRDA:761,59,0,0
BRDA:761,59,1,0
BRDA:784,60,0,0
BRDA:785,61,0,0
BRDA:785,61,1,0
BRDA:810,62,0,0
BRDA:810,62,1,0
BRDA:811,63,0,0
BRDA:811,63,1,0
BRDA:825,64,0,17
BRDA:825,64,1,17
BRDA:825,65,0,17
BRDA:825,65,1,0
BRDA:826,66,0,17
BRDA:826,66,1,0
BRDA:829,67,0,17
BRDA:829,67,1,17
BRDA:829,68,0,17
BRDA:829,68,1,0
BRDA:833,69,0,17
BRDA:833,69,1,17
BRDA:834,70,0,17
BRDA:834,70,1,0
BRDA:836,71,0,17
BRDA:836,71,1,17
BRDA:836,72,0,17
BRDA:836,72,1,0
BRDA:837,73,0,17
BRDA:837,73,1,17
BRDA:839,74,0,0
BRDA:839,74,1,17
BRDA:841,75,0,17
BRDA:841,75,1,0
BRF:148
BRH:74
end_of_record
TN:
SF:src/services/DocumentationParser.ts
FN:60,(anonymous_9)
FN:68,(anonymous_10)
FN:110,(anonymous_11)
FN:136,(anonymous_12)
FN:161,(anonymous_13)
FN:186,(anonymous_14)
FN:209,(anonymous_15)
FN:221,(anonymous_16)
FN:239,(anonymous_17)
FN:248,(anonymous_18)
FN:262,(anonymous_19)
FN:275,(anonymous_20)
FN:287,(anonymous_21)
FN:302,(anonymous_22)
FN:314,(anonymous_23)
FN:340,(anonymous_24)
FN:342,(anonymous_25)
FN:343,(anonymous_26)
FN:352,(anonymous_27)
FN:355,(anonymous_28)
FN:371,(anonymous_29)
FN:373,(anonymous_30)
FN:374,(anonymous_31)
FN:383,(anonymous_32)
FN:398,(anonymous_33)
FN:422,(anonymous_34)
FN:434,(anonymous_35)
FN:447,(anonymous_36)
FN:492,(anonymous_37)
FN:493,(anonymous_38)
FN:496,(anonymous_39)
FN:527,(anonymous_40)
FN:553,(anonymous_41)
FN:584,(anonymous_42)
FN:600,(anonymous_43)
FN:625,(anonymous_44)
FN:633,(anonymous_45)
FN:651,(anonymous_46)
FN:672,(anonymous_47)
FN:679,(anonymous_48)
FN:697,(anonymous_49)
FN:704,(anonymous_50)
FN:715,(anonymous_51)
FNF:43
FNH:37
FNDA:5,(anonymous_9)
FNDA:4,(anonymous_10)
FNDA:6,(anonymous_11)
FNDA:1,(anonymous_12)
FNDA:0,(anonymous_13)
FNDA:0,(anonymous_14)
FNDA:6,(anonymous_15)
FNDA:8,(anonymous_16)
FNDA:21,(anonymous_17)
FNDA:2,(anonymous_18)
FNDA:8,(anonymous_19)
FNDA:5,(anonymous_20)
FNDA:8,(anonymous_21)
FNDA:19,(anonymous_22)
FNDA:15,(anonymous_23)
FNDA:6,(anonymous_24)
FNDA:38,(anonymous_25)
FNDA:16,(anonymous_26)
FNDA:6,(anonymous_27)
FNDA:38,(anonymous_28)
FNDA:6,(anonymous_29)
FNDA:38,(anonymous_30)
FNDA:4,(anonymous_31)
FNDA:0,(anonymous_32)
FNDA:0,(anonymous_33)
FNDA:0,(anonymous_34)
FNDA:11,(anonymous_35)
FNDA:2,(anonymous_36)
FNDA:2,(anonymous_37)
FNDA:2,(anonymous_38)
FNDA:2,(anonymous_39)
FNDA:2,(anonymous_40)
FNDA:2,(anonymous_41)
FNDA:8,(anonymous_42)
FNDA:2,(anonymous_43)
FNDA:2,(anonymous_44)
FNDA:3,(anonymous_45)
FNDA:3,(anonymous_46)
FNDA:0,(anonymous_47)
FNDA:4,(anonymous_48)
FNDA:5,(anonymous_49)
FNDA:4,(anonymous_50)
FNDA:3,(anonymous_51)
DA:6,5
DA:8,5
DA:9,5
DA:55,5
DA:58,5
DA:61,5
DA:62,5
DA:69,4
DA:70,4
DA:71,3
DA:75,3
DA:77,3
DA:78,3
DA:80,0
DA:81,0
DA:83,0
DA:84,0
DA:86,0
DA:87,0
DA:89,0
DA:93,3
DA:101,3
DA:103,1
DA:111,6
DA:112,6
DA:113,6
DA:114,6
DA:115,6
DA:116,6
DA:118,6
DA:137,1
DA:138,1
DA:139,1
DA:140,1
DA:141,1
DA:142,1
DA:144,1
DA:163,0
DA:164,0
DA:165,0
DA:166,0
DA:167,0
DA:168,0
DA:170,0
DA:188,0
DA:189,0
DA:190,0
DA:191,0
DA:192,0
DA:193,0
DA:195,0
DA:210,6
DA:211,6
DA:212,6
DA:215,0
DA:222,8
DA:233,8
DA:234,8
DA:236,8
DA:237,56
DA:238,56
DA:239,10
DA:240,21
DA:246,8
DA:247,8
DA:248,2
DA:249,2
DA:250,2
DA:251,2
DA:256,8
DA:263,8
DA:270,8
DA:272,8
DA:273,32
DA:274,32
DA:275,4
DA:276,5
DA:281,8
DA:288,8
DA:297,8
DA:299,8
DA:300,48
DA:301,48
DA:302,14
DA:303,19
DA:308,8
DA:315,15
DA:316,15
DA:318,15
DA:319,2
DA:321,13
DA:322,2
DA:324,11
DA:325,3
DA:327,8
DA:328,1
DA:330,7
DA:331,2
DA:334,5
DA:341,6
DA:342,38
DA:343,16
DA:353,6
DA:355,6
DA:356,38
DA:357,0
DA:359,38
DA:360,0
DA:364,6
DA:365,6
DA:372,6
DA:373,38
DA:374,4
DA:384,0
DA:385,0
DA:386,0
DA:388,0
DA:389,0
DA:392,0
DA:399,0
DA:401,0
DA:402,0
DA:403,0
DA:405,0
DA:406,0
DA:407,0
DA:408,0
DA:409,0
DA:410,0
DA:411,0
DA:416,0
DA:423,0
DA:424,0
DA:425,0
DA:428,0
DA:435,11
DA:436,11
DA:437,441
DA:438,441
DA:439,441
DA:441,11
DA:448,2
DA:455,2
DA:457,2
DA:459,2
DA:460,2
DA:462,2
DA:465,2
DA:468,2
DA:469,2
DA:472,2
DA:474,2
DA:476,0
DA:480,2
DA:483,0
DA:486,2
DA:493,4
DA:494,2
DA:496,2
DA:497,2
DA:498,2
DA:500,1
DA:501,2
DA:503,2
DA:505,0
DA:506,0
DA:508,2
DA:509,2
DA:510,2
DA:511,2
DA:516,1
DA:520,2
DA:521,2
DA:528,2
DA:530,2
DA:547,2
DA:554,2
DA:556,2
DA:557,2
DA:560,2
DA:561,2
DA:562,2
DA:573,2
DA:574,2
DA:578,2
DA:585,8
DA:587,8
DA:588,5
DA:590,3
DA:591,2
DA:594,1
DA:603,2
DA:604,2
DA:606,2
DA:618,2
DA:627,2
DA:638,3
DA:644,3
DA:646,3
DA:647,6
DA:650,6
DA:652,3
DA:653,1
DA:656,5
DA:657,1
DA:661,4
DA:662,4
DA:663,3
DA:672,3
DA:673,3
DA:680,4
DA:681,4
DA:682,4
DA:684,4
DA:687,4
DA:688,3
DA:692,4
DA:693,4
DA:696,4
DA:697,3
DA:698,5
DA:699,3
DA:703,4
DA:704,2
DA:705,4
DA:706,2
DA:709,4
DA:716,3
DA:717,3
DA:718,3
DA:720,3
DA:721,3
DA:722,3
DA:724,2
DA:725,2
DA:726,2
DA:727,2
DA:731,3
LF:238
LH:188
BRDA:75,0,0,3
BRDA:75,0,1,0
BRDA:75,0,2,0
BRDA:75,0,3,0
BRDA:75,0,4,0
BRDA:103,1,0,0
BRDA:103,1,1,1
BRDA:138,2,0,1
BRDA:138,2,1,0
BRDA:211,3,0,6
BRDA:211,3,1,0
BRDA:211,4,0,6
BRDA:211,4,1,6
BRDA:238,5,0,10
BRDA:238,5,1,46
BRDA:247,6,0,2
BRDA:247,6,1,6
BRDA:250,7,0,2
BRDA:250,7,1,0
BRDA:274,8,0,4
BRDA:274,8,1,28
BRDA:301,9,0,14
BRDA:301,9,1,34
BRDA:318,10,0,2
BRDA:318,10,1,13
BRDA:318,11,0,15
BRDA:318,11,1,14
BRDA:321,12,0,2
BRDA:321,12,1,11
BRDA:321,13,0,13
BRDA:321,13,1,11
BRDA:321,13,2,11
BRDA:324,14,0,3
BRDA:324,14,1,8
BRDA:324,15,0,11
BRDA:324,15,1,10
BRDA:324,15,2,8
BRDA:327,16,0,1
BRDA:327,16,1,7
BRDA:327,17,0,8
BRDA:327,17,1,8
BRDA:327,17,2,8
BRDA:330,18,0,2
BRDA:330,18,1,5
BRDA:330,19,0,7
BRDA:330,19,1,6
BRDA:330,19,2,6
BRDA:356,20,0,0
BRDA:356,20,1,38
BRDA:359,21,0,0
BRDA:359,21,1,38
BRDA:359,22,0,38
BRDA:359,22,1,0
BRDA:388,23,0,0
BRDA:388,23,1,0
BRDA:388,24,0,0
BRDA:388,24,1,0
BRDA:388,24,2,0
BRDA:388,24,3,0
BRDA:392,25,0,0
BRDA:392,25,1,0
BRDA:405,26,0,0
BRDA:405,26,1,0
BRDA:405,27,0,0
BRDA:405,27,1,0
BRDA:406,28,0,0
BRDA:406,28,1,0
BRDA:408,29,0,0
BRDA:408,29,1,0
BRDA:410,30,0,0
BRDA:410,30,1,0
BRDA:424,31,0,0
BRDA:424,31,1,0
BRDA:428,32,0,0
BRDA:428,32,1,0
BRDA:476,33,0,0
BRDA:476,33,1,0
BRDA:483,34,0,0
BRDA:483,34,1,0
BRDA:503,35,0,0
BRDA:503,35,1,2
BRDA:505,36,0,0
BRDA:505,36,1,0
BRDA:505,37,0,0
BRDA:505,37,1,0
BRDA:505,37,2,0
BRDA:508,38,0,2
BRDA:508,38,1,0
BRDA:510,39,0,2
BRDA:510,39,1,0
BRDA:561,40,0,2
BRDA:561,40,1,0
BRDA:587,41,0,5
BRDA:587,41,1,3
BRDA:587,42,0,8
BRDA:587,42,1,6
BRDA:587,42,2,5
BRDA:590,43,0,2
BRDA:590,43,1,1
BRDA:590,44,0,3
BRDA:590,44,1,2
BRDA:590,44,2,1
BRDA:633,45,0,0
BRDA:650,46,0,1
BRDA:650,46,1,5
BRDA:650,47,0,6
BRDA:650,47,1,2
BRDA:650,47,2,2
BRDA:656,48,0,1
BRDA:656,48,1,4
BRDA:656,49,0,5
BRDA:656,49,1,2
BRDA:662,50,0,3
BRDA:662,50,1,1
BRDA:673,51,0,3
BRDA:673,51,1,2
BRDA:687,52,0,3
BRDA:687,52,1,1
BRDA:692,53,0,4
BRDA:692,53,1,2
BRDA:696,54,0,3
BRDA:696,54,1,1
BRDA:696,55,0,4
BRDA:696,55,1,4
BRDA:703,56,0,2
BRDA:703,56,1,2
BRDA:703,57,0,4
BRDA:703,57,1,4
BRDA:722,58,0,2
BRDA:722,58,1,1
BRF:130
BRH:83
end_of_record
TN:
SF:src/services/FileWatcher.ts
FN:39,(anonymous_10)
FN:61,(anonymous_11)
FN:83,(anonymous_12)
FN:84,(anonymous_13)
FN:85,(anonymous_14)
FN:86,(anonymous_15)
FN:87,(anonymous_16)
FN:90,(anonymous_17)
FN:98,(anonymous_18)
FN:106,(anonymous_19)
FN:151,(anonymous_20)
FN:169,(anonymous_21)
FN:174,(anonymous_22)
FN:178,(anonymous_23)
FN:195,(anonymous_24)
FN:211,(anonymous_25)
FN:216,(anonymous_26)
FN:247,(anonymous_27)
FN:264,(anonymous_28)
FN:274,(anonymous_29)
FN:282,(anonymous_30)
FN:295,(anonymous_31)
FN:327,(anonymous_32)
FN:328,(anonymous_33)
FN:335,(anonymous_34)
FN:339,(anonymous_35)
FN:343,(anonymous_36)
FN:348,(anonymous_37)
FNF:28
FNH:19
FNDA:9,(anonymous_10)
FNDA:5,(anonymous_11)
FNDA:5,(anonymous_12)
FNDA:2,(anonymous_13)
FNDA:2,(anonymous_14)
FNDA:0,(anonymous_15)
FNDA:0,(anonymous_16)
FNDA:0,(anonymous_17)
FNDA:6,(anonymous_18)
FNDA:9,(anonymous_19)
FNDA:0,(anonymous_20)
FNDA:9,(anonymous_21)
FNDA:9,(anonymous_22)
FNDA:9,(anonymous_23)
FNDA:9,(anonymous_24)
FNDA:0,(anonymous_25)
FNDA:9,(anonymous_26)
FNDA:9,(anonymous_27)
FNDA:9,(anonymous_28)
FNDA:8,(anonymous_29)
FNDA:5,(anonymous_30)
FNDA:5,(anonymous_31)
FNDA:0,(anonymous_32)
FNDA:0,(anonymous_33)
FNDA:1,(anonymous_34)
FNDA:1,(anonymous_35)
FNDA:0,(anonymous_36)
FNDA:0,(anonymous_37)
DA:6,5
DA:7,5
DA:8,5
DA:9,5
DA:10,5
DA:32,5
DA:33,9
DA:35,9
DA:36,9
DA:37,9
DA:40,9
DA:42,9
DA:62,5
DA:63,0
DA:66,5
DA:69,5
DA:72,5
DA:83,5
DA:84,5
DA:85,5
DA:86,5
DA:87,5
DA:90,5
DA:91,0
DA:92,0
DA:95,5
DA:99,6
DA:100,5
DA:101,5
DA:102,5
DA:107,9
DA:108,9
DA:109,9
DA:111,9
DA:117,9
DA:118,7
DA:119,7
DA:126,7
DA:127,7
DA:128,7
DA:133,9
DA:134,9
DA:135,0
DA:139,9
DA:140,7
DA:141,2
DA:142,2
DA:145,9
DA:147,0
DA:152,0
DA:153,0
DA:155,0
DA:166,0
DA:170,9
DA:173,9
DA:174,9
DA:179,9
DA:180,1
DA:183,8
DA:185,8
DA:187,8
DA:188,8
DA:189,8
DA:192,8
[...]
FN:223,(anonymous_11)
FN:228,(anonymous_12)
FN:241,(anonymous_13)
FN:245,(anonymous_14)
FN:249,(anonymous_15)
FN:253,(anonymous_16)
FN:273,(anonymous_17)
FN:275,(anonymous_18)
FN:276,(anonymous_19)
FN:281,(anonymous_20)
FN:283,(anonymous_21)
FN:298,(anonymous_22)
FN:303,(anonymous_23)
FN:308,(anonymous_24)
FN:310,(anonymous_25)
FN:313,(anonymous_26)
FN:315,(anonymous_27)
FN:319,(anonymous_28)
FN:321,(anonymous_29)
FN:326,(anonymous_30)
FN:327,(anonymous_31)
FN:342,(anonymous_32)
FN:365,(anonymous_33)
FN:383,(anonymous_34)
FN:387,(anonymous_35)
FN:391,(anonymous_36)
FN:395,(anonymous_37)
FN:399,(anonymous_38)
FN:403,(anonymous_39)
FN:423,(anonymous_40)
FN:427,(anonymous_41)
FN:428,(anonymous_42)
FN:431,(anonymous_43)
FN:448,(anonymous_44)
FN:459,(anonymous_45)
FN:464,(anonymous_46)
FNF:47
FNH:33
FNDA:1,(anonymous_0)
FNDA:1,(anonymous_1)
FNDA:1,(anonymous_2)
FNDA:0,(anonymous_3)
FNDA:1,(anonymous_4)
FNDA:39,(anonymous_5)
FNDA:19,(anonymous_6)
FNDA:18,(anonymous_7)
FNDA:3,(anonymous_8)
FNDA:0,(anonymous_9)
FNDA:37,(anonymous_10)
FNDA:114,(anonymous_11)
FNDA:19,(anonymous_12)
FNDA:8,(anonymous_13)
FNDA:4,(anonymous_14)
FNDA:6,(anonymous_15)
FNDA:22,(anonymous_16)
FNDA:6,(anonymous_17)
FNDA:22,(anonymous_18)
FNDA:4,(anonymous_19)
FNDA:6,(anonymous_20)
FNDA:17,(anonymous_21)
FNDA:6,(anonymous_22)
FNDA:6,(anonymous_23)
FNDA:0,(anonymous_24)
FNDA:0,(anonymous_25)
FNDA:0,(anonymous_26)
FNDA:0,(anonymous_27)
FNDA:5,(anonymous_28)
FNDA:0,(anonymous_29)
FNDA:1,(anonymous_30)
FNDA:1,(anonymous_31)
FNDA:18,(anonymous_32)
FNDA:0,(anonymous_33)
FNDA:40,(anonymous_34)
FNDA:19,(anonymous_35)
FNDA:18,(anonymous_36)
FNDA:3,(anonymous_37)
FNDA:18,(anonymous_38)
FNDA:98,(anonymous_39)
FNDA:7,(anonymous_40)
FNDA:0,(anonymous_41)
FNDA:0,(anonymous_42)
FNDA:0,(anonymous_43)
FNDA:0,(anonymous_44)
FNDA:0,(anonymous_45)
FNDA:0,(anonymous_46)
DA:6,1
DA:57,1
DA:58,1
DA:61,1
DA:62,1
DA:66,1
DA:68,1
DA:79,1
DA:88,1
DA:89,1
DA:93,1
DA:94,1
DA:95,1
DA:96,1
DA:97,1
DA:102,1
DA:103,0
DA:108,1
DA:109,1
DA:110,1
DA:115,39
DA:116,39
DA:118,39
DA:123,39
DA:127,19
DA:128,19
DA:129,19
DA:130,19
DA:131,19
DA:134,19
DA:135,19
DA:137,19
DA:144,19
DA:149,18
DA:150,18
DA:151,18
DA:152,18
DA:153,18
DA:155,18
DA:157,18
DA:164,18
DA:170,18
DA:175,3
DA:176,3
DA:182,3
DA:186,0
DA:194,0
DA:195,0
DA:204,37
DA:208,37
DA:209,37
DA:212,37
DA:214,37
DA:218,37
DA:221,37
DA:222,37
DA:223,114
DA:225,37
DA:230,19
DA:234,19
DA:235,19
DA:236,19
DA:237,19
DA:238,19
DA:242,8
DA:246,4
DA:250,6
DA:251,6
DA:252,6
DA:253,22
DA:255,6
DA:257,6
DA:258,1
DA:259,5
DA:260,1
DA:263,6
DA:274,6
DA:275,22
DA:276,4
DA:278,6
DA:282,6
DA:283,17
DA:286,6
DA:287,6
DA:288,16
DA:289,13
DA:291,3
DA:295,6
DA:300,6
DA:305,6
DA:309,0
DA:310,0
DA:314,0
DA:315,0
DA:320,5
DA:321,0
DA:323,5
DA:327,1
DA:328,1
DA:329,1
DA:330,1
DA:332,1
DA:337,1
DA:339,0
DA:343,18
DA:350,18
DA:353,18
DA:354,0
DA:357,18
DA:362,18
DA:366,0
DA:368,0
DA:369,0
DA:373,0
DA:374,0
DA:380,0
DA:404,98
DA:412,98
DA:415,98
DA:416,0
DA:420,98
DA:424,7
DA:428,0
DA:438,0
DA:449,0
DA:452,0
DA:453,0
DA:454,0
DA:459,0
DA:460,0
DA:464,0
LF:131
LH:104
BRDA:108,0,0,1
BRDA:108,0,1,0
BRDA:128,1,0,19
BRDA:128,1,1,0
BRDA:150,2,0,18
BRDA:150,2,1,0
BRDA:175,3,0,3
BRDA:175,3,1,0
BRDA:194,4,0,0
BRDA:194,4,1,0
BRDA:204,5,0,37
BRDA:204,5,1,0
BRDA:223,6,0,114
BRDA:223,6,1,114
BRDA:253,7,0,22
BRDA:253,7,1,19
BRDA:257,8,0,1
BRDA:257,8,1,5
BRDA:259,9,0,1
BRDA:259,9,1,4
BRDA:259,10,0,5
BRDA:259,10,1,4
BRDA:275,11,0,22
BRDA:275,11,1,19
BRDA:278,12,0,2
BRDA:278,12,1,4
BRDA:288,13,0,13
BRDA:288,13,1,3
BRDA:310,14,0,0
BRDA:310,14,1,0
BRDA:313,15,0,0
BRDA:319,16,0,5
BRDA:320,17,0,0
BRDA:320,17,1,5
BRDA:328,18,0,1
BRDA:328,18,1,0
BRDA:328,19,0,1
BRDA:328,19,1,1
BRDA:332,20,0,1
BRDA:332,20,1,0
BRDA:353,21,0,0
BRDA:353,21,1,18
BRDA:357,22,0,18
BRDA:357,22,1,0
BRDA:368,23,0,0
BRDA:368,23,1,0
BRDA:373,24,0,0
BRDA:373,24,1,0
BRDA:415,25,0,0
BRDA:415,25,1,98
BRDA:423,26,0,7
BRDA:448,27,0,0
BRDA:453,28,0,0
BRDA:453,28,1,0
BRDA:453,29,0,0
BRDA:453,29,1,0
BRDA:460,30,0,0
BRDA:460,30,1,0
BRF:58
BRH:31
end_of_record
TN:
SF:src/services/TestEngine.ts
FN:80,(anonymous_9)
FN:90,(anonymous_10)
FN:98,(anonymous_11)
FN:123,(anonymous_12)
FN:169,(anonymous_13)
FN:209,(anonymous_14)
FN:237,(anonymous_15)
FN:239,(anonymous_16)
FN:248,(anonymous_17)
FN:278,(anonymous_18)
FN:290,(anonymous_19)
FN:303,(anonymous_20)
FN:308,(anonymous_21)
FN:310,(anonymous_22)
FN:310,(anonymous_23)
FN:311,(anonymous_24)
FN:311,(anonymous_25)
FN:312,(anonymous_26)
FN:312,(anonymous_27)
FN:316,(anonymous_28)
FN:327,(anonymous_29)
FN:345,(anonymous_30)
FN:378,(anonymous_31)
FN:379,(anonymous_32)
FN:380,(anonymous_33)
FN:381,(anonymous_34)
FN:385,(anonymous_35)
FN:391,(anonymous_36)
FN:392,(anonymous_37)
FN:417,(anonymous_38)
FN:418,(anonymous_39)
FN:419,(anonymous_40)
FN:420,(anonymous_41)
FN:438,(anonymous_42)
FN:444,(anonymous_43)
FN:469,(anonymous_44)
FN:470,(anonymous_45)
FN:471,(anonymous_46)
FN:472,(anonymous_47)
FN:490,(anonymous_48)
FN:496,(anonymous_49)
FN:519,(anonymous_50)
FN:520,(anonymous_51)
FN:521,(anonymous_52)
FN:522,(anonymous_53)
FN:542,(anonymous_54)
FN:551,(anonymous_55)
FN:560,(anonymous_56)
FN:567,(anonymous_57)
FN:573,(anonymous_58)
FN:580,(anonymous_59)
FN:592,(anonymous_60)
FN:603,(anonymous_61)
FN:607,(anonymous_62)
FN:608,(anonymous_63)
FN:610,(anonymous_64)
FN:614,(anonymous_65)
FN:637,(anonymous_66)
FN:651,(anonymous_67)
FN:663,(anonymous_68)
FN:676,(anonymous_69)
FN:677,(anonymous_70)
FN:678,(anonymous_71)
FN:679,(anonymous_72)
FN:683,(anonymous_73)
FN:691,(anonymous_74)
FN:709,(anonymous_75)
FN:714,(anonymous_76)
FN:720,(anonymous_77)
FN:721,(anonymous_78)
FN:730,(anonymous_79)
FN:736,(anonymous_80)
FN:737,(anonymous_81)
FN:738,(anonymous_82)
FN:739,(anonymous_83)
FN:743,(anonymous_84)
FN:746,(anonymous_85)
FN:751,(anonymous_86)
FNF:78
FNH:1
FNDA:5,(anonymous_9)
FNDA:0,(anonymous_10)
FNDA:0,(anonymous_11)
FNDA:0,(anonymous_12)
FNDA:0,(anonymous_13)
FNDA:0,(anonymous_14)
FNDA:0,(anonymous_15)
FNDA:0,(anonymous_16)
FNDA:0,(anonymous_17)
FNDA:0,(anonymous_18)
FNDA:0,(anonymous_19)
FNDA:0,(anonymous_20)
FNDA:0,(anonymous_21)
FNDA:0,(anonymous_22)
FNDA:0,(anonymous_23)
FNDA:0,(anonymous_24)
FNDA:0,(anonymous_25)
FNDA:0,(anonymous_26)
FNDA:0,(anonymous_27)
FNDA:0,(anonymous_28)
FNDA:0,(anonymous_29)
FNDA:0,(anonymous_30)
FNDA:0,(anonymous_31)
FNDA:0,(anonymous_32)
FNDA:0,(anonymous_33)
FNDA:0,(anonymous_34)
FNDA:0,(anonymous_35)
FNDA:0,(anonymous_36)
FNDA:0,(anonymous_37)
FNDA:0,(anonymous_38)
FNDA:0,(anonymous_39)
FNDA:0,(anonymous_40)
FNDA:0,(anonymous_41)
FNDA:0,(anonymous_42)
FNDA:0,(anonymous_43)
FNDA:0,(anonymous_44)
FNDA:0,(anonymous_45)
FNDA:0,(anonymous_46)
FNDA:0,(anonymous_47)
FNDA:0,(anonymous_48)
FNDA:0,(anonymous_49)
FNDA:0,(anonymous_50)
FNDA:0,(anonymous_51)
FNDA:0,(anonymous_52)
FNDA:0,(anonymous_53)
FNDA:0,(anonymous_54)
FNDA:0,(anonymous_55)
FNDA:0,(anonymous_56)
FNDA:0,(anonymous_57)
FNDA:0,(anonymous_58)
FNDA:0,(anonymous_59)
FNDA:0,(anonymous_60)
FNDA:0,(anonymous_61)
FNDA:0,(anonymous_62)
FNDA:0,(anonymous_63)
FNDA:0,(anonymous_64)
FNDA:0,(anonymous_65)
FNDA:0,(anonymous_66)
FNDA:0,(anonymous_67)
FNDA:0,(anonymous_68)
FNDA:0,(anonymous_69)
FNDA:0,(anonymous_70)
FNDA:0,(anonymous_71)
FNDA:0,(anonymous_72)
FNDA:0,(anonymous_73)
FNDA:0,(anonymous_74)
FNDA:0,(anonymous_75)
FNDA:0,(anonymous_76)
FNDA:0,(anonymous_77)
FNDA:0,(anonymous_78)
FNDA:0,(anonymous_79)
FNDA:0,(anonymous_80)
FNDA:0,(anonymous_81)
FNDA:0,(anonymous_82)
FNDA:0,(anonymous_83)
FNDA:0,(anonymous_84)
FNDA:0,(anonymous_85)
FNDA:0,(anonymous_86)
DA:9,4
DA:11,4
DA:12,4
DA:77,4
DA:81,5
DA:82,5
DA:84,5
DA:91,0
DA:92,0
DA:99,0
DA:101,0
DA:104,0
DA:105,0
DA:109,0
DA:112,0
DA:115,0
DA:116,0
DA:125,0
DA:127,0
DA:128,0
DA:132,0
DA:148,0
DA:149,0
DA:150,0
DA:151,0
DA:154,0
DA:157,0
DA:158,0
DA:159,0
DA:163,0
DA:171,0
DA:174,0
DA:176,0
DA:203,0
DA:210,0
DA:213,0
DA:214,0
DA:215,0
DA:216,0
DA:218,0
DA:221,0
DA:222,0
DA:223,0
DA:224,0
DA:229,0
DA:231,0
DA:238,0
DA:239,0
DA:240,0
DA:241,0
DA:244,0
DA:247,0
DA:248,0
DA:249,0
DA:250,0
DA:253,0
DA:254,0
DA:257,0
DA:258,0
DA:260,0
DA:262,0
DA:279,0
DA:280,0
DA:281,0
DA:284,0
DA:291,0
DA:292,0
DA:293,0
DA:297,0
DA:302,0
DA:303,0
DA:306,0
DA:308,0
DA:310,0
DA:311,0
DA:312,0
DA:316,0
DA:328,0
DA:330,0
DA:332,0
DA:334,0
DA:336,0
DA:338,0
DA:340,0
DA:348,0
DA:351,0
DA:354,0
DA:355,0
DA:357,0
DA:372,0
DA:378,0
DA:379,0
DA:380,0
DA:381,0
DA:386,0
DA:387,0
DA:388,0
DA:390,0
DA:391,0
DA:392,0
DA:393,0
DA:411,0
DA:417,0
DA:418,0
DA:419,0
DA:420,0
DA:423,0
DA:424,0
DA:439,0
DA:440,0
DA:441,0
DA:443,0
DA:444,0
DA:445,0
DA:463,0
DA:469,0
DA:470,0
DA:471,0
DA:472,0
DA:475,0
DA:476,0
DA:491,0
DA:492,0
DA:493,0
DA:495,0
DA:496,0
DA:497,0
DA:513,0
DA:519,0
DA:520,0
DA:521,0
DA:522,0
DA:525,0
DA:526,0
DA:543,0
DA:544,0
DA:545,0
DA:547,0
DA:552,0
DA:553,0
DA:554,0
DA:555,0
DA:556,0
DA:561,0
DA:562,0
DA:563,0
DA:564,0
DA:570,0
DA:574,0
DA:575,0
DA:576,0
DA:577,0
DA:581,0
DA:582,0
DA:584,0
DA:585,0
DA:586,0
DA:587,0
DA:589,0
DA:594,0
DA:595,0
DA:596,0
DA:597,0
DA:598,0
DA:600,0
DA:604,0
DA:605,0
DA:607,0
DA:608,0
DA:610,0
DA:611,0
DA:614,0
DA:615,0
DA:616,0
DA:619,0
DA:622,0
DA:629,0
DA:632,0
DA:633,0
DA:639,0
DA:653,0
DA:654,0
DA:655,0
DA:656,0
DA:657,0
DA:658,0
DA:664,0
DA:666,0
DA:667,0
DA:668,0
DA:669,0
DA:673,0
DA:677,0
DA:678,0
DA:679,0
DA:680,0
DA:685,0
DA:692,0
DA:694,0
DA:695,0
DA:696,0
DA:699,0
DA:700,0
DA:701,0
DA:704,0
DA:706,0
DA:711,0
DA:715,0
DA:717,0
DA:718,0
DA:720,0
DA:721,0
DA:723,0
DA:725,0
DA:726,0
DA:727,0
DA:731,0
DA:732,0
DA:735,0
DA:736,0
DA:737,0
DA:738,0
DA:739,0
DA:744,0
DA:746,0
DA:747,0
DA:750,0
DA:751,0
DA:752,0
DA:754,0
LF:230
LH:7
BRDA:116,0,0,0
BRDA:116,0,1,0
BRDA:127,1,0,0
BRDA:127,1,1,0
BRDA:157,2,0,0
BRDA:157,2,1,0
BRDA:187,3,0,0
BRDA:187,3,1,0
BRDA:215,4,0,0
BRDA:215,4,1,0
BRDA:223,5,0,0
BRDA:223,5,1,0
BRDA:264,6,0,0
BRDA:264,6,1,0
BRDA:280,7,0,0
BRDA:280,7,1,0
BRDA:292,8,0,0
BRDA:292,8,1,0
BRDA:330,9,0,0
BRDA:330,9,1,0
BRDA:330,9,2,0
BRDA:330,9,3,0
BRDA:330,9,4,0
BRDA:390,10,0,0
BRDA:390,10,1,0
BRDA:397,11,0,0
BRDA:397,11,1,0
BRDA:398,12,0,0
BRDA:398,12,1,0
BRDA:399,13,0,0
BRDA:399,13,1,0
BRDA:443,14,0,0
BRDA:443,14,1,0
BRDA:443,15,0,0
BRDA:443,15,1,0
BRDA:447,16,0,0
BRDA:447,16,1,0
BRDA:449,17,0,0
BRDA:449,17,1,0
BRDA:450,18,0,0
BRDA:450,18,1,0
BRDA:451,19,0,0
BRDA:451,19,1,0
BRDA:452,20,0,0
BRDA:452,20,1,0
BRDA:495,21,0,0
BRDA:495,21,1,0
BRDA:499,22,0,0
BRDA:499,22,1,0
BRDA:501,23,0,0
BRDA:501,23,1,0
BRDA:502,24,0,0
BRDA:502,24,1,0
BRDA:545,25,0,0
BRDA:545,25,1,0
BRDA:545,26,0,0
BRDA:545,26,1,0
BRDA:552,27,0,0
BRDA:552,27,1,0
BRDA:552,27,2,0
BRDA:552,27,3,0
BRDA:562,28,0,0
BRDA:562,28,1,0
BRDA:562,29,0,0
BRDA:562,29,1,0
BRDA:563,30,0,0
BRDA:563,30,1,0
BRDA:563,31,0,0
BRDA:563,31,1,0
BRDA:574,32,0,0
BRDA:574,32,1,0
BRDA:575,33,0,0
BRDA:575,33,1,0
BRDA:576,34,0,0
BRDA:576,34,1,0
BRDA:584,35,0,0
BRDA:584,35,1,0
BRDA:585,36,0,0
BRDA:585,36,1,0
BRDA:586,37,0,0
BRDA:586,37,1,0
BRDA:587,38,0,0
BRDA:587,38,1,0
BRDA:605,39,0,0
BRDA:605,39,1,0
BRDA:616,40,0,0
BRDA:616,40,1,0
BRDA:632,41,0,0
BRDA:632,41,1,0
BRDA:655,42,0,0
BRDA:655,42,1,0
BRDA:664,43,0,0
BRDA:664,43,1,0
BRDA:668,44,0,0
BRDA:668,44,1,0
BRDA:694,45,0,0
BRDA:694,45,1,0
BRDA:699,46,0,0
BRDA:699,46,1,0
BRDA:715,47,0,0
BRDA:715,47,1,0
BRDA:725,48,0,0
BRDA:725,48,1,0
BRDA:726,49,0,0
BRDA:726,49,1,0
BRDA:731,50,0,0
BRDA:731,50,1,0
BRDA:744,51,0,0
BRDA:744,51,1,0
BRF:109
BRH:0
end_of_record
TN:
SF:src/services/TestResultParser.ts
FN:52,(anonymous_9)
FN:60,(anonymous_10)
FN:82,(anonymous_11)
FN:169,(anonymous_12)
FN:225,(anonymous_13)
FN:240,(anonymous_14)
FN:250,(anonymous_15)
FN:304,(anonymous_16)
FN:319,(anonymous_17)
FN:327,(anonymous_18)
FN:337,(anonymous_19)
FN:387,(anonymous_20)
FN:402,(anonymous_21)
FN:412,(anonymous_22)
FN:470,(anonymous_23)
FN:484,(anonymous_24)
FN:494,(anonymous_25)
FN:498,(anonymous_26)
FN:532,(anonymous_27)
FN:546,(anonymous_28)
FNF:20
FNH:0
FNDA:0,(anonymous_9)
FNDA:0,(anonymous_10)
FNDA:0,(anonymous_11)
FNDA:0,(anonymous_12)
FNDA:0,(anonymous_13)
FNDA:0,(anonymous_14)
FNDA:0,(anonymous_15)
FNDA:0,(anonymous_16)
FNDA:0,(anonymous_17)
FNDA:0,(anonymous_18)
FNDA:0,(anonymous_19)
FNDA:0,(anonymous_20)
FNDA:0,(anonymous_21)
FNDA:0,(anonymous_22)
FNDA:0,(anonymous_23)
FNDA:0,(anonymous_24)
FNDA:0,(anonymous_25)
FNDA:0,(anonymous_26)
FNDA:0,(anonymous_27)
FNDA:0,(anonymous_28)
DA:7,4
DA:48,4
DA:53,0
DA:54,0
DA:61,0
DA:63,0
DA:65,0
DA:67,0
DA:69,0
DA:71,0
DA:73,0
DA:75,0
DA:86,0
DA:87,0
DA:88,0
DA:91,0
DA:92,0
DA:93,0
DA:95,0
DA:108,0
DA:109,0
DA:110,0
DA:112,0
DA:121,0
DA:122,0
DA:123,0
DA:124,0
DA:125,0
DA:130,0
DA:131,0
DA:132,0
DA:133,0
DA:134,0
DA:139,0
DA:140,0
DA:143,0
DA:146,0
DA:148,0
DA:149,0
DA:151,0
DA:152,0
DA:154,0
DA:155,0
DA:159,0
DA:163,0
DA:170,0
DA:172,0
DA:173,0
DA:174,0
DA:175,0
DA:176,0
DA:177,0
DA:179,0
DA:180,0
DA:181,0
DA:183,0
DA:184,0
DA:192,0
DA:193,0
DA:194,0
DA:197,0
DA:198,0
DA:199,0
DA:201,0
DA:203,0
DA:204,0
DA:206,0
DA:207,0
DA:209,0
DA:210,0
DA:216,0
DA:225,0
DA:241,0
DA:243,0
DA:244,0
DA:245,0
DA:246,0
DA:247,0
DA:248,0
DA:250,0
DA:251,0
DA:253,0
DA:254,0
DA:262,0
DA:263,0
DA:264,0
DA:267,0
DA:268,0
DA:269,0
DA:271,0
DA:273,0
DA:274,0
DA:276,0
DA:277,0
DA:279,0
DA:280,0
DA:284,0
DA:285,0
DA:289,0
DA:290,0
DA:291,0
DA:295,0
DA:304,0
DA:321,0
DA:328,0
DA:330,0
DA:331,0
DA:332,0
DA:333,0
DA:334,0
DA:335,0
DA:337,0
DA:338,0
DA:339,0
DA:340,0
DA:348,0
DA:349,0
DA:350,0
DA:353,0
DA:354,0
DA:355,0
DA:357,0
DA:359,0
DA:360,0
DA:362,0
DA:363,0
DA:365,0
DA:366,0
DA:372,0
DA:373,0
DA:374,0
DA:378,0
DA:387,0
DA:403,0
DA:405,0
DA:406,0
DA:407,0
DA:408,0
DA:409,0
DA:410,0
DA:412,0
DA:413,0
DA:415,0
DA:416,0
DA:417,0
DA:418,0
DA:426,0
DA:427,0
DA:428,0
DA:431,0
DA:432,0
DA:433,0
DA:435,0
DA:437,0
DA:438,0
DA:440,0
DA:441,0
DA:443,0
DA:444,0
DA:450,0
DA:451,0
DA:455,0
DA:456,0
DA:457,0
DA:461,0
DA:470,0
DA:485,0
DA:486,0
DA:488,0
DA:489,0
DA:491,0
DA:495,0
DA:499,0
DA:500,0
DA:503,0
DA:504,0
DA:508,0
DA:520,0
DA:521,0
DA:522,0
DA:523,0
DA:524,0
DA:525,0
DA:526,0
DA:529,0
DA:533,0
DA:535,0
DA:537,0
DA:540,0
DA:542,0
DA:547,0
DA:549,0
DA:551,0
DA:554,0
DA:556,0
DA:558,0
LF:196
LH:2
BRDA:61,0,0,0
BRDA:61,0,1,0
BRDA:61,0,2,0
BRDA:61,0,3,0
BRDA:61,0,4,0
BRDA:61,0,5,0
BRDA:61,0,6,0
BRDA:96,1,0,0
BRDA:96,1,1,0
BRDA:97,2,0,0
BRDA:97,2,1,0
BRDA:99,3,0,0
BRDA:99,3,1,0
BRDA:103,4,0,0
BRDA:103,4,1,0
BRDA:115,5,0,0
BRDA:115,5,1,0
BRDA:116,6,0,0
BRDA:116,6,1,0
BRDA:121,7,0,0
BRDA:121,7,1,0
BRDA:124,8,0,0
BRDA:124,8,1,0
BRDA:130,9,0,0
BRDA:130,9,1,0
BRDA:133,10,0,0
BRDA:133,10,1,0
BRDA:139,11,0,0
BRDA:139,11,1,0
BRDA:146,12,0,0
BRDA:146,12,1,0
BRDA:146,12,2,0
BRDA:179,13,0,0
BRDA:179,13,1,0
BRDA:181,14,0,0
BRDA:181,14,1,0
BRDA:183,15,0,0
BRDA:183,15,1,0
BRDA:189,16,0,0
BRDA:189,16,1,0
BRDA:192,17,0,0
BRDA:192,17,1,0
BRDA:192,18,0,0
BRDA:192,18,1,0
BRDA:201,19,0,0
BRDA:201,19,1,0
BRDA:201,19,2,0
BRDA:217,20,0,0
BRDA:217,20,1,0
BRDA:250,21,0,0
BRDA:251,22,0,0
BRDA:251,22,1,0
BRDA:253,23,0,0
BRDA:253,23,1,0
BRDA:258,24,0,0
BRDA:258,24,1,0
BRDA:258,25,0,0
BRDA:258,25,1,0
BRDA:259,26,0,0
BRDA:259,26,1,0
BRDA:262,27,0,0
BRDA:262,27,1,0
BRDA:271,28,0,0
BRDA:271,28,1,0
BRDA:271,28,2,0
BRDA:284,29,0,0
BRDA:284,29,1,0
BRDA:289,30,0,0
BRDA:289,30,1,0
BRDA:296,31,0,0
BRDA:296,31,1,0
BRDA:297,32,0,0
BRDA:297,32,1,0
BRDA:303,33,0,0
BRDA:303,33,1,0
BRDA:338,34,0,0
BRDA:338,34,1,0
BRDA:339,35,0,0
BRDA:339,35,1,0
BRDA:344,36,0,0
BRDA:344,36,1,0
BRDA:344,37,0,0
BRDA:344,37,1,0
BRDA:345,38,0,0
BRDA:345,38,1,0
BRDA:348,39,0,0
BRDA:348,39,1,0
BRDA:357,40,0,0
BRDA:357,40,1,0
BRDA:357,40,2,0
BRDA:372,41,0,0
BRDA:372,41,1,0
BRDA:379,42,0,0
BRDA:379,42,1,0
BRDA:413,43,0,0
BRDA:413,43,1,0
BRDA:415,44,0,0
BRDA:415,44,1,0
BRDA:416,45,0,0
BRDA:416,45,1,0
BRDA:417,46,0,0
BRDA:417,46,1,0
BRDA:423,47,0,0
BRDA:423,47,1,0
BRDA:426,48,0,0
BRDA:426,48,1,0
BRDA:435,49,0,0
BRDA:435,49,1,0
BRDA:435,49,2,0
BRDA:450,50,0,0
BRDA:450,50,1,0
BRDA:455,51,0,0
BRDA:455,51,1,0
BRDA:462,52,0,0
BRDA:462,52,1,0
BRDA:499,53,0,0
BRDA:499,53,1,0
BRDA:503,54,0,0
BRDA:503,54,1,0
BRDA:533,55,0,0
BRDA:533,55,1,0
BRDA:533,55,2,0
BRDA:533,55,3,0
BRDA:533,55,4,0
BRDA:547,56,0,0
BRDA:547,56,1,0
BRDA:547,56,2,0
BRDA:547,56,3,0
BRDA:547,56,4,0
BRDA:547,56,5,0
BRF:130
BRH:0
end_of_record
TN:
SF:src/utils/embedding.ts
FN:42,(anonymous_1)
FN:63,(anonymous_2)
FN:96,(anonymous_3)
FN:132,(anonymous_4)
FN:140,(anonymous_5)
FN:161,(anonymous_6)
FN:171,(anonymous_7)
FN:208,(anonymous_8)
FN:216,(anonymous_9)
FN:247,(anonymous_10)
FN:264,(anonymous_11)
FN:277,(anonymous_12)
FN:280,(anonymous_13)
FN:301,(anonymous_14)
FN:327,(anonymous_15)
FN:334,(anonymous_16)
FN:341,(anonymous_17)
FN:353,(anonymous_18)
FN:363,(anonymous_19)
FN:376,(anonymous_20)
FN:377,(anonymous_21)
FN:383,(anonymous_22)
FN:408,(anonymous_23)
FN:415,(anonymous_24)
FN:443,(anonymous_25)
FNF:25
FNH:7
FNDA:9,(anonymous_1)
FNDA:41,(anonymous_2)
FNDA:0,(anonymous_3)
FNDA:0,(anonymous_4)
FNDA:0,(anonymous_5)
FNDA:0,(anonymous_6)
FNDA:0,(anonymous_7)
FNDA:0,(anonymous_8)
FNDA:0,(anonymous_9)
FNDA:0,(anonymous_10)
FNDA:0,(anonymous_11)
FNDA:41,(anonymous_12)
FNDA:62976,(anonymous_13)
FNDA:41,(anonymous_14)
FNDA:0,(anonymous_15)
FNDA:0,(anonymous_16)
FNDA:0,(anonymous_17)
FNDA:41,(anonymous_18)
FNDA:82,(anonymous_19)
FNDA:0,(anonymous_20)
FNDA:0,(anonymous_21)
FNDA:0,(anonymous_22)
FNDA:0,(anonymous_23)
FNDA:0,(anonymous_24)
FNDA:0,(anonymous_25)
DA:6,9
DA:36,9
DA:38,9
DA:39,9
DA:40,9
DA:43,9
DA:53,9
DA:54,0
DA:65,41
DA:66,41
DA:67,0
DA:68,0
DA:72,41
DA:73,0
DA:76,41
DA:78,41
DA:81,0
DA:82,0
DA:84,0
DA:85,0
DA:87,0
DA:89,0
DA:99,0
DA:100,0
DA:101,0
DA:102,0
DA:105,0
DA:106,0
DA:107,0
DA:109,0
DA:110,0
DA:111,0
DA:114,0
DA:115,0
DA:119,0
DA:121,0
DA:135,0
DA:136,0
DA:137,0
DA:140,0
DA:141,0
DA:142,0
DA:143,0
DA:144,0
DA:145,0
DA:147,0
DA:150,0
DA:151,0
DA:155,0
DA:156,0
DA:157,0
DA:158,0
DA:161,0
DA:162,0
DA:165,0
DA:175,0
DA:176,0
DA:179,0
DA:180,0
DA:186,0
DA:187,0
DA:189,0
DA:200,0
DA:201,0
DA:211,0
DA:212,0
DA:215,0
DA:216,0
DA:218,0
DA:224,0
DA:225,0
DA:227,0
DA:228,0
DA:229,0
DA:231,0
DA:244,0
DA:245,0
DA:247,0
DA:251,0
DA:252,0
DA:254,0
DA:256,0
DA:257,0
DA:265,0
DA:271,0
DA:279,41
DA:280,41
DA:282,62976
DA:283,62976
DA:286,41
DA:302,41
DA:304,19
DA:305,19
DA:306,6
DA:307,13
DA:308,1
DA:310,12
DA:313,22
DA:314,22
DA:317,0
DA:320,0
DA:328,0
DA:335,0
DA:343,0
DA:354,41
DA:355,0
DA:357,41
DA:364,82
DA:365,82
DA:366,7776
DA:367,7776
DA:368,7776
DA:370,82
DA:377,0
DA:389,0
DA:390,0
DA:391,0
DA:393,0
DA:395,0
DA:396,0
DA:397,0
DA:402,0
DA:409,0
DA:416,0
DA:418,0
DA:419,0
DA:422,0
DA:423,0
DA:426,0
DA:427,0
DA:430,0
DA:431,0
DA:434,0
DA:450,0
DA:461,9
LF:135
LH:35
BRDA:42,0,0,9
BRDA:44,1,0,9
BRDA:44,1,1,9
BRDA:44,1,2,9
BRDA:45,2,0,9
BRDA:45,2,1,9
BRDA:46,3,0,9
BRDA:46,3,1,9
BRDA:47,4,0,9
BRDA:47,4,1,9
BRDA:48,5,0,9
BRDA:48,5,1,9
BRDA:49,6,0,9
BRDA:49,6,1,9
BRDA:53,7,0,0
BRDA:53,7,1,9
BRDA:66,8,0,0
BRDA:66,8,1,41
BRDA:72,9,0,0
BRDA:72,9,1,41
BRDA:72,10,0,41
BRDA:72,10,1,41
BRDA:76,11,0,41
BRDA:76,11,1,0
BRDA:114,12,0,0
BRDA:114,12,1,0
BRDA:143,13,0,0
BRDA:143,13,1,0
BRDA:150,14,0,0
BRDA:150,14,1,0
BRDA:175,15,0,0
BRDA:175,15,1,0
BRDA:201,16,0,0
BRDA:201,16,1,0
BRDA:211,17,0,0
BRDA:211,17,1,0
BRDA:244,18,0,0
BRDA:244,18,1,0
BRDA:247,19,0,0
BRDA:247,19,1,0
BRDA:257,20,0,0
BRDA:257,20,1,0
BRDA:271,21,0,0
BRDA:271,21,1,0
BRDA:302,22,0,19
BRDA:302,22,1,22
BRDA:302,22,2,0
BRDA:302,22,3,0
BRDA:305,23,0,6
BRDA:305,23,1,13
BRDA:306,24,0,6
BRDA:306,24,1,0
BRDA:306,25,0,6
BRDA:306,25,1,0
BRDA:306,26,0,6
BRDA:306,26,1,6
BRDA:307,27,0,1
BRDA:307,27,1,12
BRDA:308,28,0,1
BRDA:308,28,1,0
BRDA:308,29,0,1
BRDA:308,29,1,0
BRDA:308,30,0,1
BRDA:308,30,1,1
BRDA:310,31,0,12
BRDA:310,31,1,0
BRDA:310,32,0,12
BRDA:310,32,1,0
BRDA:314,33,0,22
BRDA:314,33,1,0
BRDA:314,34,0,22
BRDA:314,34,1,0
BRDA:314,35,0,22
BRDA:314,35,1,0
BRDA:317,36,0,0
BRDA:317,36,1,0
BRDA:317,37,0,0
BRDA:317,37,1,0
BRDA:320,38,0,0
BRDA:320,38,1,0
BRDA:354,39,0,0
BRDA:354,39,1,41
BRDA:385,40,0,0
BRDA:395,41,0,0
BRDA:395,41,1,0
BRDA:409,42,0,0
BRDA:409,42,1,0
BRDA:418,43,0,0
BRDA:418,43,1,0
BRDA:422,44,0,0
BRDA:422,44,1,0
BRDA:426,45,0,0
BRDA:426,45,1,0
BRDA:430,46,0,0
BRDA:430,46,1,0
BRDA:430,47,0,0
BRDA:430,47,1,0
BRF:97
BRH:40
end_of_record
